#
# There is insufficient memory for the Java Runtime Environment to continue.
# Native memory allocation (malloc) failed to allocate 743216 bytes for Chunk::new
# Possible reasons:
#   The system is out of physical RAM or swap space
#   In 32 bit mode, the process size limit was hit
# Possible solutions:
#   Reduce memory load on the system
#   Increase physical memory or swap space
#   Check if swap backing store is full
#   Use 64 bit Java on a 64 bit OS
#   Decrease Java heap size (-Xmx/-Xms)
#   Decrease number of Java threads
#   Decrease Java thread stack sizes (-Xss)
#   Set larger code cache with -XX:ReservedCodeCacheSize=
# This output file may be truncated or incomplete.
#
#  Out of Memory Error (allocation.cpp:390), pid=2704, tid=0x0000000000001a58
#
# JRE version: Java(TM) SE Runtime Environment (8.0_121-b13) (build 1.8.0_121-b13)
# Java VM: Java HotSpot(TM) 64-Bit Server VM (25.121-b13 mixed mode windows-amd64 compressed oops)
# Failed to write core dump. Minidumps are not enabled by default on client versions of Windows
#

---------------  T H R E A D  ---------------

Current thread (0x0000000013826000):  JavaThread "C2 CompilerThread1" daemon [_thread_in_native, id=6744, stack(0x0000000014f80000,0x0000000015080000)]

Stack: [0x0000000014f80000,0x0000000015080000]
[error occurred during error reporting (printing stack bounds), id 0xc0000005]

Native frames: (J=compiled Java code, j=interpreted, Vv=VM code, C=native code)


Current CompileTask:
C2: 342894 10675   !   4       org.gradle.internal.typeconversion.ErrorHandlingNotationParser::parseNotation (98 bytes)


---------------  P R O C E S S  ---------------

Java Threads: ( => current thread )
  0x0000000018d1c800 JavaThread "Cache worker for execution history cache (E:\myfirstapp\firstproject\android\.gradle\5.5\executionHistory)" [_thread_blocked, id=11448, stack(0x00000000214a0000,0x00000000215a0000)]
  0x0000000018d1f800 JavaThread "Execution worker for ':' Thread 3" [_thread_blocked, id=8496, stack(0x00000000211a0000,0x00000000212a0000)]
  0x0000000018d1b000 JavaThread "Execution worker for ':' Thread 2" [_thread_in_native, id=3408, stack(0x00000000210a0000,0x00000000211a0000)]
  0x0000000018d1d000 JavaThread "Execution worker for ':'" [_thread_in_native, id=11324, stack(0x0000000020fa0000,0x00000000210a0000)]
  0x0000000018d19800 JavaThread "Cache worker for file content cache (E:\myfirstapp\firstproject\android\.gradle\5.5\fileContent)" [_thread_blocked, id=2180, stack(0x0000000020ca0000,0x0000000020da0000)]
  0x0000000018d18000 JavaThread "Cache worker for file content cache (C:\Users\hp\.gradle\caches\5.5\fileContent)" [_thread_blocked, id=4312, stack(0x000000001f370000,0x000000001f470000)]
  0x0000000018d1e000 JavaThread "Memory manager" [_thread_blocked, id=3964, stack(0x000000001f070000,0x000000001f170000)]
  0x0000000018d15000 JavaThread "Cache worker for Build Output Cleanup Cache (E:\myfirstapp\firstproject\android\.gradle\buildOutputCleanup)" [_thread_blocked, id=10564, stack(0x000000001c5d0000,0x000000001c6d0000)]
  0x0000000018d13800 JavaThread "Build operations Thread 4" [_thread_blocked, id=11600, stack(0x000000001bed0000,0x000000001bfd0000)]
  0x0000000018d16800 JavaThread "Build operations Thread 3" [_thread_blocked, id=11348, stack(0x000000001bdd0000,0x000000001bed0000)]
  0x0000000018d15800 JavaThread "Build operations Thread 2" [_thread_blocked, id=6336, stack(0x000000001bcd0000,0x000000001bdd0000)]
  0x0000000018d14000 JavaThread "Build operations" [_thread_blocked, id=5584, stack(0x000000001bbd0000,0x000000001bcd0000)]
  0x0000000015ea1000 JavaThread "Cache worker for execution history cache (C:\Users\hp\.gradle\caches\5.5\executionHistory)" [_thread_blocked, id=3300, stack(0x000000001b8d0000,0x000000001b9d0000)]
  0x0000000015ea4000 JavaThread "Cache worker for cache directory md-rule (C:\Users\hp\.gradle\caches\5.5\md-rule)" [_thread_blocked, id=8720, stack(0x000000001b370000,0x000000001b470000)]
  0x0000000015ea3000 JavaThread "Cache worker for cache directory md-supplier (C:\Users\hp\.gradle\caches\5.5\md-supplier)" [_thread_blocked, id=6776, stack(0x000000001b270000,0x000000001b370000)]
  0x0000000015ea1800 JavaThread "Cache worker for file hash cache (E:\myfirstapp\firstproject\android\.gradle\5.5\fileHashes)" [_thread_blocked, id=6712, stack(0x000000001a770000,0x000000001a870000)]
  0x0000000015ea2800 JavaThread "Cache worker for journal cache (C:\Users\hp\.gradle\caches\journal-1)" [_thread_blocked, id=7600, stack(0x00000000183d0000,0x00000000184d0000)]
  0x0000000015e9e000 JavaThread "File lock request listener" [_thread_in_native, id=11716, stack(0x00000000182d0000,0x00000000183d0000)]
  0x0000000015e9d000 JavaThread "Cache worker for file hash cache (C:\Users\hp\.gradle\caches\5.5\fileHashes)" [_thread_blocked, id=220, stack(0x00000000181d0000,0x00000000182d0000)]
  0x0000000016600000 JavaThread "Thread-9" [_thread_blocked, id=6864, stack(0x00000000180d0000,0x00000000181d0000)]
  0x00000000165fa800 JavaThread "Stdin handler" [_thread_blocked, id=2224, stack(0x0000000017dd0000,0x0000000017ed0000)]
  0x00000000165f9000 JavaThread "Asynchronous log dispatcher for DefaultDaemonConnection: socket connection from /127.0.0.1:59837 to /127.0.0.1:59838" [_thread_blocked, id=1004, stack(0x0000000017cd0000,0x0000000017dd0000)]
  0x00000000165ee800 JavaThread "Daemon worker" [_thread_blocked, id=7996, stack(0x0000000017bd0000,0x0000000017cd0000)]
  0x00000000165ed800 JavaThread "Cancel handler" [_thread_blocked, id=7112, stack(0x0000000017ad0000,0x0000000017bd0000)]
  0x00000000165e8000 JavaThread "Handler for socket connection from /127.0.0.1:59837 to /127.0.0.1:59838" [_thread_in_native, id=6460, stack(0x00000000179d0000,0x0000000017ad0000)]
  0x00000000165e4800 JavaThread "Daemon" [_thread_blocked, id=8740, stack(0x00000000178d0000,0x00000000179d0000)]
  0x000000001655b800 JavaThread "Daemon periodic checks" [_thread_blocked, id=10556, stack(0x00000000177d0000,0x00000000178d0000)]
  0x0000000016558800 JavaThread "Incoming local TCP Connector on port 59837" [_thread_in_native, id=10024, stack(0x0000000017590000,0x0000000017690000)]
  0x0000000016651000 JavaThread "Daemon health stats" [_thread_blocked, id=7404, stack(0x0000000016f50000,0x0000000017050000)]
  0x000000001387e000 JavaThread "Service Thread" daemon [_thread_blocked, id=4884, stack(0x0000000015580000,0x0000000015680000)]
  0x000000001382d000 JavaThread "C1 CompilerThread2" daemon [_thread_blocked, id=12064, stack(0x0000000015080000,0x0000000015180000)]
=>0x0000000013826000 JavaThread "C2 CompilerThread1" daemon [_thread_in_native, id=6744, stack(0x0000000014f80000,0x0000000015080000)]
  0x0000000013823000 JavaThread "C2 CompilerThread0" daemon [_thread_in_native, id=4888, stack(0x0000000014e80000,0x0000000014f80000)]
  0x0000000013821000 JavaThread "Attach Listener" daemon [_thread_blocked, id=6024, stack(0x0000000014d80000,0x0000000014e80000)]
  0x000000001381e000 JavaThread "Signal Dispatcher" daemon [_thread_blocked, id=9056, stack(0x0000000014c80000,0x0000000014d80000)]
  0x00000000024ab000 JavaThread "Finalizer" daemon [_thread_blocked, id=11888, stack(0x0000000014a80000,0x0000000014b80000)]
  0x00000000024a0800 JavaThread "Reference Handler" daemon [_thread_blocked, id=2136, stack(0x0000000014980000,0x0000000014a80000)]
  0x00000000023ae000 JavaThread "main" [_thread_blocked, id=8620, stack(0x00000000021e0000,0x00000000022e0000)]

Other Threads:
  0x00000000137e8800 VMThread [stack: 0x0000000014880000,0x0000000014980000] [id=5984]
  0x00000000151b5800 WatcherThread [stack: 0x0000000015680000,0x0000000015780000] [id=11920]

VM state:not at safepoint (normal execution)

VM Mutex/Monitor currently owned by a thread: None

Heap:
 PSYoungGen      total 72192K, used 50740K [0x00000000f5580000, 0x00000000fcc00000, 0x0000000100000000)
  eden space 46592K, 73% used [0x00000000f5580000,0x00000000f76bef58,0x00000000f8300000)
  from space 25600K, 65% used [0x00000000f9e80000,0x00000000faece288,0x00000000fb780000)
  to   space 28160K, 0% used [0x00000000f8300000,0x00000000f8300000,0x00000000f9e80000)
 ParOldGen       total 175104K, used 67309K [0x00000000e0000000, 0x00000000eab00000, 0x00000000f5580000)
  object space 175104K, 38% used [0x00000000e0000000,0x00000000e41bb418,0x00000000eab00000)
 Metaspace       used 66638K, capacity 70524K, committed 70656K, reserved 1110016K
  class space    used 9202K, capacity 10184K, committed 10240K, reserved 1048576K

Card table byte_map: [0x0000000011870000,0x0000000011980000] byte_map_base: 0x0000000011170000

Marking Bits: (ParMarkBitMap*) 0x000000006386b6d0
 Begin Bits: [0x0000000011d80000, 0x0000000012580000)
 End Bits:   [0x0000000012580000, 0x0000000012d80000)

Polling page: 0x0000000002100000

CodeCache: size=245760Kb used=28914Kb max_used=29865Kb free=216845Kb
 bounds [0x00000000024b0000, 0x0000000004200000, 0x00000000114b0000]
 total_blobs=10056 nmethods=9248 adapters=719
 compilation: enabled

Compilation events (10 events):
Event: 342.232 Thread 0x000000001382d000 10707       3       org.gradle.api.internal.artifacts.transform.DefaultTransformationNodeRegistry::getIfExecuted (56 bytes)
Event: 342.233 Thread 0x000000001382d000 nmethod 10707 0x000000000278b150 code [0x000000000278b3e0, 0x000000000278c5d8]
Event: 342.233 Thread 0x000000001382d000 10710       3       org.gradle.api.internal.file.pattern.FixedPatternStep::matches (27 bytes)
Event: 342.234 Thread 0x000000001382d000 nmethod 10710 0x0000000002ef9590 code [0x0000000002ef9700, 0x0000000002ef9a38]
Event: 342.234 Thread 0x000000001382d000 10708       3       org.gradle.execution.plan.Node::isExecuted (16 bytes)
Event: 342.234 Thread 0x000000001382d000 nmethod 10708 0x0000000003c39050 code [0x0000000003c391a0, 0x0000000003c39350]
Event: 342.234 Thread 0x000000001382d000 10711       1       com.google.wireless.android.sdk.stats.GradleBuildProfileSpan$ExecutionType::getNumber (5 bytes)
Event: 342.234 Thread 0x000000001382d000 nmethod 10711 0x0000000003c97e90 code [0x0000000003c97fe0, 0x0000000003c980f0]
Event: 342.235 Thread 0x000000001382d000 10712       3       org.gradle.api.internal.tasks.properties.CompositePropertyVisitor::visitOutputFilePropertiesOnly (40 bytes)
Event: 342.235 Thread 0x000000001382d000 nmethod 10712 0x00000000035e6410 code [0x00000000035e6580, 0x00000000035e68c8]

GC Heap History (10 events):
Event: 314.948 GC heap before
{Heap before GC invocations=19 (full 3):
 PSYoungGen      total 63488K, used 63261K [0x00000000f5580000, 0x00000000fb280000, 0x0000000100000000)
  eden space 51200K, 100% used [0x00000000f5580000,0x00000000f8780000,0x00000000f8780000)
  from space 12288K, 98% used [0x00000000f8880000,0x00000000f9447778,0x00000000f9480000)
  to   space 22016K, 0% used [0x00000000f9d00000,0x00000000f9d00000,0x00000000fb280000)
 ParOldGen       total 175104K, used 40587K [0x00000000e0000000, 0x00000000eab00000, 0x00000000f5580000)
  object space 175104K, 23% used [0x00000000e0000000,0x00000000e27a2cc0,0x00000000eab00000)
 Metaspace       used 62211K, capacity 65466K, committed 65664K, reserved 1105920K
  class space    used 8674K, capacity 9589K, committed 9600K, reserved 1048576K
Event: 314.970 GC heap after
Heap after GC invocations=19 (full 3):
 PSYoungGen      total 72192K, used 17194K [0x00000000f5580000, 0x00000000fb380000, 0x0000000100000000)
  eden space 50176K, 0% used [0x00000000f5580000,0x00000000f5580000,0x00000000f8680000)
  from space 22016K, 78% used [0x00000000f9d00000,0x00000000fadcab38,0x00000000fb280000)
  to   space 23040K, 0% used [0x00000000f8680000,0x00000000f8680000,0x00000000f9d00000)
 ParOldGen       total 175104K, used 40595K [0x00000000e0000000, 0x00000000eab00000, 0x00000000f5580000)
  object space 175104K, 23% used [0x00000000e0000000,0x00000000e27a4cc0,0x00000000eab00000)
 Metaspace       used 62211K, capacity 65466K, committed 65664K, reserved 1105920K
  class space    used 8674K, capacity 9589K, committed 9600K, reserved 1048576K
}
Event: 320.706 GC heap before
{Heap before GC invocations=20 (full 3):
 PSYoungGen      total 72192K, used 67370K [0x00000000f5580000, 0x00000000fb380000, 0x0000000100000000)
  eden space 50176K, 100% used [0x00000000f5580000,0x00000000f8680000,0x00000000f8680000)
  from space 22016K, 78% used [0x00000000f9d00000,0x00000000fadcab38,0x00000000fb280000)
  to   space 23040K, 0% used [0x00000000f8680000,0x00000000f8680000,0x00000000f9d00000)
 ParOldGen       total 175104K, used 40595K [0x00000000e0000000, 0x00000000eab00000, 0x00000000f5580000)
  object space 175104K, 23% used [0x00000000e0000000,0x00000000e27a4cc0,0x00000000eab00000)
 Metaspace       used 63998K, capacity 67520K, committed 67712K, reserved 1107968K
  class space    used 8878K, capacity 9834K, committed 9856K, reserved 1048576K
Event: 320.731 GC heap after
Heap after GC invocations=20 (full 3):
 PSYoungGen      total 72192K, used 22207K [0x00000000f5580000, 0x00000000fb780000, 0x0000000100000000)
  eden space 49152K, 0% used [0x00000000f5580000,0x00000000f5580000,0x00000000f8580000)
  from space 23040K, 96% used [0x00000000f8680000,0x00000000f9c2ff80,0x00000000f9d00000)
  to   space 25600K, 0% used [0x00000000f9e80000,0x00000000f9e80000,0x00000000fb780000)
 ParOldGen       total 175104K, used 40603K [0x00000000e0000000, 0x00000000eab00000, 0x00000000f5580000)
  object space 175104K, 23% used [0x00000000e0000000,0x00000000e27a6cc0,0x00000000eab00000)
 Metaspace       used 63998K, capacity 67520K, committed 67712K, reserved 1107968K
  class space    used 8878K, capacity 9834K, committed 9856K, reserved 1048576K
}
Event: 322.259 GC heap before
{Heap before GC invocations=21 (full 3):
 PSYoungGen      total 72192K, used 71359K [0x00000000f5580000, 0x00000000fb780000, 0x0000000100000000)
  eden space 49152K, 100% used [0x00000000f5580000,0x00000000f8580000,0x00000000f8580000)
  from space 23040K, 96% used [0x00000000f8680000,0x00000000f9c2ff80,0x00000000f9d00000)
  to   space 25600K, 0% used [0x00000000f9e80000,0x00000000f9e80000,0x00000000fb780000)
 ParOldGen       total 175104K, used 40603K [0x00000000e0000000, 0x00000000eab00000, 0x00000000f5580000)
  object space 175104K, 23% used [0x00000000e0000000,0x00000000e27a6cc0,0x00000000eab00000)
 Metaspace       used 64275K, capacity 67794K, committed 68096K, reserved 1107968K
  class space    used 8888K, capacity 9871K, committed 9984K, reserved 1048576K
Event: 322.290 GC heap after
Heap after GC invocations=21 (full 3):
 PSYoungGen      total 73728K, used 20113K [0x00000000f5580000, 0x00000000fc900000, 0x0000000100000000)
  eden space 48128K, 0% used [0x00000000f5580000,0x00000000f5580000,0x00000000f8480000)
  from space 25600K, 78% used [0x00000000f9e80000,0x00000000fb2244c0,0x00000000fb780000)
  to   space 26624K, 0% used [0x00000000f8480000,0x00000000f8480000,0x00000000f9e80000)
 ParOldGen       total 175104K, used 48242K [0x00000000e0000000, 0x00000000eab00000, 0x00000000f5580000)
  object space 175104K, 27% used [0x00000000e0000000,0x00000000e2f1cae8,0x00000000eab00000)
 Metaspace       used 64275K, capacity 67794K, committed 68096K, reserved 1107968K
  class space    used 8888K, capacity 9871K, committed 9984K, reserved 1048576K
}
Event: 323.034 GC heap before
{Heap before GC invocations=22 (full 3):
 PSYoungGen      total 73728K, used 68241K [0x00000000f5580000, 0x00000000fc900000, 0x0000000100000000)
  eden space 48128K, 100% used [0x00000000f5580000,0x00000000f8480000,0x00000000f8480000)
  from space 25600K, 78% used [0x00000000f9e80000,0x00000000fb2244c0,0x00000000fb780000)
  to   space 26624K, 0% used [0x00000000f8480000,0x00000000f8480000,0x00000000f9e80000)
 ParOldGen       total 175104K, used 48242K [0x00000000e0000000, 0x00000000eab00000, 0x00000000f5580000)
  object space 175104K, 27% used [0x00000000e0000000,0x00000000e2f1cae8,0x00000000eab00000)
 Metaspace       used 64876K, capacity 68400K, committed 68608K, reserved 1107968K
  class space    used 8966K, capacity 9950K, committed 9984K, reserved 1048576K
Event: 323.068 GC heap after
Heap after GC invocations=22 (full 3):
 PSYoungGen      total 74752K, used 23584K [0x00000000f5580000, 0x00000000fc900000, 0x0000000100000000)
  eden space 48128K, 0% used [0x00000000f5580000,0x00000000f5580000,0x00000000f8480000)
  from space 26624K, 88% used [0x00000000f8480000,0x00000000f9b88050,0x00000000f9e80000)
  to   space 25600K, 0% used [0x00000000f9e80000,0x00000000f9e80000,0x00000000fb780000)
 ParOldGen       total 175104K, used 57002K [0x00000000e0000000, 0x00000000eab00000, 0x00000000f5580000)
  object space 175104K, 32% used [0x00000000e0000000,0x00000000e37aaba0,0x00000000eab00000)
 Metaspace       used 64876K, capacity 68400K, committed 68608K, reserved 1107968K
  class space    used 8966K, capacity 9950K, committed 9984K, reserved 1048576K
}
Event: 332.818 GC heap before
{Heap before GC invocations=23 (full 3):
 PSYoungGen      total 74752K, used 71712K [0x00000000f5580000, 0x00000000fc900000, 0x0000000100000000)
  eden space 48128K, 100% used [0x00000000f5580000,0x00000000f8480000,0x00000000f8480000)
  from space 26624K, 88% used [0x00000000f8480000,0x00000000f9b88050,0x00000000f9e80000)
  to   space 25600K, 0% used [0x00000000f9e80000,0x00000000f9e80000,0x00000000fb780000)
 ParOldGen       total 175104K, used 57002K [0x00000000e0000000, 0x00000000eab00000, 0x00000000f5580000)
  object space 175104K, 32% used [0x00000000e0000000,0x00000000e37aaba0,0x00000000eab00000)
 Metaspace       used 65953K, capacity 69596K, committed 69760K, reserved 1110016K
  class space    used 9100K, capacity 10072K, committed 10112K, reserved 1048576K
Event: 332.846 GC heap after
Heap after GC invocations=23 (full 3):
 PSYoungGen      total 72192K, used 16696K [0x00000000f5580000, 0x00000000fcc00000, 0x0000000100000000)
  eden space 46592K, 0% used [0x00000000f5580000,0x00000000f5580000,0x00000000f8300000)
  from space 25600K, 65% used [0x00000000f9e80000,0x00000000faece288,0x00000000fb780000)
  to   space 28160K, 0% used [0x00000000f8300000,0x00000000f8300000,0x00000000f9e80000)
 ParOldGen       total 175104K, used 67309K [0x00000000e0000000, 0x00000000eab00000, 0x00000000f5580000)
  object space 175104K, 38% used [0x00000000e0000000,0x00000000e41bb418,0x00000000eab00000)
 Metaspace       used 65953K, capacity 69596K, committed 69760K, reserved 1110016K
  class space    used 9100K, capacity 10072K, committed 10112K, reserved 1048576K
}

Deoptimization events (10 events):
Event: 341.045 Thread 0x0000000018d1f800 Uncommon trap: reason=bimorphic action=maybe_recompile pc=0x0000000003da53b4 method=com.google.common.collect.ImmutableList.hashCode()I @ 23
Event: 341.045 Thread 0x0000000018d1f800 Uncommon trap: reason=unstable_if action=reinterpret pc=0x0000000003e49f14 method=java.lang.Boolean.hashCode(Z)I @ 1
Event: 341.051 Thread 0x0000000018d1f800 Uncommon trap: reason=bimorphic action=maybe_recompile pc=0x0000000003da53b4 method=com.google.common.collect.ImmutableList.hashCode()I @ 23
Event: 341.053 Thread 0x0000000018d1f800 Uncommon trap: reason=bimorphic action=maybe_recompile pc=0x0000000003da53b4 method=com.google.common.collect.ImmutableList.hashCode()I @ 23
Event: 341.101 Thread 0x0000000018d1f800 Uncommon trap: reason=unstable_if action=reinterpret pc=0x0000000002878f30 method=java.lang.String.regionMatches(ZILjava/lang/String;II)Z @ 123
Event: 341.172 Thread 0x0000000018d1f800 Uncommon trap: reason=bimorphic action=maybe_recompile pc=0x0000000003da53b4 method=com.google.common.collect.ImmutableList.hashCode()I @ 23
Event: 341.282 Thread 0x0000000018d1d000 Uncommon trap: reason=unstable_if action=reinterpret pc=0x00000000026ec4c0 method=org.gradle.internal.service.DefaultServiceRegistry$ManagedObjectServiceProvider.getInstance()Ljava/lang/Object; @ 19
Event: 341.282 Thread 0x0000000018d1b000 Uncommon trap: reason=unstable_if action=reinterpret pc=0x00000000026ec4c0 method=org.gradle.internal.service.DefaultServiceRegistry$ManagedObjectServiceProvider.getInstance()Ljava/lang/Object; @ 19
Event: 342.032 Thread 0x0000000018d1f800 Uncommon trap: reason=class_check action=maybe_recompile pc=0x0000000003fb5458 method=org.gradle.internal.component.model.ComponentAttributeMatcher.match(Lorg/gradle/internal/component/model/AttributeSelectionSchema;Ljava/util/Collection;Lorg/gradle/api/i
Event: 342.209 Thread 0x0000000018d1f800 Uncommon trap: reason=class_check action=maybe_recompile pc=0x0000000003fb5458 method=org.gradle.internal.component.model.ComponentAttributeMatcher.match(Lorg/gradle/internal/component/model/AttributeSelectionSchema;Ljava/util/Collection;Lorg/gradle/api/i

Internal exceptions (10 events):
Event: 313.790 Thread 0x00000000165ee800 Exception <a 'java/lang/ClassNotFoundException': build_bu4wp906cm127ajbi6ccd46l4$_run_closure4Customizer> (0x00000000f75858a0) thrown at [C:\re\workspace\8-2-build-windows-amd64-cygwin\jdk8u121\8372\hotspot\src\share\vm\classfile\systemDictionary.cpp, lin
Event: 314.463 Thread 0x00000000165ee800 Exception <a 'java/lang/ClassNotFoundException': build_6ke17ce55anp4kv3ncp66ff2oBeanInfo> (0x00000000f77338c8) thrown at [C:\re\workspace\8-2-build-windows-amd64-cygwin\jdk8u121\8372\hotspot\src\share\vm\classfile\systemDictionary.cpp, line 210]
Event: 314.464 Thread 0x00000000165ee800 Exception <a 'java/lang/ClassNotFoundException': build_6ke17ce55anp4kv3ncp66ff2oCustomizer> (0x00000000f773fcd8) thrown at [C:\re\workspace\8-2-build-windows-amd64-cygwin\jdk8u121\8372\hotspot\src\share\vm\classfile\systemDictionary.cpp, line 210]
Event: 314.538 Thread 0x00000000165ee800 Exception <a 'java/lang/ClassNotFoundException': org/gradle/util/GradleVersionBeanInfo> (0x00000000f78957e0) thrown at [C:\re\workspace\8-2-build-windows-amd64-cygwin\jdk8u121\8372\hotspot\src\share\vm\classfile\systemDictionary.cpp, line 210]
Event: 314.538 Thread 0x00000000165ee800 Exception <a 'java/lang/ClassNotFoundException': org/gradle/util/GradleVersionCustomizer> (0x00000000f78c1470) thrown at [C:\re\workspace\8-2-build-windows-amd64-cygwin\jdk8u121\8372\hotspot\src\share\vm\classfile\systemDictionary.cpp, line 210]
Event: 315.320 Thread 0x00000000165ee800 Implicit null exception at 0x0000000002f30ae5 to 0x0000000002f31035
Event: 315.537 Thread 0x00000000165ee800 Implicit null exception at 0x00000000026cd596 to 0x00000000026cd939
Event: 316.050 Thread 0x00000000165ee800 Implicit null exception at 0x0000000002e62def to 0x0000000002e62e8d
Event: 332.954 Thread 0x0000000018d1b000 Implicit null exception at 0x0000000002f5cd80 to 0x0000000002f5d3f1
Event: 338.595 Thread 0x0000000018d1d000 Implicit null exception at 0x00000000041e780f to 0x00000000041e789d

Events (10 events):
Event: 342.179 Executing VM operation: RevokeBias done
Event: 342.209 Thread 0x0000000018d1f800 Uncommon trap: trap_request=0xffffffde fr.pc=0x0000000003fb5458
Event: 342.209 Thread 0x0000000018d1f800 DEOPT PACKING pc=0x0000000003fb5458 sp=0x000000002129ce50
Event: 342.209 Thread 0x0000000018d1f800 DEOPT UNPACKING pc=0x00000000024f582a sp=0x000000002129ce40 mode 2
Event: 342.219 Executing VM operation: RevokeBias
Event: 342.219 Executing VM operation: RevokeBias done
Event: 342.228 Executing VM operation: RevokeBias
Event: 342.229 Executing VM operation: RevokeBias done
Event: 342.295 Executing VM operation: RevokeBias
Event: 342.295 Executing VM operation: RevokeBias done


Dynamic libraries:
0x00007ff7ea730000 - 0x00007ff7ea767000 	C:\Program Files\Java\jdk1.8.0_121\bin\java.exe
0x00007ffac13c0000 - 0x00007ffac15ad000 	C:\WINDOWS\SYSTEM32\ntdll.dll
0x00007ffabe860000 - 0x00007ffabe913000 	C:\WINDOWS\System32\KERNEL32.DLL
0x00007ffabe0b0000 - 0x00007ffabe343000 	C:\WINDOWS\System32\KERNELBASE.dll
0x00007ffac1220000 - 0x00007ffac12c3000 	C:\WINDOWS\System32\ADVAPI32.dll
0x00007ffac08c0000 - 0x00007ffac095e000 	C:\WINDOWS\System32\msvcrt.dll
0x00007ffac1040000 - 0x00007ffac10de000 	C:\WINDOWS\System32\sechost.dll
0x00007ffac10e0000 - 0x00007ffac1202000 	C:\WINDOWS\System32\RPCRT4.dll
0x00007ffac0e30000 - 0x00007ffac0fc7000 	C:\WINDOWS\System32\USER32.dll
0x00007ffabe570000 - 0x00007ffabe590000 	C:\WINDOWS\System32\win32u.dll
0x00007ffabe690000 - 0x00007ffabe6b9000 	C:\WINDOWS\System32\GDI32.dll
0x00007ffabdde0000 - 0x00007ffabdf79000 	C:\WINDOWS\System32\gdi32full.dll
0x00007ffabe4d0000 - 0x00007ffabe570000 	C:\WINDOWS\System32\msvcp_win.dll
0x00007ffabe350000 - 0x00007ffabe44a000 	C:\WINDOWS\System32\ucrtbase.dll
0x00007ffaaf360000 - 0x00007ffaaf5d9000 	C:\WINDOWS\WinSxS\amd64_microsoft.windows.common-controls_6595b64144ccf1df_6.0.17763.1098_none_de762ed45346ee8a\COMCTL32.dll
0x00007ffac0590000 - 0x00007ffac08bc000 	C:\WINDOWS\System32\combase.dll
0x00007ffabdf80000 - 0x00007ffabdffe000 	C:\WINDOWS\System32\bcryptPrimitives.dll
0x00007ffabee40000 - 0x00007ffabee6e000 	C:\WINDOWS\System32\IMM32.DLL
0x00000000638f0000 - 0x00000000639c2000 	C:\Program Files\Java\jdk1.8.0_121\jre\bin\msvcr100.dll
0x0000000063050000 - 0x00000000638eb000 	C:\Program Files\Java\jdk1.8.0_121\jre\bin\server\jvm.dll
0x00007ffac1030000 - 0x00007ffac1038000 	C:\WINDOWS\System32\PSAPI.DLL
0x00007ffaba990000 - 0x00007ffaba9b4000 	C:\WINDOWS\SYSTEM32\WINMM.dll
0x00007ffab4630000 - 0x00007ffab463a000 	C:\WINDOWS\SYSTEM32\VERSION.dll
0x00007ffabbf20000 - 0x00007ffabbf29000 	C:\WINDOWS\SYSTEM32\WSOCK32.dll
0x00007ffabe6c0000 - 0x00007ffabe72d000 	C:\WINDOWS\System32\WS2_32.dll
0x00007ffaba960000 - 0x00007ffaba98d000 	C:\WINDOWS\SYSTEM32\WINMMBASE.dll
0x00007ffabe590000 - 0x00007ffabe5da000 	C:\WINDOWS\System32\cfgmgr32.dll
0x0000000063040000 - 0x000000006304f000 	C:\Program Files\Java\jdk1.8.0_121\jre\bin\verify.dll
0x0000000063010000 - 0x0000000063039000 	C:\Program Files\Java\jdk1.8.0_121\jre\bin\java.dll
0x0000000062ff0000 - 0x0000000063006000 	C:\Program Files\Java\jdk1.8.0_121\jre\bin\zip.dll
0x00007ffabee70000 - 0x00007ffac0364000 	C:\WINDOWS\System32\SHELL32.dll
0x00007ffac0370000 - 0x00007ffac0418000 	C:\WINDOWS\System32\shcore.dll
0x00007ffabd4b0000 - 0x00007ffabdbfd000 	C:\WINDOWS\System32\windows.storage.dll
0x00007ffabd450000 - 0x00007ffabd474000 	C:\WINDOWS\System32\profapi.dll
0x00007ffabd3b0000 - 0x00007ffabd40d000 	C:\WINDOWS\System32\powrprof.dll
0x00007ffac0fd0000 - 0x00007ffac1022000 	C:\WINDOWS\System32\shlwapi.dll
0x00007ffabd410000 - 0x00007ffabd421000 	C:\WINDOWS\System32\kernel.appcore.dll
0x00007ffabe450000 - 0x00007ffabe467000 	C:\WINDOWS\System32\cryptsp.dll
0x0000000062fd0000 - 0x0000000062fea000 	C:\Program Files\Java\jdk1.8.0_121\jre\bin\net.dll
0x00007ffabcc20000 - 0x00007ffabcc87000 	C:\WINDOWS\system32\mswsock.dll
0x0000000062fb0000 - 0x0000000062fc1000 	C:\Program Files\Java\jdk1.8.0_121\jre\bin\nio.dll
0x00007ffab0f30000 - 0x00007ffab0f56000 	C:\Users\hp\.gradle\native\29\windows-amd64\native-platform.dll
0x0000000062fa0000 - 0x0000000062fad000 	C:\Program Files\Java\jdk1.8.0_121\jre\bin\management.dll
0x00007ffabc7a0000 - 0x00007ffabc7d3000 	C:\WINDOWS\system32\rsaenh.dll
0x00007ffabd480000 - 0x00007ffabd4a6000 	C:\WINDOWS\System32\bcrypt.dll
0x00007ffabd2b0000 - 0x00007ffabd2d8000 	C:\WINDOWS\SYSTEM32\USERENV.dll
0x00007ffabcdf0000 - 0x00007ffabcdfc000 	C:\WINDOWS\SYSTEM32\CRYPTBASE.dll
0x00007ffabc940000 - 0x00007ffabc97d000 	C:\WINDOWS\SYSTEM32\IPHLPAPI.DLL
0x00007ffac1210000 - 0x00007ffac1218000 	C:\WINDOWS\System32\NSI.dll
0x00007ffab1410000 - 0x00007ffab1426000 	C:\WINDOWS\SYSTEM32\dhcpcsvc6.DLL
0x00007ffab1520000 - 0x00007ffab153c000 	C:\WINDOWS\SYSTEM32\dhcpcsvc.DLL
0x00007ffabc980000 - 0x00007ffabca46000 	C:\WINDOWS\SYSTEM32\DNSAPI.dll

VM Arguments:
jvm_args: -XX:MaxMetaspaceSize=256m -XX:+HeapDumpOnOutOfMemoryError -Xms256m -Xmx512m -Dfile.encoding=windows-1252 -Duser.country=US -Duser.language=en -Duser.variant 
java_command: org.gradle.launcher.daemon.bootstrap.GradleDaemon 5.5
java_class_path (initial): C:\Users\hp\.gradle\wrapper\dists\gradle-5.5-all\byeise1led9a3w3p149d02kfj\gradle-5.5\lib\gradle-launcher-5.5.jar
Launcher Type: SUN_STANDARD

Environment Variables:
CLASSPATH=E:\myfirstapp\firstproject\android\\gradle\wrapper\gradle-wrapper.jar
PATH=E:\myfirstapp\firstproject\node_modules\.bin;C:\Program Files\Python37\Scripts\;C:\Program Files\Python37\;C:\Program Files\Java\jdk1.8.0_121\bin;C:\WINDOWS\system32;C:\WINDOWS;C:\WINDOWS\System32\Wbem;C:\WINDOWS\System32\WindowsPowerShell\v1.0\;C:\Program Files\gnuplot\bin;E:\matlab\runtime\win64;E:\matlab\bin;C:\WINDOWS\System32\OpenSSH\;C:\Program Files (x86)\Microsoft SQL Server\Client SDK\ODBC\130\Tools\Binn\;C:\Program Files (x86)\Microsoft SQL Server\140\Tools\Binn\;C:\Program Files (x86)\Microsoft SQL Server\140\DTS\Binn\;C:\Program Files (x86)\Microsoft SQL Server\140\Tools\Binn\ManagementStudio\;C:\Program Files\Microsoft SQL Server\120\Tools\Binn\;C:\Program Files\Microsoft SQL Server\Client SDK\ODBC\110\Tools\Binn\;C:\Program Files (x86)\Microsoft SQL Server\120\Tools\Binn\;C:\Program Files\Microsoft SQL Server\120\DTS\Binn\;C:\Program Files\Microsoft SQL Server\Client SDK\ODBC\130\Tools\Binn\;C:\Program Files\Microsoft SQL Server\140\Tools\Binn\;C:\Program Files\Microsoft SQL Server\140\DTS\Binn\;C:\Program Files\Microsoft SQL Server\130\Tools\Binn\;C:\Users\hp\AppDa;E:\opencv\build\x64\vc15\bin;E:\opencv\build\x64\vc15\bin;E:\opencv\build\bin;C:\Program Files\nodejs\;E:\Android\Sdk\platform-tools;E:\anaconda;E:\anaconda\Library\mingw-w64\bin;E:\anaconda\Library\usr\bin;E:\anaconda\Library\bin;E:\anaconda\Scripts;C:\Users\hp\AppData\Local\Programs\Python\Python37-32\Scripts\;C:\Users\hp\AppData\Local\Programs\Python\Python37-32\;C:\Program Files\Java\jdk1.8.0_121\bin;C:\Users\hp\AppData\Local\Microsoft\WindowsApps;C:\Program Files\JetBrains\PyCharm Edu 2019.2.1\bin;;C:\Users\hp\AppData\Roaming\npm;E:\Android\Sdk\platform-tools;
USERNAME=hp
OS=Windows_NT
PROCESSOR_IDENTIFIER=Intel64 Family 6 Model 142 Stepping 9, GenuineIntel



---------------  S Y S T E M  ---------------

OS: Windows 10.0 , 64 bit Build 17763 (10.0.17763.475)

CPU:total 4 (2 cores per cpu, 2 threads per core) family 6 model 142 stepping 9, cmov, cx8, fxsr, mmx, sse, sse2, sse3, ssse3, sse4.1, sse4.2, popcnt, avx, avx2, aes, clmul, erms, 3dnowpref, lzcnt, ht, tsc, tscinvbit, bmi1, bmi2, adx

Memory: 4k page, physical 4109540k(360520k free), swap 6621484k(620k free)

vm_info: Java HotSpot(TM) 64-Bit Server VM (25.121-b13) for windows-amd64 JRE (1.8.0_121-b13), built on Dec 12 2016 18:21:36 by "java_re" with MS VC++ 10.0 (VS2010)

time: Wed Mar 18 23:04:03 2020
elapsed time: 343 seconds (0d 0h 5m 43s)

