#
# There is insufficient memory for the Java Runtime Environment to continue.
# Native memory allocation (malloc) failed to allocate 32744 bytes for ChunkPool::allocate
# Possible reasons:
#   The system is out of physical RAM or swap space
#   In 32 bit mode, the process size limit was hit
# Possible solutions:
#   Reduce memory load on the system
#   Increase physical memory or swap space
#   Check if swap backing store is full
#   Use 64 bit Java on a 64 bit OS
#   Decrease Java heap size (-Xmx/-Xms)
#   Decrease number of Java threads
#   Decrease Java thread stack sizes (-Xss)
#   Set larger code cache with -XX:ReservedCodeCacheSize=
# This output file may be truncated or incomplete.
#
#  Out of Memory Error (allocation.cpp:273), pid=4880, tid=0x00000000000028cc
#
# JRE version: Java(TM) SE Runtime Environment (8.0_121-b13) (build 1.8.0_121-b13)
# Java VM: Java HotSpot(TM) 64-Bit Server VM (25.121-b13 mixed mode windows-amd64 compressed oops)
# Failed to write core dump. Minidumps are not enabled by default on client versions of Windows
#

---------------  T H R E A D  ---------------

Current thread (0x0000000013046000):  JavaThread "C2 CompilerThread1" daemon [_thread_in_native, id=10444, stack(0x0000000014790000,0x0000000014890000)]

Stack: [0x0000000014790000,0x0000000014890000]
[error occurred during error reporting (printing stack bounds), id 0xc0000005]

Native frames: (J=compiled Java code, j=interpreted, Vv=VM code, C=native code)


Current CompileTask:
C2: 349050 1433       4       org.gradle.internal.logging.console.BuildStatusRenderer::onOutput (350 bytes)


---------------  P R O C E S S  ---------------

Java Threads: ( => current thread )
  0x0000000014a5e800 JavaThread "Forward input" [_thread_blocked, id=4028, stack(0x00000000172a0000,0x00000000173a0000)]
  0x0000000014a5d800 JavaThread "DisconnectableInputStream source reader" daemon [_thread_in_native, id=6840, stack(0x00000000171a0000,0x00000000172a0000)]
  0x0000000015677000 JavaThread "pool-1-thread-1" [_thread_blocked, id=9776, stack(0x0000000016aa0000,0x0000000016ba0000)]
  0x00000000149c3000 JavaThread "Service Thread" daemon [_thread_blocked, id=2324, stack(0x0000000014d90000,0x0000000014e90000)]
  0x0000000013049800 JavaThread "C1 CompilerThread2" daemon [_thread_blocked, id=1780, stack(0x0000000014890000,0x0000000014990000)]
=>0x0000000013046000 JavaThread "C2 CompilerThread1" daemon [_thread_in_native, id=10444, stack(0x0000000014790000,0x0000000014890000)]
  0x0000000013043000 JavaThread "C2 CompilerThread0" daemon [_thread_blocked, id=9632, stack(0x0000000014690000,0x0000000014790000)]
  0x000000001303f000 JavaThread "Attach Listener" daemon [_thread_blocked, id=7380, stack(0x0000000014590000,0x0000000014690000)]
  0x000000001303e000 JavaThread "Signal Dispatcher" daemon [_thread_blocked, id=1480, stack(0x0000000014490000,0x0000000014590000)]
  0x000000001302a000 JavaThread "Finalizer" daemon [_thread_blocked, id=8236, stack(0x0000000014290000,0x0000000014390000)]
  0x0000000002cd4000 JavaThread "Reference Handler" daemon [_thread_blocked, id=6632, stack(0x0000000014190000,0x0000000014290000)]
  0x0000000002bde800 JavaThread "main" [_thread_in_native, id=812, stack(0x0000000002ab0000,0x0000000002bb0000)]

Other Threads:
  0x0000000013008000 VMThread [stack: 0x0000000014090000,0x0000000014190000] [id=9560]
  0x00000000149df000 WatcherThread [stack: 0x0000000014e90000,0x0000000014f90000] [id=6544]

VM state:not at safepoint (normal execution)

VM Mutex/Monitor currently owned by a thread: None

Heap:
 PSYoungGen      total 18944K, used 6874K [0x00000000feb00000, 0x0000000100000000, 0x0000000100000000)
  eden space 16384K, 26% used [0x00000000feb00000,0x00000000fef3aa50,0x00000000ffb00000)
  from space 2560K, 99% used [0x00000000ffb00000,0x00000000ffd7c030,0x00000000ffd80000)
  to   space 2560K, 0% used [0x00000000ffd80000,0x00000000ffd80000,0x0000000100000000)
 ParOldGen       total 44032K, used 2909K [0x00000000fc000000, 0x00000000feb00000, 0x00000000feb00000)
  object space 44032K, 6% used [0x00000000fc000000,0x00000000fc2d74c8,0x00000000feb00000)
 Metaspace       used 12111K, capacity 12382K, committed 12672K, reserved 1060864K
  class space    used 1562K, capacity 1659K, committed 1664K, reserved 1048576K

Card table byte_map: [0x0000000001200000,0x0000000001230000] byte_map_base: 0x0000000000a20000

Marking Bits: (ParMarkBitMap*) 0x000000006386b6d0
 Begin Bits: [0x00000000124a0000, 0x00000000125a0000)
 End Bits:   [0x00000000125a0000, 0x00000000126a0000)

Polling page: 0x0000000000dd0000

CodeCache: size=245760Kb used=4308Kb max_used=4463Kb free=241451Kb
 bounds [0x0000000002ce0000, 0x0000000003140000, 0x0000000011ce0000]
 total_blobs=1719 nmethods=1341 adapters=291
 compilation: enabled

Compilation events (10 events):
Event: 347.074 Thread 0x0000000013046000 nmethod 1428 0x0000000002e3f890 code [0x0000000002e3fa20, 0x0000000002e3fff8]
Event: 347.543 Thread 0x0000000013043000 1429   !   4       org.gradle.internal.logging.console.ThrottlingOutputEventListener::onOutput (77 bytes)
Event: 347.565 Thread 0x0000000013043000 nmethod 1429 0x0000000002e67550 code [0x0000000002e67720, 0x0000000002e684b8]
Event: 347.568 Thread 0x0000000013046000 1430       4       com.google.common.base.Predicates$InstanceOfPredicate::apply (9 bytes)
Event: 347.674 Thread 0x0000000013046000 nmethod 1430 0x0000000002dfab50 code [0x0000000002dfac80, 0x0000000002dfad78]
Event: 347.867 Thread 0x0000000013049800 1431       3       java.util.ArrayDeque$DeqIterator::next (89 bytes)
Event: 347.868 Thread 0x0000000013049800 nmethod 1431 0x0000000002edbcd0 code [0x0000000002edbe60, 0x0000000002edc1d8]
Event: 348.433 Thread 0x0000000013049800 1432       1       java.nio.DirectByteBuffer::address (5 bytes)
Event: 348.433 Thread 0x0000000013049800 nmethod 1432 0x0000000002e17090 code [0x0000000002e171e0, 0x0000000002e172f0]
Event: 348.667 Thread 0x0000000013046000 1433       4       org.gradle.internal.logging.console.BuildStatusRenderer::onOutput (350 bytes)

GC Heap History (6 events):
Event: 1.429 GC heap before
{Heap before GC invocations=1 (full 0):
 PSYoungGen      total 18944K, used 16384K [0x00000000feb00000, 0x0000000100000000, 0x0000000100000000)
  eden space 16384K, 100% used [0x00000000feb00000,0x00000000ffb00000,0x00000000ffb00000)
  from space 2560K, 0% used [0x00000000ffd80000,0x00000000ffd80000,0x0000000100000000)
  to   space 2560K, 0% used [0x00000000ffb00000,0x00000000ffb00000,0x00000000ffd80000)
 ParOldGen       total 44032K, used 0K [0x00000000fc000000, 0x00000000feb00000, 0x00000000feb00000)
  object space 44032K, 0% used [0x00000000fc000000,0x00000000fc000000,0x00000000feb00000)
 Metaspace       used 5753K, capacity 5968K, committed 6272K, reserved 1056768K
  class space    used 732K, capacity 800K, committed 896K, reserved 1048576K
Event: 1.433 GC heap after
Heap after GC invocations=1 (full 0):
 PSYoungGen      total 18944K, used 2548K [0x00000000feb00000, 0x0000000100000000, 0x0000000100000000)
  eden space 16384K, 0% used [0x00000000feb00000,0x00000000feb00000,0x00000000ffb00000)
  from space 2560K, 99% used [0x00000000ffb00000,0x00000000ffd7d028,0x00000000ffd80000)
  to   space 2560K, 0% used [0x00000000ffd80000,0x00000000ffd80000,0x0000000100000000)
 ParOldGen       total 44032K, used 111K [0x00000000fc000000, 0x00000000feb00000, 0x00000000feb00000)
  object space 44032K, 0% used [0x00000000fc000000,0x00000000fc01bd10,0x00000000feb00000)
 Metaspace       used 5753K, capacity 5968K, committed 6272K, reserved 1056768K
  class space    used 732K, capacity 800K, committed 896K, reserved 1048576K
}
Event: 3.196 GC heap before
{Heap before GC invocations=2 (full 0):
 PSYoungGen      total 18944K, used 18932K [0x00000000feb00000, 0x0000000100000000, 0x0000000100000000)
  eden space 16384K, 100% used [0x00000000feb00000,0x00000000ffb00000,0x00000000ffb00000)
  from space 2560K, 99% used [0x00000000ffb00000,0x00000000ffd7d028,0x00000000ffd80000)
  to   space 2560K, 0% used [0x00000000ffd80000,0x00000000ffd80000,0x0000000100000000)
 ParOldGen       total 44032K, used 111K [0x00000000fc000000, 0x00000000feb00000, 0x00000000feb00000)
  object space 44032K, 0% used [0x00000000fc000000,0x00000000fc01bd10,0x00000000feb00000)
 Metaspace       used 8971K, capacity 9244K, committed 9600K, reserved 1056768K
  class space    used 1209K, capacity 1292K, committed 1408K, reserved 1048576K
Event: 3.215 GC heap after
Heap after GC invocations=2 (full 0):
 PSYoungGen      total 18944K, used 2529K [0x00000000feb00000, 0x0000000100000000, 0x0000000100000000)
  eden space 16384K, 0% used [0x00000000feb00000,0x00000000feb00000,0x00000000ffb00000)
  from space 2560K, 98% used [0x00000000ffd80000,0x00000000ffff85a0,0x0000000100000000)
  to   space 2560K, 0% used [0x00000000ffb00000,0x00000000ffb00000,0x00000000ffd80000)
 ParOldGen       total 44032K, used 1329K [0x00000000fc000000, 0x00000000feb00000, 0x00000000feb00000)
  object space 44032K, 3% used [0x00000000fc000000,0x00000000fc14c690,0x00000000feb00000)
 Metaspace       used 8971K, capacity 9244K, committed 9600K, reserved 1056768K
  class space    used 1209K, capacity 1292K, committed 1408K, reserved 1048576K
}
Event: 279.467 GC heap before
{Heap before GC invocations=3 (full 0):
 PSYoungGen      total 18944K, used 18913K [0x00000000feb00000, 0x0000000100000000, 0x0000000100000000)
  eden space 16384K, 100% used [0x00000000feb00000,0x00000000ffb00000,0x00000000ffb00000)
  from space 2560K, 98% used [0x00000000ffd80000,0x00000000ffff85a0,0x0000000100000000)
  to   space 2560K, 0% used [0x00000000ffb00000,0x00000000ffb00000,0x00000000ffd80000)
 ParOldGen       total 44032K, used 1329K [0x00000000fc000000, 0x00000000feb00000, 0x00000000feb00000)
  object space 44032K, 3% used [0x00000000fc000000,0x00000000fc14c690,0x00000000feb00000)
 Metaspace       used 11855K, capacity 12184K, committed 12416K, reserved 1060864K
  class space    used 1544K, capacity 1656K, committed 1664K, reserved 1048576K
Event: 279.516 GC heap after
Heap after GC invocations=3 (full 0):
 PSYoungGen      total 18944K, used 2544K [0x00000000feb00000, 0x0000000100000000, 0x0000000100000000)
  eden space 16384K, 0% used [0x00000000feb00000,0x00000000feb00000,0x00000000ffb00000)
  from space 2560K, 99% used [0x00000000ffb00000,0x00000000ffd7c030,0x00000000ffd80000)
  to   space 2560K, 0% used [0x00000000ffd80000,0x00000000ffd80000,0x0000000100000000)
 ParOldGen       total 44032K, used 2909K [0x00000000fc000000, 0x00000000feb00000, 0x00000000feb00000)
  object space 44032K, 6% used [0x00000000fc000000,0x00000000fc2d74c8,0x00000000feb00000)
 Metaspace       used 11855K, capacity 12184K, committed 12416K, reserved 1060864K
  class space    used 1544K, capacity 1656K, committed 1664K, reserved 1048576K
}

Deoptimization events (10 events):
Event: 4.888 Thread 0x0000000015708800 Uncommon trap: reason=bimorphic action=maybe_recompile pc=0x0000000002f63fcc method=java.util.HashMap.putVal(ILjava/lang/Object;Ljava/lang/Object;ZZ)Ljava/lang/Object; @ 203
Event: 4.888 Thread 0x0000000015708800 Uncommon trap: reason=bimorphic action=maybe_recompile pc=0x0000000002f63fcc method=java.util.HashMap.putVal(ILjava/lang/Object;Ljava/lang/Object;ZZ)Ljava/lang/Object; @ 203
Event: 177.868 Thread 0x0000000015677000 Uncommon trap: reason=unstable_if action=reinterpret pc=0x00000000030a05c4 method=java.io.BufferedOutputStream.write(I)V @ 9
Event: 195.167 Thread 0x0000000015677000 Uncommon trap: reason=unstable_if action=reinterpret pc=0x000000000309faa8 method=java.io.BufferedOutputStream.write(I)V @ 9
Event: 310.531 Thread 0x0000000015677000 Uncommon trap: reason=unstable_if action=reinterpret pc=0x00000000030b1090 method=org.gradle.internal.logging.console.DefaultRedrawableLabel.redraw(Lorg/gradle/internal/logging/console/AnsiContext;)V @ 95
Event: 310.532 Thread 0x0000000015677000 Uncommon trap: reason=unstable_if action=reinterpret pc=0x00000000030bd9f4 method=java.io.PrintStream.write(I)V @ 19
Event: 329.967 Thread 0x0000000015677000 Uncommon trap: reason=class_check action=maybe_recompile pc=0x00000000030d1dd0 method=java.util.AbstractList.equals(Ljava/lang/Object;)Z @ 94
Event: 330.067 Thread 0x0000000015677000 Uncommon trap: reason=class_check action=maybe_recompile pc=0x00000000030d1dd0 method=java.util.AbstractList.equals(Ljava/lang/Object;)Z @ 94
Event: 330.168 Thread 0x0000000015677000 Uncommon trap: reason=class_check action=maybe_recompile pc=0x00000000030d1dd0 method=java.util.AbstractList.equals(Ljava/lang/Object;)Z @ 94
Event: 330.268 Thread 0x0000000015677000 Uncommon trap: reason=class_check action=maybe_recompile pc=0x00000000030d1dd0 method=java.util.AbstractList.equals(Ljava/lang/Object;)Z @ 94

Internal exceptions (10 events):
Event: 2.743 Thread 0x0000000002bde800 Implicit null exception at 0x0000000002ee38d5 to 0x0000000002ee3ae5
Event: 2.798 Thread 0x0000000002bde800 Exception <a 'java/lang/ArrayIndexOutOfBoundsException'> (0x00000000ff6400e0) thrown at [C:\re\workspace\8-2-build-windows-amd64-cygwin\jdk8u121\8372\hotspot\src\share\vm\runtime\sharedRuntime.cpp, line 605]
Event: 2.813 Thread 0x0000000002bde800 Exception <a 'java/lang/ArrayIndexOutOfBoundsException'> (0x00000000ff6446b8) thrown at [C:\re\workspace\8-2-build-windows-amd64-cygwin\jdk8u121\8372\hotspot\src\share\vm\runtime\sharedRuntime.cpp, line 605]
Event: 2.862 Thread 0x0000000002bde800 Exception <a 'java/lang/ArrayIndexOutOfBoundsException'> (0x00000000ff6bcb98) thrown at [C:\re\workspace\8-2-build-windows-amd64-cygwin\jdk8u121\8372\hotspot\src\share\vm\runtime\sharedRuntime.cpp, line 605]
Event: 2.877 Thread 0x0000000002bde800 Exception <a 'java/lang/ArrayIndexOutOfBoundsException'> (0x00000000ff6bdf60) thrown at [C:\re\workspace\8-2-build-windows-amd64-cygwin\jdk8u121\8372\hotspot\src\share\vm\runtime\sharedRuntime.cpp, line 605]
Event: 2.877 Thread 0x0000000002bde800 Exception <a 'java/lang/ArrayIndexOutOfBoundsException'> (0x00000000ff6bf638) thrown at [C:\re\workspace\8-2-build-windows-amd64-cygwin\jdk8u121\8372\hotspot\src\share\vm\runtime\sharedRuntime.cpp, line 605]
Event: 2.877 Thread 0x0000000002bde800 Exception <a 'java/lang/ArrayIndexOutOfBoundsException'> (0x00000000ff6c0718) thrown at [C:\re\workspace\8-2-build-windows-amd64-cygwin\jdk8u121\8372\hotspot\src\share\vm\runtime\sharedRuntime.cpp, line 605]
Event: 2.877 Thread 0x0000000002bde800 Exception <a 'java/lang/ArrayIndexOutOfBoundsException'> (0x00000000ff6c3dc8) thrown at [C:\re\workspace\8-2-build-windows-amd64-cygwin\jdk8u121\8372\hotspot\src\share\vm\runtime\sharedRuntime.cpp, line 605]
Event: 3.040 Thread 0x0000000002bde800 Exception <a 'java/lang/NoSuchFieldError': method resolution failed> (0x00000000ff8a0c10) thrown at [C:\re\workspace\8-2-build-windows-amd64-cygwin\jdk8u121\8372\hotspot\src\share\vm\prims\methodHandles.cpp, line 1146]
Event: 3.042 Thread 0x0000000002bde800 Exception <a 'java/lang/NoSuchFieldError': method resolution failed> (0x00000000ff8ae6d0) thrown at [C:\re\workspace\8-2-build-windows-amd64-cygwin\jdk8u121\8372\hotspot\src\share\vm\prims\methodHandles.cpp, line 1146]

Events (10 events):
Event: 347.674 Thread 0x0000000013043000 flushing nmethod 0x0000000002ef40d0
Event: 347.674 Thread 0x0000000013043000 flushing nmethod 0x0000000002ef75d0
Event: 347.674 Thread 0x0000000013043000 flushing nmethod 0x0000000002ef9490
Event: 347.674 Thread 0x0000000013043000 flushing nmethod 0x0000000002efdfd0
Event: 347.674 Thread 0x0000000013043000 flushing nmethod 0x0000000002f00e50
Event: 347.868 Thread 0x0000000013049800 flushing nmethod 0x0000000002f0da50
Event: 347.868 Thread 0x0000000013049800 flushing nmethod 0x0000000002f22710
Event: 347.868 Thread 0x0000000013049800 flushing nmethod 0x0000000002f22dd0
Event: 348.433 Thread 0x0000000013049800 flushing nmethod 0x0000000002f57c10
Event: 348.440 Thread 0x0000000013049800 flushing nmethod 0x0000000002f5e690


Dynamic libraries:
0x00007ff7ea730000 - 0x00007ff7ea767000 	C:\Program Files\Java\jdk1.8.0_121\bin\java.exe
0x00007ffac13c0000 - 0x00007ffac15ad000 	C:\WINDOWS\SYSTEM32\ntdll.dll
0x00007ffabe860000 - 0x00007ffabe913000 	C:\WINDOWS\System32\KERNEL32.DLL
0x00007ffabe0b0000 - 0x00007ffabe343000 	C:\WINDOWS\System32\KERNELBASE.dll
0x00007ffac1220000 - 0x00007ffac12c3000 	C:\WINDOWS\System32\ADVAPI32.dll
0x00007ffac08c0000 - 0x00007ffac095e000 	C:\WINDOWS\System32\msvcrt.dll
0x00007ffac1040000 - 0x00007ffac10de000 	C:\WINDOWS\System32\sechost.dll
0x00007ffac10e0000 - 0x00007ffac1202000 	C:\WINDOWS\System32\RPCRT4.dll
0x00007ffac0e30000 - 0x00007ffac0fc7000 	C:\WINDOWS\System32\USER32.dll
0x00007ffabe570000 - 0x00007ffabe590000 	C:\WINDOWS\System32\win32u.dll
0x00007ffabe690000 - 0x00007ffabe6b9000 	C:\WINDOWS\System32\GDI32.dll
0x00007ffabdde0000 - 0x00007ffabdf79000 	C:\WINDOWS\System32\gdi32full.dll
0x00007ffabe4d0000 - 0x00007ffabe570000 	C:\WINDOWS\System32\msvcp_win.dll
0x00007ffabe350000 - 0x00007ffabe44a000 	C:\WINDOWS\System32\ucrtbase.dll
0x00007ffaaf360000 - 0x00007ffaaf5d9000 	C:\WINDOWS\WinSxS\amd64_microsoft.windows.common-controls_6595b64144ccf1df_6.0.17763.1098_none_de762ed45346ee8a\COMCTL32.dll
0x00007ffac0590000 - 0x00007ffac08bc000 	C:\WINDOWS\System32\combase.dll
0x00007ffabdf80000 - 0x00007ffabdffe000 	C:\WINDOWS\System32\bcryptPrimitives.dll
0x00007ffabee40000 - 0x00007ffabee6e000 	C:\WINDOWS\System32\IMM32.DLL
0x00000000638f0000 - 0x00000000639c2000 	C:\Program Files\Java\jdk1.8.0_121\jre\bin\msvcr100.dll
0x0000000063050000 - 0x00000000638eb000 	C:\Program Files\Java\jdk1.8.0_121\jre\bin\server\jvm.dll
0x00007ffac1030000 - 0x00007ffac1038000 	C:\WINDOWS\System32\PSAPI.DLL
0x00007ffaba990000 - 0x00007ffaba9b4000 	C:\WINDOWS\SYSTEM32\WINMM.dll
0x00007ffabbf20000 - 0x00007ffabbf29000 	C:\WINDOWS\SYSTEM32\WSOCK32.dll
0x00007ffab4630000 - 0x00007ffab463a000 	C:\WINDOWS\SYSTEM32\VERSION.dll
0x00007ffabe6c0000 - 0x00007ffabe72d000 	C:\WINDOWS\System32\WS2_32.dll
0x00007ffaba960000 - 0x00007ffaba98d000 	C:\WINDOWS\SYSTEM32\WINMMBASE.dll
0x00007ffabe590000 - 0x00007ffabe5da000 	C:\WINDOWS\System32\cfgmgr32.dll
0x0000000063040000 - 0x000000006304f000 	C:\Program Files\Java\jdk1.8.0_121\jre\bin\verify.dll
0x0000000063010000 - 0x0000000063039000 	C:\Program Files\Java\jdk1.8.0_121\jre\bin\java.dll
0x0000000062ff0000 - 0x0000000063006000 	C:\Program Files\Java\jdk1.8.0_121\jre\bin\zip.dll
0x00007ffabee70000 - 0x00007ffac0364000 	C:\WINDOWS\System32\SHELL32.dll
0x00007ffac0370000 - 0x00007ffac0418000 	C:\WINDOWS\System32\shcore.dll
0x00007ffabd4b0000 - 0x00007ffabdbfd000 	C:\WINDOWS\System32\windows.storage.dll
0x00007ffabd450000 - 0x00007ffabd474000 	C:\WINDOWS\System32\profapi.dll
0x00007ffabd3b0000 - 0x00007ffabd40d000 	C:\WINDOWS\System32\powrprof.dll
0x00007ffac0fd0000 - 0x00007ffac1022000 	C:\WINDOWS\System32\shlwapi.dll
0x00007ffabd410000 - 0x00007ffabd421000 	C:\WINDOWS\System32\kernel.appcore.dll
0x00007ffabe450000 - 0x00007ffabe467000 	C:\WINDOWS\System32\cryptsp.dll
0x0000000062fd0000 - 0x0000000062fea000 	C:\Program Files\Java\jdk1.8.0_121\jre\bin\net.dll
0x00007ffabcc20000 - 0x00007ffabcc87000 	C:\WINDOWS\system32\mswsock.dll
0x0000000062fb0000 - 0x0000000062fc1000 	C:\Program Files\Java\jdk1.8.0_121\jre\bin\nio.dll
0x00007ffab0f30000 - 0x00007ffab0f56000 	C:\Users\hp\.gradle\native\29\windows-amd64\native-platform.dll
0x00007ffabc7a0000 - 0x00007ffabc7d3000 	C:\WINDOWS\system32\rsaenh.dll
0x00007ffabd480000 - 0x00007ffabd4a6000 	C:\WINDOWS\System32\bcrypt.dll
0x00007ffabd2b0000 - 0x00007ffabd2d8000 	C:\WINDOWS\SYSTEM32\USERENV.dll
0x00007ffabcdf0000 - 0x00007ffabcdfc000 	C:\WINDOWS\SYSTEM32\CRYPTBASE.dll
0x00007ffabc940000 - 0x00007ffabc97d000 	C:\WINDOWS\SYSTEM32\IPHLPAPI.DLL
0x00007ffac1210000 - 0x00007ffac1218000 	C:\WINDOWS\System32\NSI.dll
0x00007ffab1410000 - 0x00007ffab1426000 	C:\WINDOWS\SYSTEM32\dhcpcsvc6.DLL
0x00007ffab1520000 - 0x00007ffab153c000 	C:\WINDOWS\SYSTEM32\dhcpcsvc.DLL
0x00007ffabc980000 - 0x00007ffabca46000 	C:\WINDOWS\SYSTEM32\DNSAPI.dll
0x00007ffab8400000 - 0x00007ffab840a000 	C:\Users\hp\.gradle\native\jansi\1.17.1\windows64\jansi-1.17.1-6328644886574691109.dll
0x00007ffab2ba0000 - 0x00007ffab2baa000 	C:\Users\hp\.gradle\native\jansi\1.17.1\windows64\jansi-1.17.1-4671732060181780069.dll
0x0000000062fa0000 - 0x0000000062fad000 	C:\Program Files\Java\jdk1.8.0_121\jre\bin\management.dll

VM Arguments:
jvm_args: -Xmx64m -Xms64m -Dorg.gradle.appname=gradlew 
java_command: org.gradle.wrapper.GradleWrapperMain app:installDebug -PreactNativeDevServerPort=8081
java_class_path (initial): E:\myfirstapp\firstproject\android\\gradle\wrapper\gradle-wrapper.jar
Launcher Type: SUN_STANDARD

Environment Variables:
CLASSPATH=E:\myfirstapp\firstproject\android\\gradle\wrapper\gradle-wrapper.jar
PATH=E:\myfirstapp\firstproject\node_modules\.bin;C:\Program Files\Python37\Scripts\;C:\Program Files\Python37\;C:\Program Files\Java\jdk1.8.0_121\bin;C:\WINDOWS\system32;C:\WINDOWS;C:\WINDOWS\System32\Wbem;C:\WINDOWS\System32\WindowsPowerShell\v1.0\;C:\Program Files\gnuplot\bin;E:\matlab\runtime\win64;E:\matlab\bin;C:\WINDOWS\System32\OpenSSH\;C:\Program Files (x86)\Microsoft SQL Server\Client SDK\ODBC\130\Tools\Binn\;C:\Program Files (x86)\Microsoft SQL Server\140\Tools\Binn\;C:\Program Files (x86)\Microsoft SQL Server\140\DTS\Binn\;C:\Program Files (x86)\Microsoft SQL Server\140\Tools\Binn\ManagementStudio\;C:\Program Files\Microsoft SQL Server\120\Tools\Binn\;C:\Program Files\Microsoft SQL Server\Client SDK\ODBC\110\Tools\Binn\;C:\Program Files (x86)\Microsoft SQL Server\120\Tools\Binn\;C:\Program Files\Microsoft SQL Server\120\DTS\Binn\;C:\Program Files\Microsoft SQL Server\Client SDK\ODBC\130\Tools\Binn\;C:\Program Files\Microsoft SQL Server\140\Tools\Binn\;C:\Program Files\Microsoft SQL Server\140\DTS\Binn\;C:\Program Files\Microsoft SQL Server\130\Tools\Binn\;C:\Users\hp\AppDa;E:\opencv\build\x64\vc15\bin;E:\opencv\build\x64\vc15\bin;E:\opencv\build\bin;C:\Program Files\nodejs\;E:\Android\Sdk\platform-tools;E:\anaconda;E:\anaconda\Library\mingw-w64\bin;E:\anaconda\Library\usr\bin;E:\anaconda\Library\bin;E:\anaconda\Scripts;C:\Users\hp\AppData\Local\Programs\Python\Python37-32\Scripts\;C:\Users\hp\AppData\Local\Programs\Python\Python37-32\;C:\Program Files\Java\jdk1.8.0_121\bin;C:\Users\hp\AppData\Local\Microsoft\WindowsApps;C:\Program Files\JetBrains\PyCharm Edu 2019.2.1\bin;;C:\Users\hp\AppData\Roaming\npm;E:\Android\Sdk\platform-tools;
USERNAME=hp
OS=Windows_NT
PROCESSOR_IDENTIFIER=Intel64 Family 6 Model 142 Stepping 9, GenuineIntel



---------------  S Y S T E M  ---------------

OS: Windows 10.0 , 64 bit Build 17763 (10.0.17763.475)

CPU:total 4 (2 cores per cpu, 2 threads per core) family 6 model 142 stepping 9, cmov, cx8, fxsr, mmx, sse, sse2, sse3, ssse3, sse4.1, sse4.2, popcnt, avx, avx2, aes, clmul, erms, 3dnowpref, lzcnt, ht, tsc, tscinvbit, bmi1, bmi2, adx

Memory: 4k page, physical 4109540k(360500k free), swap 6621484k(644k free)

vm_info: Java HotSpot(TM) 64-Bit Server VM (25.121-b13) for windows-amd64 JRE (1.8.0_121-b13), built on Dec 12 2016 18:21:36 by "java_re" with MS VC++ 10.0 (VS2010)

time: Wed Mar 18 23:04:03 2020
elapsed time: 349 seconds (0d 0h 5m 49s)

