#
# There is insufficient memory for the Java Runtime Environment to continue.
# Native memory allocation (malloc) failed to allocate 1848336 bytes for Chunk::new
# Possible reasons:
#   The system is out of physical RAM or swap space
#   In 32 bit mode, the process size limit was hit
# Possible solutions:
#   Reduce memory load on the system
#   Increase physical memory or swap space
#   Check if swap backing store is full
#   Use 64 bit Java on a 64 bit OS
#   Decrease Java heap size (-Xmx/-Xms)
#   Decrease number of Java threads
#   Decrease Java thread stack sizes (-Xss)
#   Set larger code cache with -XX:ReservedCodeCacheSize=
# This output file may be truncated or incomplete.
#
#  Out of Memory Error (allocation.cpp:390), pid=8096, tid=0x0000000000003c70
#
# JRE version: Java(TM) SE Runtime Environment (8.0_121-b13) (build 1.8.0_121-b13)
# Java VM: Java HotSpot(TM) 64-Bit Server VM (25.121-b13 mixed mode windows-amd64 compressed oops)
# Failed to write core dump. Minidumps are not enabled by default on client versions of Windows
#

---------------  T H R E A D  ---------------

Current thread (0x0000000013c7b800):  JavaThread "C2 CompilerThread0" daemon [_thread_in_native, id=15472, stack(0x00000000152d0000,0x00000000153d0000)]

Stack: [0x00000000152d0000,0x00000000153d0000]
[error occurred during error reporting (printing stack bounds), id 0xc0000005]

Native frames: (J=compiled Java code, j=interpreted, Vv=VM code, C=native code)


Current CompileTask:
C2: 211373 4510   !   4       com.sun.beans.TypeResolver::resolve (274 bytes)


---------------  P R O C E S S  ---------------

Java Threads: ( => current thread )
  0x00000000195dd000 JavaThread "Cache worker for Build Output Cleanup Cache (E:\myfirstapp\firstproject\android\.gradle\buildOutputCleanup)" [_thread_blocked, id=5588, stack(0x000000001eb50000,0x000000001ec50000)]
  0x00000000195dc800 JavaThread "Build operations Thread 4" [_thread_blocked, id=7312, stack(0x000000001e450000,0x000000001e550000)]
  0x00000000195d8000 JavaThread "Build operations Thread 3" [_thread_blocked, id=2344, stack(0x000000001e350000,0x000000001e450000)]
  0x00000000195db800 JavaThread "Build operations Thread 2" [_thread_blocked, id=11564, stack(0x000000001e250000,0x000000001e350000)]
  0x00000000195db000 JavaThread "Build operations" [_thread_blocked, id=4652, stack(0x000000001e150000,0x000000001e250000)]
  0x0000000016a10000 JavaThread "Cache worker for execution history cache (C:\Users\hp\.gradle\caches\5.5\executionHistory)" [_thread_blocked, id=10232, stack(0x000000001ce30000,0x000000001cf30000)]
  0x0000000016a0e800 JavaThread "Cache worker for cache directory md-rule (C:\Users\hp\.gradle\caches\5.5\md-rule)" [_thread_blocked, id=11508, stack(0x000000001cb30000,0x000000001cc30000)]
  0x0000000016a10800 JavaThread "Cache worker for cache directory md-supplier (C:\Users\hp\.gradle\caches\5.5\md-supplier)" [_thread_blocked, id=8528, stack(0x000000001ca30000,0x000000001cb30000)]
  0x0000000016a0d800 JavaThread "Cache worker for file hash cache (E:\myfirstapp\firstproject\android\.gradle\5.5\fileHashes)" [_thread_blocked, id=15652, stack(0x000000001a8c0000,0x000000001a9c0000)]
  0x0000000016a11800 JavaThread "Cache worker for journal cache (C:\Users\hp\.gradle\caches\journal-1)" [_thread_blocked, id=15676, stack(0x0000000018820000,0x0000000018920000)]
  0x0000000016a12800 JavaThread "File lock request listener" [_thread_in_native, id=3120, stack(0x0000000018720000,0x0000000018820000)]
  0x0000000016a0f000 JavaThread "Cache worker for file hash cache (C:\Users\hp\.gradle\caches\5.5\fileHashes)" [_thread_blocked, id=11732, stack(0x0000000018620000,0x0000000018720000)]
  0x0000000016481000 JavaThread "Thread-9" [_thread_blocked, id=15956, stack(0x0000000018520000,0x0000000018620000)]
  0x0000000016b83800 JavaThread "Stdin handler" [_thread_blocked, id=15168, stack(0x0000000018220000,0x0000000018320000)]
  0x0000000015f17800 JavaThread "Asynchronous log dispatcher for DefaultDaemonConnection: socket connection from /127.0.0.1:52340 to /127.0.0.1:52341" [_thread_blocked, id=12860, stack(0x0000000018120000,0x0000000018220000)]
  0x00000000169f7000 JavaThread "Daemon worker" [_thread_in_native, id=7964, stack(0x0000000018020000,0x0000000018120000)]
  0x0000000015615000 JavaThread "Cancel handler" [_thread_blocked, id=13372, stack(0x0000000017f20000,0x0000000018020000)]
  0x0000000016179000 JavaThread "Handler for socket connection from /127.0.0.1:52340 to /127.0.0.1:52341" [_thread_in_native, id=12996, stack(0x0000000017e20000,0x0000000017f20000)]
  0x000000001630e800 JavaThread "Daemon" [_thread_blocked, id=15816, stack(0x0000000017d20000,0x0000000017e20000)]
  0x000000001630b800 JavaThread "Daemon periodic checks" [_thread_blocked, id=13924, stack(0x0000000017c20000,0x0000000017d20000)]
  0x0000000016309800 JavaThread "Incoming local TCP Connector on port 52340" [_thread_in_native, id=15656, stack(0x00000000179e0000,0x0000000017ae0000)]
  0x0000000015e61800 JavaThread "Daemon health stats" [_thread_blocked, id=11260, stack(0x00000000173a0000,0x00000000174a0000)]
  0x0000000015606000 JavaThread "Service Thread" daemon [_thread_blocked, id=7344, stack(0x00000000159d0000,0x0000000015ad0000)]
  0x0000000013c85800 JavaThread "C1 CompilerThread2" daemon [_thread_blocked, id=11100, stack(0x00000000154d0000,0x00000000155d0000)]
  0x0000000013c81000 JavaThread "C2 CompilerThread1" daemon [_thread_in_native, id=15620, stack(0x00000000153d0000,0x00000000154d0000)]
=>0x0000000013c7b800 JavaThread "C2 CompilerThread0" daemon [_thread_in_native, id=15472, stack(0x00000000152d0000,0x00000000153d0000)]
  0x0000000013c79000 JavaThread "Attach Listener" daemon [_thread_blocked, id=17396, stack(0x00000000151d0000,0x00000000152d0000)]
  0x0000000013c78000 JavaThread "Signal Dispatcher" daemon [_thread_blocked, id=3064, stack(0x00000000150d0000,0x00000000151d0000)]
  0x00000000027ce000 JavaThread "Finalizer" daemon [_thread_blocked, id=15496, stack(0x0000000014ed0000,0x0000000014fd0000)]
  0x00000000027c5000 JavaThread "Reference Handler" daemon [_thread_blocked, id=13904, stack(0x0000000014dd0000,0x0000000014ed0000)]
  0x00000000026d5000 JavaThread "main" [_thread_blocked, id=6484, stack(0x00000000025b0000,0x00000000026b0000)]

Other Threads:
  0x0000000013c36800 VMThread [stack: 0x0000000014cd0000,0x0000000014dd0000] [id=10536]
  0x0000000013cb7800 WatcherThread [stack: 0x0000000015ad0000,0x0000000015bd0000] [id=7280]

VM state:not at safepoint (normal execution)

VM Mutex/Monitor currently owned by a thread: None

Heap:
 PSYoungGen      total 73728K, used 24242K [0x00000000f5580000, 0x00000000faa80000, 0x0000000100000000)
  eden space 60416K, 21% used [0x00000000f5580000,0x00000000f62638a8,0x00000000f9080000)
  from space 13312K, 82% used [0x00000000f9080000,0x00000000f9b49088,0x00000000f9d80000)
  to   space 13312K, 0% used [0x00000000f9d80000,0x00000000f9d80000,0x00000000faa80000)
 ParOldGen       total 175104K, used 15788K [0x00000000e0000000, 0x00000000eab00000, 0x00000000f5580000)
  object space 175104K, 9% used [0x00000000e0000000,0x00000000e0f6b1e8,0x00000000eab00000)
 Metaspace       used 45938K, capacity 47214K, committed 47448K, reserved 1089536K
  class space    used 6317K, capacity 6697K, committed 6744K, reserved 1048576K

Card table byte_map: [0x0000000011c10000,0x0000000011d20000] byte_map_base: 0x0000000011510000

Marking Bits: (ParMarkBitMap*) 0x0000000076cdb6d0
 Begin Bits: [0x00000000121d0000, 0x00000000129d0000)
 End Bits:   [0x00000000129d0000, 0x00000000131d0000)

Polling page: 0x0000000000da0000

CodeCache: size=245760Kb used=13568Kb max_used=13568Kb free=232191Kb
 bounds [0x0000000002850000, 0x00000000035b0000, 0x0000000011850000]
 total_blobs=4882 nmethods=4111 adapters=682
 compilation: enabled

Compilation events (10 events):
Event: 210.499 Thread 0x0000000013c85800 4527       3       org.gradle.api.internal.DefaultPolymorphicDomainObjectContainer::registerFactory (10 bytes)
Event: 210.499 Thread 0x0000000013c85800 nmethod 4527 0x000000000303a2d0 code [0x000000000303a440, 0x000000000303a5e8]
Event: 210.499 Thread 0x0000000013c85800 4528       3       org.gradle.api.internal.DefaultPolymorphicNamedEntityInstantiator::registerFactory (97 bytes)
Event: 210.514 Thread 0x0000000013c85800 nmethod 4528 0x000000000359d1d0 code [0x000000000359d560, 0x000000000359f3f8]
Event: 210.514 Thread 0x0000000013c85800 4529       3       org.codehaus.groovy.reflection.ParameterTypes::correctArguments (79 bytes)
Event: 210.515 Thread 0x0000000013c85800 nmethod 4529 0x0000000002c0f650 code [0x0000000002c0f840, 0x0000000002c10168]
Event: 210.531 Thread 0x0000000013c85800 4530       3       org.gradle.internal.operations.DefaultBuildOperationExecutor$RunnableBuildOperationWorker::execute (10 bytes)
Event: 210.531 Thread 0x0000000013c85800 nmethod 4530 0x0000000002a745d0 code [0x0000000002a74740, 0x0000000002a74ae8]
Event: 210.531 Thread 0x0000000013c85800 4531       3       org.gradle.internal.operations.DefaultBuildOperationExecutor$RunnableBuildOperationWorker::execute (8 bytes)
Event: 210.531 Thread 0x0000000013c85800 nmethod 4531 0x0000000002c0f1d0 code [0x0000000002c0f340, 0x0000000002c0f568]

GC Heap History (10 events):
Event: 186.710 GC heap before
{Heap before GC invocations=7 (full 1):
 PSYoungGen      total 74752K, used 74440K [0x00000000f5580000, 0x00000000fae00000, 0x0000000100000000)
  eden space 64000K, 100% used [0x00000000f5580000,0x00000000f9400000,0x00000000f9400000)
  from space 10752K, 97% used [0x00000000f9580000,0x00000000f9fb2100,0x00000000fa000000)
  to   space 13312K, 0% used [0x00000000fa100000,0x00000000fa100000,0x00000000fae00000)
 ParOldGen       total 175104K, used 11246K [0x00000000e0000000, 0x00000000eab00000, 0x00000000f5580000)
  object space 175104K, 6% used [0x00000000e0000000,0x00000000e0afbaf8,0x00000000eab00000)
 Metaspace       used 34303K, capacity 35084K, committed 35328K, reserved 1079296K
  class space    used 4835K, capacity 5063K, committed 5120K, reserved 1048576K
Event: 186.736 GC heap after
Heap after GC invocations=7 (full 1):
 PSYoungGen      total 75264K, used 11370K [0x00000000f5580000, 0x00000000fad80000, 0x0000000100000000)
  eden space 62464K, 0% used [0x00000000f5580000,0x00000000f5580000,0x00000000f9280000)
  from space 12800K, 88% used [0x00000000fa100000,0x00000000fac1a880,0x00000000fad80000)
  to   space 13824K, 0% used [0x00000000f9280000,0x00000000f9280000,0x00000000fa000000)
 ParOldGen       total 175104K, used 11254K [0x00000000e0000000, 0x00000000eab00000, 0x00000000f5580000)
  object space 175104K, 6% used [0x00000000e0000000,0x00000000e0afdaf8,0x00000000eab00000)
 Metaspace       used 34303K, capacity 35084K, committed 35328K, reserved 1079296K
  class space    used 4835K, capacity 5063K, committed 5120K, reserved 1048576K
}
Event: 192.922 GC heap before
{Heap before GC invocations=8 (full 1):
 PSYoungGen      total 75264K, used 20529K [0x00000000f5580000, 0x00000000fad80000, 0x0000000100000000)
  eden space 62464K, 14% used [0x00000000f5580000,0x00000000f5e71de0,0x00000000f9280000)
  from space 12800K, 88% used [0x00000000fa100000,0x00000000fac1a880,0x00000000fad80000)
  to   space 13824K, 0% used [0x00000000f9280000,0x00000000f9280000,0x00000000fa000000)
 ParOldGen       total 175104K, used 11254K [0x00000000e0000000, 0x00000000eab00000, 0x00000000f5580000)
  object space 175104K, 6% used [0x00000000e0000000,0x00000000e0afdaf8,0x00000000eab00000)
 Metaspace       used 34577K, capacity 35336K, committed 35416K, reserved 1079296K
  class space    used 4879K, capacity 5137K, committed 5208K, reserved 1048576K
Event: 192.956 GC heap after
Heap after GC invocations=8 (full 1):
 PSYoungGen      total 71168K, used 9220K [0x00000000f5580000, 0x00000000fab80000, 0x0000000100000000)
  eden space 61440K, 0% used [0x00000000f5580000,0x00000000f5580000,0x00000000f9180000)
  from space 9728K, 94% used [0x00000000f9280000,0x00000000f9b81270,0x00000000f9c00000)
  to   space 13312K, 0% used [0x00000000f9e80000,0x00000000f9e80000,0x00000000fab80000)
 ParOldGen       total 175104K, used 11262K [0x00000000e0000000, 0x00000000eab00000, 0x00000000f5580000)
  object space 175104K, 6% used [0x00000000e0000000,0x00000000e0affaf8,0x00000000eab00000)
 Metaspace       used 34577K, capacity 35336K, committed 35416K, reserved 1079296K
  class space    used 4879K, capacity 5137K, committed 5208K, reserved 1048576K
}
Event: 192.956 GC heap before
{Heap before GC invocations=9 (full 2):
 PSYoungGen      total 71168K, used 9220K [0x00000000f5580000, 0x00000000fab80000, 0x0000000100000000)
  eden space 61440K, 0% used [0x00000000f5580000,0x00000000f5580000,0x00000000f9180000)
  from space 9728K, 94% used [0x00000000f9280000,0x00000000f9b81270,0x00000000f9c00000)
  to   space 13312K, 0% used [0x00000000f9e80000,0x00000000f9e80000,0x00000000fab80000)
 ParOldGen       total 175104K, used 11262K [0x00000000e0000000, 0x00000000eab00000, 0x00000000f5580000)
  object space 175104K, 6% used [0x00000000e0000000,0x00000000e0affaf8,0x00000000eab00000)
 Metaspace       used 34577K, capacity 35336K, committed 35416K, reserved 1079296K
  class space    used 4879K, capacity 5137K, committed 5208K, reserved 1048576K
Event: 193.140 GC heap after
Heap after GC invocations=9 (full 2):
 PSYoungGen      total 71168K, used 0K [0x00000000f5580000, 0x00000000fab80000, 0x0000000100000000)
  eden space 61440K, 0% used [0x00000000f5580000,0x00000000f5580000,0x00000000f9180000)
  from space 9728K, 0% used [0x00000000f9280000,0x00000000f9280000,0x00000000f9c00000)
  to   space 13312K, 0% used [0x00000000f9e80000,0x00000000f9e80000,0x00000000fab80000)
 ParOldGen       total 175104K, used 15772K [0x00000000e0000000, 0x00000000eab00000, 0x00000000f5580000)
  object space 175104K, 9% used [0x00000000e0000000,0x00000000e0f671e8,0x00000000eab00000)
 Metaspace       used 34564K, capacity 35294K, committed 35416K, reserved 1079296K
  class space    used 4875K, capacity 5130K, committed 5208K, reserved 1048576K
}
Event: 204.440 GC heap before
{Heap before GC invocations=10 (full 2):
 PSYoungGen      total 71168K, used 61440K [0x00000000f5580000, 0x00000000fab80000, 0x0000000100000000)
  eden space 61440K, 100% used [0x00000000f5580000,0x00000000f9180000,0x00000000f9180000)
  from space 9728K, 0% used [0x00000000f9280000,0x00000000f9280000,0x00000000f9c00000)
  to   space 13312K, 0% used [0x00000000f9e80000,0x00000000f9e80000,0x00000000fab80000)
 ParOldGen       total 175104K, used 15772K [0x00000000e0000000, 0x00000000eab00000, 0x00000000f5580000)
  object space 175104K, 9% used [0x00000000e0000000,0x00000000e0f671e8,0x00000000eab00000)
 Metaspace       used 41079K, capacity 42172K, committed 42456K, reserved 1085440K
  class space    used 5655K, capacity 6017K, committed 6104K, reserved 1048576K
Event: 204.464 GC heap after
Heap after GC invocations=10 (full 2):
 PSYoungGen      total 72704K, used 8211K [0x00000000f5580000, 0x00000000faa80000, 0x0000000100000000)
  eden space 60416K, 0% used [0x00000000f5580000,0x00000000f5580000,0x00000000f9080000)
  from space 12288K, 66% used [0x00000000f9e80000,0x00000000fa684ff0,0x00000000faa80000)
  to   space 13312K, 0% used [0x00000000f9080000,0x00000000f9080000,0x00000000f9d80000)
 ParOldGen       total 175104K, used 15780K [0x00000000e0000000, 0x00000000eab00000, 0x00000000f5580000)
  object space 175104K, 9% used [0x00000000e0000000,0x00000000e0f691e8,0x00000000eab00000)
 Metaspace       used 41079K, capacity 42172K, committed 42456K, reserved 1085440K
  class space    used 5655K, capacity 6017K, committed 6104K, reserved 1048576K
}
Event: 209.058 GC heap before
{Heap before GC invocations=11 (full 2):
 PSYoungGen      total 72704K, used 68627K [0x00000000f5580000, 0x00000000faa80000, 0x0000000100000000)
  eden space 60416K, 100% used [0x00000000f5580000,0x00000000f9080000,0x00000000f9080000)
  from space 12288K, 66% used [0x00000000f9e80000,0x00000000fa684ff0,0x00000000faa80000)
  to   space 13312K, 0% used [0x00000000f9080000,0x00000000f9080000,0x00000000f9d80000)
 ParOldGen       total 175104K, used 15780K [0x00000000e0000000, 0x00000000eab00000, 0x00000000f5580000)
  object space 175104K, 9% used [0x00000000e0000000,0x00000000e0f691e8,0x00000000eab00000)
 Metaspace       used 45509K, capacity 46652K, committed 46808K, reserved 1089536K
  class space    used 6231K, capacity 6575K, committed 6616K, reserved 1048576K
Event: 209.076 GC heap after
Heap after GC invocations=11 (full 2):
 PSYoungGen      total 73728K, used 11044K [0x00000000f5580000, 0x00000000faa80000, 0x0000000100000000)
  eden space 60416K, 0% used [0x00000000f5580000,0x00000000f5580000,0x00000000f9080000)
  from space 13312K, 82% used [0x00000000f9080000,0x00000000f9b49088,0x00000000f9d80000)
  to   space 13312K, 0% used [0x00000000f9d80000,0x00000000f9d80000,0x00000000faa80000)
 ParOldGen       total 175104K, used 15788K [0x00000000e0000000, 0x00000000eab00000, 0x00000000f5580000)
  object space 175104K, 9% used [0x00000000e0000000,0x00000000e0f6b1e8,0x00000000eab00000)
 Metaspace       used 45509K, capacity 46652K, committed 46808K, reserved 1089536K
  class space    used 6231K, capacity 6575K, committed 6616K, reserved 1048576K
}

Deoptimization events (10 events):
Event: 206.455 Thread 0x00000000169f7000 Uncommon trap: reason=bimorphic action=maybe_recompile pc=0x0000000002981e9c method=java.util.regex.Pattern$Slice.match(Ljava/util/regex/Matcher;ILjava/lang/CharSequence;)Z @ 75
Event: 206.496 Thread 0x00000000169f7000 Uncommon trap: reason=unstable_if action=reinterpret pc=0x0000000002cc473c method=java.lang.CharacterDataLatin1.isWhitespace(I)Z @ 14
Event: 207.176 Thread 0x00000000169f7000 Uncommon trap: reason=unstable_if action=reinterpret pc=0x000000000319c090 method=java.util.jar.JarFile.getInputStream(Ljava/util/zip/ZipEntry;)Ljava/io/InputStream; @ 37
Event: 207.224 Thread 0x00000000169f7000 Uncommon trap: reason=unstable_if action=reinterpret pc=0x0000000002ba2750 method=java.util.jar.JarFile$JarFileEntry.getCodeSigners()[Ljava/security/CodeSigner; @ 24
Event: 207.224 Thread 0x00000000169f7000 Uncommon trap: reason=unstable_if action=reinterpret pc=0x00000000031cbdb0 method=java.security.CodeSource.<init>(Ljava/net/URL;[Ljava/security/CodeSigner;)V @ 25
Event: 207.226 Thread 0x00000000169f7000 Uncommon trap: reason=unstable_if action=reinterpret pc=0x0000000002d23e2c method=java.security.CodeSource.getCertificates()[Ljava/security/cert/Certificate; @ 22
Event: 207.227 Thread 0x00000000169f7000 Uncommon trap: reason=unstable_if action=reinterpret pc=0x000000000343ac3c method=java.security.CodeSource.matchCerts(Ljava/security/CodeSource;Z)Z @ 11
Event: 207.280 Thread 0x00000000169f7000 Uncommon trap: reason=unstable_if action=reinterpret pc=0x00000000032ddefc method=java.util.LinkedHashMap.get(Ljava/lang/Object;)Ljava/lang/Object; @ 20
Event: 207.878 Thread 0x00000000169f7000 Uncommon trap: reason=unstable_if action=reinterpret pc=0x000000000309e7a8 method=org.objectweb.asm.ByteVector.putUTF8(Ljava/lang/String;)Lorg/objectweb/asm/ByteVector; @ 93
Event: 208.971 Thread 0x00000000169f7000 Uncommon trap: reason=unstable_if action=reinterpret pc=0x0000000003106d08 method=org.gradle.internal.reflect.PropertyAccessorType.of(Ljava/lang/reflect/Method;)Lorg/gradle/internal/reflect/PropertyAccessorType; @ 56

Internal exceptions (10 events):
Event: 210.438 Thread 0x00000000169f7000 Exception <a 'java/lang/ClassNotFoundException': com/android/build/gradle/internal/dsl/DefaultConfig_DecoratedBeanInfo> (0x00000000f5d2fdd0) thrown at [C:\re\workspace\8-2-build-windows-amd64-cygwin\jdk8u121\8372\hotspot\src\share\vm\classfile\systemDicti
Event: 210.439 Thread 0x00000000169f7000 Exception <a 'java/lang/ClassNotFoundException': com/android/build/gradle/internal/dsl/DefaultConfigBeanInfo> (0x00000000f5d54b98) thrown at [C:\re\workspace\8-2-build-windows-amd64-cygwin\jdk8u121\8372\hotspot\src\share\vm\classfile\systemDictionary.cpp,
Event: 210.439 Thread 0x00000000169f7000 Exception <a 'java/lang/ClassNotFoundException': com/android/build/gradle/internal/dsl/BaseFlavorBeanInfo> (0x00000000f5d77ff0) thrown at [C:\re\workspace\8-2-build-windows-amd64-cygwin\jdk8u121\8372\hotspot\src\share\vm\classfile\systemDictionary.cpp, li
Event: 210.440 Thread 0x00000000169f7000 Exception <a 'java/lang/ClassNotFoundException': com/android/builder/core/DefaultProductFlavorBeanInfo> (0x00000000f5d9a3e8) thrown at [C:\re\workspace\8-2-build-windows-amd64-cygwin\jdk8u121\8372\hotspot\src\share\vm\classfile\systemDictionary.cpp, line 
Event: 210.441 Thread 0x00000000169f7000 Exception <a 'java/lang/ClassNotFoundException': com/android/builder/core/DefaultProductFlavorCustomizer> (0x00000000f5dbcf38) thrown at [C:\re\workspace\8-2-build-windows-amd64-cygwin\jdk8u121\8372\hotspot\src\share\vm\classfile\systemDictionary.cpp, lin
Event: 210.442 Thread 0x00000000169f7000 Exception <a 'java/lang/ClassNotFoundException': com/android/build/gradle/internal/dsl/BaseFlavorCustomizer> (0x00000000f5e162c8) thrown at [C:\re\workspace\8-2-build-windows-amd64-cygwin\jdk8u121\8372\hotspot\src\share\vm\classfile\systemDictionary.cpp, 
Event: 210.445 Thread 0x00000000169f7000 Exception <a 'java/lang/ClassNotFoundException': com/android/build/gradle/internal/dsl/DefaultConfigCustomizer> (0x00000000f5e7c538) thrown at [C:\re\workspace\8-2-build-windows-amd64-cygwin\jdk8u121\8372\hotspot\src\share\vm\classfile\systemDictionary.cp
Event: 210.446 Thread 0x00000000169f7000 Exception <a 'java/lang/ClassNotFoundException': com/android/build/gradle/internal/dsl/DefaultConfig_DecoratedCustomizer> (0x00000000f5eb6f98) thrown at [C:\re\workspace\8-2-build-windows-amd64-cygwin\jdk8u121\8372\hotspot\src\share\vm\classfile\systemDic
Event: 210.452 Thread 0x00000000169f7000 Exception <a 'java/lang/ClassNotFoundException': build_dqyk48xcejtov4lmjgrkj28ap$_run_closure1BeanInfo> (0x00000000f5f98c00) thrown at [C:\re\workspace\8-2-build-windows-amd64-cygwin\jdk8u121\8372\hotspot\src\share\vm\classfile\systemDictionary.cpp, line 
Event: 210.453 Thread 0x00000000169f7000 Exception <a 'java/lang/ClassNotFoundException': build_dqyk48xcejtov4lmjgrkj28ap$_run_closure1Customizer> (0x00000000f5fb21c8) thrown at [C:\re\workspace\8-2-build-windows-amd64-cygwin\jdk8u121\8372\hotspot\src\share\vm\classfile\systemDictionary.cpp, lin

Events (10 events):
Event: 210.964 loading class com/android/build/gradle/internal/scope/InternalArtifactType$Category
Event: 210.964 loading class com/android/build/gradle/internal/scope/InternalArtifactType$Category done
Event: 210.967 loading class com/android/build/gradle/internal/scope/ArtifactTypeUtil
Event: 210.967 loading class com/android/build/gradle/internal/scope/ArtifactTypeUtil done
Event: 210.968 loading class org/gradle/api/file/ConfigurableFileCollection
Event: 210.968 loading class org/gradle/api/file/ConfigurableFileCollection done
Event: 210.968 loading class org/gradle/api/internal/tasks/DefaultTaskDependency$TaskDependencySet
Event: 210.968 loading class org/gradle/api/internal/tasks/DefaultTaskDependency$TaskDependencySet done
Event: 210.969 loading class com/android/build/gradle/internal/tasks/PrepareLintJarForPublish
Event: 210.969 loading class com/android/build/gradle/internal/tasks/PrepareLintJarForPublish done


Dynamic libraries:
0x00007ff681c70000 - 0x00007ff681ca7000 	C:\Program Files\Java\jdk1.8.0_121\bin\java.exe
0x00007ffabbad0000 - 0x00007ffabbcbd000 	C:\WINDOWS\SYSTEM32\ntdll.dll
0x00007ffabb680000 - 0x00007ffabb733000 	C:\WINDOWS\System32\KERNEL32.DLL
0x00007ffab7ef0000 - 0x00007ffab8183000 	C:\WINDOWS\System32\KERNELBASE.dll
0x00007ffaba290000 - 0x00007ffaba333000 	C:\WINDOWS\System32\ADVAPI32.dll
0x00007ffaba3a0000 - 0x00007ffaba43e000 	C:\WINDOWS\System32\msvcrt.dll
0x00007ffab8cf0000 - 0x00007ffab8d8e000 	C:\WINDOWS\System32\sechost.dll
0x00007ffabaab0000 - 0x00007ffababd2000 	C:\WINDOWS\System32\RPCRT4.dll
0x00007ffabb750000 - 0x00007ffabb8e7000 	C:\WINDOWS\System32\USER32.dll
0x00007ffab7ed0000 - 0x00007ffab7ef0000 	C:\WINDOWS\System32\win32u.dll
0x00007ffaba6b0000 - 0x00007ffaba6d9000 	C:\WINDOWS\System32\GDI32.dll
0x00007ffab8b00000 - 0x00007ffab8c99000 	C:\WINDOWS\System32\gdi32full.dll
0x00007ffab8a60000 - 0x00007ffab8b00000 	C:\WINDOWS\System32\msvcp_win.dll
0x00007ffab8210000 - 0x00007ffab830a000 	C:\WINDOWS\System32\ucrtbase.dll
0x00007ffaa5a00000 - 0x00007ffaa5c79000 	C:\WINDOWS\WinSxS\amd64_microsoft.windows.common-controls_6595b64144ccf1df_6.0.17763.1098_none_de762ed45346ee8a\COMCTL32.dll
0x00007ffaba780000 - 0x00007ffabaaac000 	C:\WINDOWS\System32\combase.dll
0x00007ffab8190000 - 0x00007ffab820e000 	C:\WINDOWS\System32\bcryptPrimitives.dll
0x00007ffaba750000 - 0x00007ffaba77e000 	C:\WINDOWS\System32\IMM32.DLL
0x0000000076d60000 - 0x0000000076e32000 	C:\Program Files\Java\jdk1.8.0_121\jre\bin\msvcr100.dll
0x00000000764c0000 - 0x0000000076d5b000 	C:\Program Files\Java\jdk1.8.0_121\jre\bin\server\jvm.dll
0x00007ffaba570000 - 0x00007ffaba578000 	C:\WINDOWS\System32\PSAPI.DLL
0x00007ffab5830000 - 0x00007ffab5854000 	C:\WINDOWS\SYSTEM32\WINMM.dll
0x00007ffaac0f0000 - 0x00007ffaac0fa000 	C:\WINDOWS\SYSTEM32\VERSION.dll
0x00007ffab6500000 - 0x00007ffab6509000 	C:\WINDOWS\SYSTEM32\WSOCK32.dll
0x00007ffab5800000 - 0x00007ffab582d000 	C:\WINDOWS\SYSTEM32\winmmbase.dll
0x00007ffab7b90000 - 0x00007ffab7bda000 	C:\WINDOWS\System32\cfgmgr32.dll
0x00007ffaba6e0000 - 0x00007ffaba74d000 	C:\WINDOWS\System32\WS2_32.dll
0x00000000764b0000 - 0x00000000764bf000 	C:\Program Files\Java\jdk1.8.0_121\jre\bin\verify.dll
0x0000000076480000 - 0x00000000764a9000 	C:\Program Files\Java\jdk1.8.0_121\jre\bin\java.dll
0x0000000076460000 - 0x0000000076476000 	C:\Program Files\Java\jdk1.8.0_121\jre\bin\zip.dll
0x00007ffab8d90000 - 0x00007ffaba284000 	C:\WINDOWS\System32\SHELL32.dll
0x00007ffabb5d0000 - 0x00007ffabb678000 	C:\WINDOWS\System32\shcore.dll
0x00007ffab8310000 - 0x00007ffab8a5d000 	C:\WINDOWS\System32\windows.storage.dll
0x00007ffab7ae0000 - 0x00007ffab7b04000 	C:\WINDOWS\System32\profapi.dll
0x00007ffab7b30000 - 0x00007ffab7b8d000 	C:\WINDOWS\System32\powrprof.dll
0x00007ffaba440000 - 0x00007ffaba492000 	C:\WINDOWS\System32\shlwapi.dll
0x00007ffab7b10000 - 0x00007ffab7b21000 	C:\WINDOWS\System32\kernel.appcore.dll
0x00007ffab8ca0000 - 0x00007ffab8cb7000 	C:\WINDOWS\System32\cryptsp.dll
0x0000000076440000 - 0x000000007645a000 	C:\Program Files\Java\jdk1.8.0_121\jre\bin\net.dll
0x00007ffab7330000 - 0x00007ffab7397000 	C:\WINDOWS\system32\mswsock.dll
0x0000000076420000 - 0x0000000076431000 	C:\Program Files\Java\jdk1.8.0_121\jre\bin\nio.dll
0x00007ffab0070000 - 0x00007ffab0096000 	C:\Users\hp\.gradle\native\29\windows-amd64\native-platform.dll
0x0000000076410000 - 0x000000007641d000 	C:\Program Files\Java\jdk1.8.0_121\jre\bin\management.dll
0x00007ffab6eb0000 - 0x00007ffab6ee3000 	C:\WINDOWS\system32\rsaenh.dll
0x00007ffab8cc0000 - 0x00007ffab8ce6000 	C:\WINDOWS\System32\bcrypt.dll
0x00007ffab79c0000 - 0x00007ffab79e8000 	C:\WINDOWS\SYSTEM32\USERENV.dll
0x00007ffab7500000 - 0x00007ffab750c000 	C:\WINDOWS\SYSTEM32\CRYPTBASE.dll
0x00007ffab7050000 - 0x00007ffab708d000 	C:\WINDOWS\SYSTEM32\IPHLPAPI.DLL
0x00007ffabb740000 - 0x00007ffabb748000 	C:\WINDOWS\System32\NSI.dll
0x00007ffaaa3a0000 - 0x00007ffaaa3b6000 	C:\WINDOWS\SYSTEM32\dhcpcsvc6.DLL
0x00007ffaaa450000 - 0x00007ffaaa46c000 	C:\WINDOWS\SYSTEM32\dhcpcsvc.DLL
0x00007ffab7090000 - 0x00007ffab7156000 	C:\WINDOWS\SYSTEM32\DNSAPI.dll

VM Arguments:
jvm_args: -XX:MaxMetaspaceSize=256m -XX:+HeapDumpOnOutOfMemoryError -Xms256m -Xmx512m -Dfile.encoding=windows-1252 -Duser.country=US -Duser.language=en -Duser.variant 
java_command: org.gradle.launcher.daemon.bootstrap.GradleDaemon 5.5
java_class_path (initial): C:\Users\hp\.gradle\wrapper\dists\gradle-5.5-all\byeise1led9a3w3p149d02kfj\gradle-5.5\lib\gradle-launcher-5.5.jar
Launcher Type: SUN_STANDARD

Environment Variables:
CLASSPATH=E:\myfirstapp\firstproject\android\\gradle\wrapper\gradle-wrapper.jar
PATH=C:\Program Files\nodejs\node_modules\npm\node_modules\npm-lifecycle\node-gyp-bin;E:\myfirstapp\firstproject\node_modules\.bin;C:\Program Files\Python37\Scripts\;C:\Program Files\Python37\;C:\Program Files\Java\jdk1.8.0_121\bin;C:\WINDOWS\system32;C:\WINDOWS;C:\WINDOWS\System32\Wbem;C:\WINDOWS\System32\WindowsPowerShell\v1.0\;C:\Program Files\gnuplot\bin;E:\matlab\runtime\win64;E:\matlab\bin;C:\WINDOWS\System32\OpenSSH\;C:\Program Files (x86)\Microsoft SQL Server\Client SDK\ODBC\130\Tools\Binn\;C:\Program Files (x86)\Microsoft SQL Server\140\Tools\Binn\;C:\Program Files (x86)\Microsoft SQL Server\140\DTS\Binn\;C:\Program Files (x86)\Microsoft SQL Server\140\Tools\Binn\ManagementStudio\;C:\Program Files\Microsoft SQL Server\120\Tools\Binn\;C:\Program Files\Microsoft SQL Server\Client SDK\ODBC\110\Tools\Binn\;C:\Program Files (x86)\Microsoft SQL Server\120\Tools\Binn\;C:\Program Files\Microsoft SQL Server\120\DTS\Binn\;C:\Program Files\Microsoft SQL Server\Client SDK\ODBC\130\Tools\Binn\;C:\Program Files\Microsoft SQL Server\140\Tools\Binn\;C:\Program Files\Microsoft SQL Server\140\DTS\Binn\;C:\Program Files\Microsoft SQL Server\130\Tools\Binn\;C:\Users\hp\AppDa;E:\opencv\build\x64\vc15\bin;E:\opencv\build\x64\vc15\bin;E:\opencv\build\bin;C:\Program Files\nodejs\;E:\Android\Sdk\platform-tools;E:\anaconda;E:\anaconda\Library\mingw-w64\bin;E:\anaconda\Library\usr\bin;E:\anaconda\Library\bin;E:\anaconda\Scripts;C:\Users\hp\AppData\Local\Programs\Python\Python37-32\Scripts\;C:\Users\hp\AppData\Local\Programs\Python\Python37-32\;C:\Program Files\Java\jdk1.8.0_121\bin;C:\Users\hp\AppData\Local\Microsoft\WindowsApps;C:\Program Files\JetBrains\PyCharm Edu 2019.2.1\bin;;C:\Users\hp\AppData\Roaming\npm;E:\Android\Sdk\platform-tools;
USERNAME=hp
OS=Windows_NT
PROCESSOR_IDENTIFIER=Intel64 Family 6 Model 142 Stepping 9, GenuineIntel



---------------  S Y S T E M  ---------------

OS: Windows 10.0 , 64 bit Build 17763 (10.0.17763.475)

CPU:total 4 (2 cores per cpu, 2 threads per core) family 6 model 142 stepping 9, cmov, cx8, fxsr, mmx, sse, sse2, sse3, ssse3, sse4.1, sse4.2, popcnt, avx, avx2, aes, clmul, erms, 3dnowpref, lzcnt, ht, tsc, tscinvbit, bmi1, bmi2, adx

Memory: 4k page, physical 4109540k(198936k free), swap 6962236k(5748k free)

vm_info: Java HotSpot(TM) 64-Bit Server VM (25.121-b13) for windows-amd64 JRE (1.8.0_121-b13), built on Dec 12 2016 18:21:36 by "java_re" with MS VC++ 10.0 (VS2010)

time: Thu Apr 09 14:21:44 2020
elapsed time: 211 seconds (0d 0h 3m 31s)

