#
# There is insufficient memory for the Java Runtime Environment to continue.
# Native memory allocation (malloc) failed to allocate 606896 bytes for Chunk::new
# Possible reasons:
#   The system is out of physical RAM or swap space
#   In 32 bit mode, the process size limit was hit
# Possible solutions:
#   Reduce memory load on the system
#   Increase physical memory or swap space
#   Check if swap backing store is full
#   Use 64 bit Java on a 64 bit OS
#   Decrease Java heap size (-Xmx/-Xms)
#   Decrease number of Java threads
#   Decrease Java thread stack sizes (-Xss)
#   Set larger code cache with -XX:ReservedCodeCacheSize=
# This output file may be truncated or incomplete.
#
#  Out of Memory Error (allocation.cpp:390), pid=11992, tid=0x0000000000002bd0
#
# JRE version: Java(TM) SE Runtime Environment (8.0_121-b13) (build 1.8.0_121-b13)
# Java VM: Java HotSpot(TM) 64-Bit Server VM (25.121-b13 mixed mode windows-amd64 compressed oops)
# Failed to write core dump. Minidumps are not enabled by default on client versions of Windows
#

---------------  T H R E A D  ---------------

Current thread (0x0000000014439800):  JavaThread "C2 CompilerThread1" daemon [_thread_in_native, id=11216, stack(0x0000000015b80000,0x0000000015c80000)]

Stack: [0x0000000015b80000,0x0000000015c80000]
[error occurred during error reporting (printing stack bounds), id 0xc0000005]

Native frames: (J=compiled Java code, j=interpreted, Vv=VM code, C=native code)


Current CompileTask:
C2:  31069 5534 %     4       groovy.lang.MetaClassImpl::inheritInterfaceNewMetaMethods @ 104 (199 bytes)


---------------  P R O C E S S  ---------------

Java Threads: ( => current thread )
  0x000000001767f000 JavaThread "Memory manager" [_thread_blocked, id=10484, stack(0x0000000020fe0000,0x00000000210e0000)]
  0x0000000017686000 JavaThread "Cache worker for Build Output Cleanup Cache (E:\myfirstapp\firstproject\android\.gradle\buildOutputCleanup)" [_thread_blocked, id=11640, stack(0x0000000020ae0000,0x0000000020be0000)]
  0x0000000017682000 JavaThread "Build operations Thread 4" [_thread_blocked, id=712, stack(0x000000001f390000,0x000000001f490000)]
  0x0000000017683000 JavaThread "Build operations Thread 3" [_thread_blocked, id=2996, stack(0x000000001f290000,0x000000001f390000)]
  0x0000000017680800 JavaThread "Build operations Thread 2" [_thread_blocked, id=10032, stack(0x000000001f190000,0x000000001f290000)]
  0x0000000017681800 JavaThread "Build operations" [_thread_blocked, id=10244, stack(0x000000001f090000,0x000000001f190000)]
  0x0000000017677800 JavaThread "Cache worker for execution history cache (C:\Users\hp\.gradle\caches\5.5\executionHistory)" [_thread_blocked, id=452, stack(0x000000001eca0000,0x000000001eda0000)]
  0x000000001767e800 JavaThread "Cache worker for cache directory md-rule (C:\Users\hp\.gradle\caches\5.5\md-rule)" [_thread_blocked, id=6656, stack(0x000000001e7e0000,0x000000001e8e0000)]
  0x000000001767d800 JavaThread "Cache worker for cache directory md-supplier (C:\Users\hp\.gradle\caches\5.5\md-supplier)" [_thread_blocked, id=4088, stack(0x000000001e410000,0x000000001e510000)]
  0x000000001767c000 JavaThread "Cache worker for file hash cache (E:\myfirstapp\firstproject\android\.gradle\5.5\fileHashes)" [_thread_blocked, id=8120, stack(0x000000001c340000,0x000000001c440000)]
  0x000000001767a800 JavaThread "Cache worker for journal cache (C:\Users\hp\.gradle\caches\journal-1)" [_thread_blocked, id=11160, stack(0x0000000018fd0000,0x00000000190d0000)]
  0x000000001767a000 JavaThread "File lock request listener" [_thread_in_native, id=11064, stack(0x0000000018ed0000,0x0000000018fd0000)]
  0x0000000017678800 JavaThread "Cache worker for file hash cache (C:\Users\hp\.gradle\caches\5.5\fileHashes)" [_thread_blocked, id=7304, stack(0x0000000018dd0000,0x0000000018ed0000)]
  0x000000001731e800 JavaThread "Thread-9" [_thread_blocked, id=4704, stack(0x0000000018cd0000,0x0000000018dd0000)]
  0x0000000017325000 JavaThread "Stdin handler" [_thread_blocked, id=11940, stack(0x0000000018bd0000,0x0000000018cd0000)]
  0x0000000017324800 JavaThread "Asynchronous log dispatcher for DefaultDaemonConnection: socket connection from /127.0.0.1:51961 to /127.0.0.1:51962" [_thread_blocked, id=1980, stack(0x00000000188d0000,0x00000000189d0000)]
  0x0000000017323000 JavaThread "Daemon worker" [_thread_in_native, id=11912, stack(0x00000000187d0000,0x00000000188d0000)]
  0x0000000017322000 JavaThread "Cancel handler" [_thread_blocked, id=6392, stack(0x00000000186d0000,0x00000000187d0000)]
  0x0000000017323800 JavaThread "Handler for socket connection from /127.0.0.1:51961 to /127.0.0.1:51962" [_thread_in_native, id=10292, stack(0x00000000185d0000,0x00000000186d0000)]
  0x0000000017321800 JavaThread "Daemon" [_thread_blocked, id=9100, stack(0x00000000184d0000,0x00000000185d0000)]
  0x0000000017320000 JavaThread "Daemon periodic checks" [_thread_blocked, id=10356, stack(0x00000000183d0000,0x00000000184d0000)]
  0x0000000017320800 JavaThread "Incoming local TCP Connector on port 51961" [_thread_in_native, id=2436, stack(0x0000000018190000,0x0000000018290000)]
  0x000000001731f000 JavaThread "Daemon health stats" [_thread_blocked, id=9220, stack(0x0000000017b50000,0x0000000017c50000)]
  0x000000001448d800 JavaThread "Service Thread" daemon [_thread_blocked, id=3280, stack(0x0000000016180000,0x0000000016280000)]
  0x000000001443d000 JavaThread "C1 CompilerThread2" daemon [_thread_blocked, id=9076, stack(0x0000000015c80000,0x0000000015d80000)]
=>0x0000000014439800 JavaThread "C2 CompilerThread1" daemon [_thread_in_native, id=11216, stack(0x0000000015b80000,0x0000000015c80000)]
  0x0000000014433800 JavaThread "C2 CompilerThread0" daemon [_thread_blocked, id=9492, stack(0x0000000015a80000,0x0000000015b80000)]
  0x0000000014431000 JavaThread "Attach Listener" daemon [_thread_blocked, id=11876, stack(0x0000000015980000,0x0000000015a80000)]
  0x000000001442c000 JavaThread "Signal Dispatcher" daemon [_thread_blocked, id=10752, stack(0x0000000015880000,0x0000000015980000)]
  0x000000000300b800 JavaThread "Finalizer" daemon [_thread_blocked, id=6844, stack(0x0000000015680000,0x0000000015780000)]
  0x00000000143f9000 JavaThread "Reference Handler" daemon [_thread_blocked, id=11284, stack(0x0000000015580000,0x0000000015680000)]
  0x0000000002f0e000 JavaThread "main" [_thread_blocked, id=10060, stack(0x0000000002d30000,0x0000000002e30000)]

Other Threads:
  0x00000000143f7800 VMThread [stack: 0x0000000015480000,0x0000000015580000] [id=10012]
  0x000000001448e800 WatcherThread [stack: 0x0000000016280000,0x0000000016380000] [id=4084]

VM state:not at safepoint (normal execution)

VM Mutex/Monitor currently owned by a thread: None

Heap:
 PSYoungGen      total 76288K, used 16102K [0x00000000f5580000, 0x00000000faa80000, 0x0000000100000000)
  eden space 65536K, 11% used [0x00000000f5580000,0x00000000f5cff490,0x00000000f9580000)
  from space 10752K, 78% used [0x00000000f9580000,0x00000000f9dba678,0x00000000fa000000)
  to   space 10752K, 0% used [0x00000000fa000000,0x00000000fa000000,0x00000000faa80000)
 ParOldGen       total 175104K, used 31741K [0x00000000e0000000, 0x00000000eab00000, 0x00000000f5580000)
  object space 175104K, 18% used [0x00000000e0000000,0x00000000e1eff740,0x00000000eab00000)
 Metaspace       used 54315K, capacity 56376K, committed 56536K, reserved 1097728K
  class space    used 7488K, capacity 8091K, committed 8152K, reserved 1048576K

Card table byte_map: [0x00000000123d0000,0x00000000124e0000] byte_map_base: 0x0000000011cd0000

Marking Bits: (ParMarkBitMap*) 0x00000000688fb6d0
 Begin Bits: [0x0000000012990000, 0x0000000013190000)
 End Bits:   [0x0000000013190000, 0x0000000013990000)

Polling page: 0x0000000002e30000

CodeCache: size=245760Kb used=17877Kb max_used=17889Kb free=227882Kb
 bounds [0x0000000003010000, 0x00000000041a0000, 0x0000000012010000]
 total_blobs=6016 nmethods=5221 adapters=706
 compilation: enabled

Compilation events (10 events):
Event: 30.657 Thread 0x000000001443d000 nmethod 5566 0x0000000004183590 code [0x0000000004183880, 0x0000000004185288]
Event: 30.657 Thread 0x000000001443d000 5567       3       org.gradle.internal.service.DefaultServiceRegistry::add (23 bytes)
Event: 30.657 Thread 0x000000001443d000 nmethod 5567 0x0000000004182310 code [0x0000000004182500, 0x0000000004182e28]
Event: 30.657 Thread 0x000000001443d000 5568       3       org.gradle.internal.service.DefaultServiceRegistry$FixedInstanceService::<init> (12 bytes)
Event: 30.658 Thread 0x000000001443d000 nmethod 5568 0x0000000004181410 code [0x00000000041815e0, 0x0000000004181da8]
Event: 30.667 Thread 0x0000000014433800 nmethod 5545 0x00000000041939d0 code [0x0000000004193b80, 0x0000000004194af8]
Event: 30.667 Thread 0x0000000014433800 5544       4       java.util.TreeMap::get (19 bytes)
Event: 30.672 Thread 0x0000000014433800 nmethod 5544 0x000000000417dc90 code [0x000000000417dde0, 0x000000000417e178]
Event: 30.672 Thread 0x0000000014433800 5565       4       java.util.HashSet::iterator (13 bytes)
Event: 30.677 Thread 0x0000000014433800 nmethod 5565 0x000000000417d1d0 code [0x000000000417d360, 0x000000000417d858]

GC Heap History (10 events):
Event: 22.467 GC heap before
{Heap before GC invocations=9 (full 2):
 PSYoungGen      total 76288K, used 9588K [0x00000000f5580000, 0x00000000faa80000, 0x0000000100000000)
  eden space 65536K, 0% used [0x00000000f5580000,0x00000000f5580000,0x00000000f9580000)
  from space 10752K, 89% used [0x00000000f9580000,0x00000000f9edd260,0x00000000fa000000)
  to   space 10752K, 0% used [0x00000000fa000000,0x00000000fa000000,0x00000000faa80000)
 ParOldGen       total 175104K, used 11847K [0x00000000e0000000, 0x00000000eab00000, 0x00000000f5580000)
  object space 175104K, 6% used [0x00000000e0000000,0x00000000e0b91d68,0x00000000eab00000)
 Metaspace       used 34563K, capacity 35306K, committed 35416K, reserved 1079296K
  class space    used 4876K, capacity 5132K, committed 5208K, reserved 1048576K
Event: 22.559 GC heap after
Heap after GC invocations=9 (full 2):
 PSYoungGen      total 76288K, used 0K [0x00000000f5580000, 0x00000000faa80000, 0x0000000100000000)
  eden space 65536K, 0% used [0x00000000f5580000,0x00000000f5580000,0x00000000f9580000)
  from space 10752K, 0% used [0x00000000f9580000,0x00000000f9580000,0x00000000fa000000)
  to   space 10752K, 0% used [0x00000000fa000000,0x00000000fa000000,0x00000000faa80000)
 ParOldGen       total 175104K, used 16907K [0x00000000e0000000, 0x00000000eab00000, 0x00000000f5580000)
  object space 175104K, 9% used [0x00000000e0000000,0x00000000e1082c70,0x00000000eab00000)
 Metaspace       used 34559K, capacity 35294K, committed 35416K, reserved 1079296K
  class space    used 4875K, capacity 5130K, committed 5208K, reserved 1048576K
}
Event: 24.077 GC heap before
{Heap before GC invocations=10 (full 2):
 PSYoungGen      total 76288K, used 65536K [0x00000000f5580000, 0x00000000faa80000, 0x0000000100000000)
  eden space 65536K, 100% used [0x00000000f5580000,0x00000000f9580000,0x00000000f9580000)
  from space 10752K, 0% used [0x00000000f9580000,0x00000000f9580000,0x00000000fa000000)
  to   space 10752K, 0% used [0x00000000fa000000,0x00000000fa000000,0x00000000faa80000)
 ParOldGen       total 175104K, used 16907K [0x00000000e0000000, 0x00000000eab00000, 0x00000000f5580000)
  object space 175104K, 9% used [0x00000000e0000000,0x00000000e1082c70,0x00000000eab00000)
 Metaspace       used 41404K, capacity 42484K, committed 42712K, reserved 1085440K
  class space    used 5707K, capacity 6031K, committed 6104K, reserved 1048576K
Event: 24.093 GC heap after
Heap after GC invocations=10 (full 2):
 PSYoungGen      total 76288K, used 8134K [0x00000000f5580000, 0x00000000faa80000, 0x0000000100000000)
  eden space 65536K, 0% used [0x00000000f5580000,0x00000000f5580000,0x00000000f9580000)
  from space 10752K, 75% used [0x00000000fa000000,0x00000000fa7f1898,0x00000000faa80000)
  to   space 10752K, 0% used [0x00000000f9580000,0x00000000f9580000,0x00000000fa000000)
 ParOldGen       total 175104K, used 16915K [0x00000000e0000000, 0x00000000eab00000, 0x00000000f5580000)
  object space 175104K, 9% used [0x00000000e0000000,0x00000000e1084c70,0x00000000eab00000)
 Metaspace       used 41404K, capacity 42484K, committed 42712K, reserved 1085440K
  class space    used 5707K, capacity 6031K, committed 6104K, reserved 1048576K
}
Event: 25.056 GC heap before
{Heap before GC invocations=11 (full 2):
 PSYoungGen      total 76288K, used 73670K [0x00000000f5580000, 0x00000000faa80000, 0x0000000100000000)
  eden space 65536K, 100% used [0x00000000f5580000,0x00000000f9580000,0x00000000f9580000)
  from space 10752K, 75% used [0x00000000fa000000,0x00000000fa7f1898,0x00000000faa80000)
  to   space 10752K, 0% used [0x00000000f9580000,0x00000000f9580000,0x00000000fa000000)
 ParOldGen       total 175104K, used 16915K [0x00000000e0000000, 0x00000000eab00000, 0x00000000f5580000)
  object space 175104K, 9% used [0x00000000e0000000,0x00000000e1084c70,0x00000000eab00000)
 Metaspace       used 45754K, capacity 46946K, committed 47192K, reserved 1089536K
  class space    used 6276K, capacity 6651K, committed 6744K, reserved 1048576K
Event: 25.070 GC heap after
Heap after GC invocations=11 (full 2):
 PSYoungGen      total 76288K, used 10728K [0x00000000f5580000, 0x00000000faa80000, 0x0000000100000000)
  eden space 65536K, 0% used [0x00000000f5580000,0x00000000f5580000,0x00000000f9580000)
  from space 10752K, 99% used [0x00000000f9580000,0x00000000f9ffa1c0,0x00000000fa000000)
  to   space 10752K, 0% used [0x00000000fa000000,0x00000000fa000000,0x00000000faa80000)
 ParOldGen       total 175104K, used 18111K [0x00000000e0000000, 0x00000000eab00000, 0x00000000f5580000)
  object space 175104K, 10% used [0x00000000e0000000,0x00000000e11afd90,0x00000000eab00000)
 Metaspace       used 45754K, capacity 46946K, committed 47192K, reserved 1089536K
  class space    used 6276K, capacity 6651K, committed 6744K, reserved 1048576K
}
Event: 26.190 GC heap before
{Heap before GC invocations=12 (full 2):
 PSYoungGen      total 76288K, used 76264K [0x00000000f5580000, 0x00000000faa80000, 0x0000000100000000)
  eden space 65536K, 100% used [0x00000000f5580000,0x00000000f9580000,0x00000000f9580000)
  from space 10752K, 99% used [0x00000000f9580000,0x00000000f9ffa1c0,0x00000000fa000000)
  to   space 10752K, 0% used [0x00000000fa000000,0x00000000fa000000,0x00000000faa80000)
 ParOldGen       total 175104K, used 18111K [0x00000000e0000000, 0x00000000eab00000, 0x00000000f5580000)
  object space 175104K, 10% used [0x00000000e0000000,0x00000000e11afd90,0x00000000eab00000)
 Metaspace       used 51886K, capacity 53344K, committed 53464K, reserved 1095680K
  class space    used 7163K, capacity 7564K, committed 7640K, reserved 1048576K
Event: 26.210 GC heap after
Heap after GC invocations=12 (full 2):
 PSYoungGen      total 76288K, used 10740K [0x00000000f5580000, 0x00000000faa80000, 0x0000000100000000)
  eden space 65536K, 0% used [0x00000000f5580000,0x00000000f5580000,0x00000000f9580000)
  from space 10752K, 99% used [0x00000000fa000000,0x00000000faa7d0c8,0x00000000faa80000)
  to   space 10752K, 0% used [0x00000000f9580000,0x00000000f9580000,0x00000000fa000000)
 ParOldGen       total 175104K, used 23792K [0x00000000e0000000, 0x00000000eab00000, 0x00000000f5580000)
  object space 175104K, 13% used [0x00000000e0000000,0x00000000e173c008,0x00000000eab00000)
 Metaspace       used 51886K, capacity 53344K, committed 53464K, reserved 1095680K
  class space    used 7163K, capacity 7564K, committed 7640K, reserved 1048576K
}
Event: 30.607 GC heap before
{Heap before GC invocations=13 (full 2):
 PSYoungGen      total 76288K, used 76276K [0x00000000f5580000, 0x00000000faa80000, 0x0000000100000000)
  eden space 65536K, 100% used [0x00000000f5580000,0x00000000f9580000,0x00000000f9580000)
  from space 10752K, 99% used [0x00000000fa000000,0x00000000faa7d0c8,0x00000000faa80000)
  to   space 10752K, 0% used [0x00000000f9580000,0x00000000f9580000,0x00000000fa000000)
 ParOldGen       total 175104K, used 23792K [0x00000000e0000000, 0x00000000eab00000, 0x00000000f5580000)
  object space 175104K, 13% used [0x00000000e0000000,0x00000000e173c008,0x00000000eab00000)
 Metaspace       used 54295K, capacity 56306K, committed 56536K, reserved 1097728K
  class space    used 7484K, capacity 8090K, committed 8152K, reserved 1048576K
Event: 30.630 GC heap after
Heap after GC invocations=13 (full 2):
 PSYoungGen      total 76288K, used 8425K [0x00000000f5580000, 0x00000000faa80000, 0x0000000100000000)
  eden space 65536K, 0% used [0x00000000f5580000,0x00000000f5580000,0x00000000f9580000)
  from space 10752K, 78% used [0x00000000f9580000,0x00000000f9dba678,0x00000000fa000000)
  to   space 10752K, 0% used [0x00000000fa000000,0x00000000fa000000,0x00000000faa80000)
 ParOldGen       total 175104K, used 31741K [0x00000000e0000000, 0x00000000eab00000, 0x00000000f5580000)
  object space 175104K, 18% used [0x00000000e0000000,0x00000000e1eff740,0x00000000eab00000)
 Metaspace       used 54295K, capacity 56306K, committed 56536K, reserved 1097728K
  class space    used 7484K, capacity 8090K, committed 8152K, reserved 1048576K
}

Deoptimization events (10 events):
Event: 29.708 Thread 0x0000000017323000 Uncommon trap: reason=bimorphic action=maybe_recompile pc=0x000000000362ce3c method=java.util.Hashtable.get(Ljava/lang/Object;)Ljava/lang/Object; @ 6
Event: 29.708 Thread 0x0000000017323000 Uncommon trap: reason=bimorphic action=maybe_recompile pc=0x000000000362ce3c method=java.util.Hashtable.get(Ljava/lang/Object;)Ljava/lang/Object; @ 6
Event: 29.874 Thread 0x0000000017323000 Uncommon trap: reason=unstable_if action=reinterpret pc=0x00000000031bc0a8 method=java.lang.String.replace(CC)Ljava/lang/String; @ 2
Event: 29.910 Thread 0x0000000017323000 Uncommon trap: reason=unstable_if action=reinterpret pc=0x0000000003b7adbc method=groovy.lang.MetaClassImpl.checkIfStdMethod(Lgroovy/lang/MetaMethod;)V @ 55
Event: 29.910 Thread 0x0000000017323000 Uncommon trap: reason=unstable_if action=reinterpret pc=0x0000000003b64d7c method=groovy.lang.MetaClassImpl.checkIfStdMethod(Lgroovy/lang/MetaMethod;)V @ 55
Event: 29.910 Thread 0x0000000017323000 Uncommon trap: reason=unstable_if action=reinterpret pc=0x0000000003f5dcd8 method=org.codehaus.groovy.runtime.metaclass.MetaMethodIndex.copyNonPrivateNonNewMetaMethods(Lorg/codehaus/groovy/runtime/metaclass/MetaMethodIndex$Entry;Lorg/codehaus/groovy/runti
Event: 29.911 Thread 0x0000000017323000 Uncommon trap: reason=unstable_if action=reinterpret pc=0x000000000396609c method=groovy.lang.MetaClassImpl$1MOPIter.methodNameAction(Ljava/lang/Class;Lorg/codehaus/groovy/runtime/metaclass/MetaMethodIndex$Entry;)V @ 182
Event: 30.465 Thread 0x0000000017323000 Uncommon trap: reason=bimorphic action=maybe_recompile pc=0x0000000004053458 method=org.codehaus.groovy.util.SingleKeyHashMap.get(Ljava/lang/Object;)Ljava/lang/Object; @ 43
Event: 30.468 Thread 0x0000000017323000 Uncommon trap: reason=bimorphic action=maybe_recompile pc=0x0000000004053458 method=org.codehaus.groovy.util.SingleKeyHashMap.get(Ljava/lang/Object;)Ljava/lang/Object; @ 43
Event: 30.595 Thread 0x0000000017323000 Uncommon trap: reason=unstable_if action=reinterpret pc=0x00000000038376e4 method=org.codehaus.groovy.runtime.metaclass.MetaMethodIndex.addMethodToList(Ljava/lang/Object;Lgroovy/lang/MetaMethod;)Ljava/lang/Object; @ 256

Internal exceptions (10 events):
Event: 30.606 Thread 0x0000000017323000 Exception <a 'java/lang/ClassNotFoundException': org/gradle/api/internal/ConventionTaskCustomizer> (0x00000000f9555b80) thrown at [C:\re\workspace\8-2-build-windows-amd64-cygwin\jdk8u121\8372\hotspot\src\share\vm\classfile\systemDictionary.cpp, line 210]
Event: 30.631 Thread 0x0000000017323000 Exception <a 'java/lang/ClassNotFoundException': org/gradle/api/tasks/AbstractCopyTaskCustomizer> (0x00000000f559ca40) thrown at [C:\re\workspace\8-2-build-windows-amd64-cygwin\jdk8u121\8372\hotspot\src\share\vm\classfile\systemDictionary.cpp, line 210]
Event: 30.635 Thread 0x0000000017323000 Exception <a 'java/lang/ClassNotFoundException': org/gradle/api/tasks/CopyCustomizer> (0x00000000f5652d60) thrown at [C:\re\workspace\8-2-build-windows-amd64-cygwin\jdk8u121\8372\hotspot\src\share\vm\classfile\systemDictionary.cpp, line 210]
Event: 30.636 Thread 0x0000000017323000 Exception <a 'java/lang/ClassNotFoundException': org/gradle/api/tasks/Copy_DecoratedCustomizer> (0x00000000f569da78) thrown at [C:\re\workspace\8-2-build-windows-amd64-cygwin\jdk8u121\8372\hotspot\src\share\vm\classfile\systemDictionary.cpp, line 210]
Event: 30.645 Thread 0x0000000017323000 Exception <a 'java/lang/ClassNotFoundException': org/gradle/api/internal/artifacts/configurations/DefaultConfigurationContainer_DecoratedBeanInfo> (0x00000000f59a8ac0) thrown at [C:\re\workspace\8-2-build-windows-amd64-cygwin\jdk8u121\8372\hotspot\src\sha
Event: 30.646 Thread 0x0000000017323000 Exception <a 'java/lang/ClassNotFoundException': org/gradle/api/internal/artifacts/configurations/DefaultConfigurationContainerBeanInfo> (0x00000000f5a094a0) thrown at [C:\re\workspace\8-2-build-windows-amd64-cygwin\jdk8u121\8372\hotspot\src\share\vm\clas
Event: 30.647 Thread 0x0000000017323000 Exception <a 'java/lang/ClassNotFoundException': org/gradle/api/internal/AbstractValidatingNamedDomainObjectContainerBeanInfo> (0x00000000f5a4cbb8) thrown at [C:\re\workspace\8-2-build-windows-amd64-cygwin\jdk8u121\8372\hotspot\src\share\vm\classfile\syst
Event: 30.648 Thread 0x0000000017323000 Exception <a 'java/lang/ClassNotFoundException': org/gradle/api/internal/AbstractValidatingNamedDomainObjectContainerCustomizer> (0x00000000f5a910e0) thrown at [C:\re\workspace\8-2-build-windows-amd64-cygwin\jdk8u121\8372\hotspot\src\share\vm\classfile\sy
Event: 30.650 Thread 0x0000000017323000 Exception <a 'java/lang/ClassNotFoundException': org/gradle/api/internal/artifacts/configurations/DefaultConfigurationContainerCustomizer> (0x00000000f5b01498) thrown at [C:\re\workspace\8-2-build-windows-amd64-cygwin\jdk8u121\8372\hotspot\src\share\vm\cl
Event: 30.652 Thread 0x0000000017323000 Exception <a 'java/lang/ClassNotFoundException': org/gradle/api/internal/artifacts/configurations/DefaultConfigurationContainer_DecoratedCustomizer> (0x00000000f5b84080) thrown at [C:\re\workspace\8-2-build-windows-amd64-cygwin\jdk8u121\8372\hotspot\src\s

Events (10 events):
Event: 30.651 loading class org/gradle/api/internal/artifacts/configurations/DefaultConfigurationContainer_DecoratedCustomizer
Event: 30.651 loading class org/gradle/api/internal/artifacts/configurations/DefaultConfigurationContainer_DecoratedCustomizer done
Event: 30.653 loading class org/gradle/internal/extensibility/ConventionAwareHelper$MappedPropertyImpl
Event: 30.653 loading class org/gradle/internal/extensibility/ConventionAwareHelper$MappedPropertyImpl done
Event: 30.653 loading class org/gradle/api/internal/ConventionMapping$MappedProperty
Event: 30.653 loading class org/gradle/api/internal/ConventionMapping$MappedProperty done
Event: 30.654 loading class org/gradle/internal/extensibility/ConventionAwareHelper$2
Event: 30.654 loading class org/gradle/internal/extensibility/ConventionAwareHelper$2 done
Event: 30.654 loading class org/gradle/internal/extensibility/ConventionAwareHelper$1
Event: 30.654 loading class org/gradle/internal/extensibility/ConventionAwareHelper$1 done


Dynamic libraries:
0x00007ff7682e0000 - 0x00007ff768317000 	C:\Program Files\Java\jdk1.8.0_121\bin\java.exe
0x00007fff297c0000 - 0x00007fff299ad000 	C:\WINDOWS\SYSTEM32\ntdll.dll
0x00007fff26fc0000 - 0x00007fff27073000 	C:\WINDOWS\System32\KERNEL32.DLL
0x00007fff262a0000 - 0x00007fff26533000 	C:\WINDOWS\System32\KERNELBASE.dll
0x00007fff27080000 - 0x00007fff27123000 	C:\WINDOWS\System32\ADVAPI32.dll
0x00007fff26ec0000 - 0x00007fff26f5e000 	C:\WINDOWS\System32\msvcrt.dll
0x00007fff27130000 - 0x00007fff271ce000 	C:\WINDOWS\System32\sechost.dll
0x00007fff27f00000 - 0x00007fff28022000 	C:\WINDOWS\System32\RPCRT4.dll
0x00007fff269e0000 - 0x00007fff26b77000 	C:\WINDOWS\System32\USER32.dll
0x00007fff26080000 - 0x00007fff260a0000 	C:\WINDOWS\System32\win32u.dll
0x00007fff29700000 - 0x00007fff29729000 	C:\WINDOWS\System32\GDI32.dll
0x00007fff26100000 - 0x00007fff26299000 	C:\WINDOWS\System32\gdi32full.dll
0x00007fff268f0000 - 0x00007fff26990000 	C:\WINDOWS\System32\msvcp_win.dll
0x00007fff267d0000 - 0x00007fff268ca000 	C:\WINDOWS\System32\ucrtbase.dll
0x00007fff13b50000 - 0x00007fff13dc9000 	C:\WINDOWS\WinSxS\amd64_microsoft.windows.common-controls_6595b64144ccf1df_6.0.17763.1098_none_de762ed45346ee8a\COMCTL32.dll
0x00007fff27bd0000 - 0x00007fff27efc000 	C:\WINDOWS\System32\combase.dll
0x00007fff25880000 - 0x00007fff258fe000 	C:\WINDOWS\System32\bcryptPrimitives.dll
0x00007fff28030000 - 0x00007fff2805e000 	C:\WINDOWS\System32\IMM32.DLL
0x0000000068980000 - 0x0000000068a52000 	C:\Program Files\Java\jdk1.8.0_121\jre\bin\msvcr100.dll
0x00000000680e0000 - 0x000000006897b000 	C:\Program Files\Java\jdk1.8.0_121\jre\bin\server\jvm.dll
0x00007fff28060000 - 0x00007fff28068000 	C:\WINDOWS\System32\PSAPI.DLL
0x00007fff24330000 - 0x00007fff24339000 	C:\WINDOWS\SYSTEM32\WSOCK32.dll
0x00007fff19860000 - 0x00007fff1986a000 	C:\WINDOWS\SYSTEM32\VERSION.dll
0x00007fff219b0000 - 0x00007fff219d4000 	C:\WINDOWS\SYSTEM32\WINMM.dll
0x00007fff277f0000 - 0x00007fff2785d000 	C:\WINDOWS\System32\WS2_32.dll
0x00007fff21980000 - 0x00007fff219ad000 	C:\WINDOWS\SYSTEM32\WINMMBASE.dll
0x00007fff26990000 - 0x00007fff269da000 	C:\WINDOWS\System32\cfgmgr32.dll
0x00000000680d0000 - 0x00000000680df000 	C:\Program Files\Java\jdk1.8.0_121\jre\bin\verify.dll
0x00000000680a0000 - 0x00000000680c9000 	C:\Program Files\Java\jdk1.8.0_121\jre\bin\java.dll
0x0000000068080000 - 0x0000000068096000 	C:\Program Files\Java\jdk1.8.0_121\jre\bin\zip.dll
0x00007fff28200000 - 0x00007fff296f4000 	C:\WINDOWS\System32\SHELL32.dll
0x00007fff271d0000 - 0x00007fff27278000 	C:\WINDOWS\System32\shcore.dll
0x00007fff25900000 - 0x00007fff2604d000 	C:\WINDOWS\System32\windows.storage.dll
0x00007fff257d0000 - 0x00007fff257f4000 	C:\WINDOWS\System32\profapi.dll
0x00007fff25800000 - 0x00007fff2585d000 	C:\WINDOWS\System32\powrprof.dll
0x00007fff27290000 - 0x00007fff272e2000 	C:\WINDOWS\System32\shlwapi.dll
0x00007fff257b0000 - 0x00007fff257c1000 	C:\WINDOWS\System32\kernel.appcore.dll
0x00007fff268d0000 - 0x00007fff268e7000 	C:\WINDOWS\System32\cryptsp.dll
0x0000000068060000 - 0x000000006807a000 	C:\Program Files\Java\jdk1.8.0_121\jre\bin\net.dll
0x00007fff25020000 - 0x00007fff25087000 	C:\WINDOWS\system32\mswsock.dll
0x0000000068040000 - 0x0000000068051000 	C:\Program Files\Java\jdk1.8.0_121\jre\bin\nio.dll
0x00007fff21840000 - 0x00007fff21866000 	C:\Users\hp\.gradle\native\29\windows-amd64\native-platform.dll
0x0000000068030000 - 0x000000006803d000 	C:\Program Files\Java\jdk1.8.0_121\jre\bin\management.dll
0x00007fff24ba0000 - 0x00007fff24bd3000 	C:\WINDOWS\system32\rsaenh.dll
0x00007fff26050000 - 0x00007fff26076000 	C:\WINDOWS\System32\bcrypt.dll
0x00007fff256b0000 - 0x00007fff256d8000 	C:\WINDOWS\SYSTEM32\USERENV.dll
0x00007fff251f0000 - 0x00007fff251fc000 	C:\WINDOWS\SYSTEM32\CRYPTBASE.dll
0x00007fff24d40000 - 0x00007fff24d7d000 	C:\WINDOWS\SYSTEM32\IPHLPAPI.DLL
0x00007fff26d30000 - 0x00007fff26d38000 	C:\WINDOWS\System32\NSI.dll
0x00007fff15f10000 - 0x00007fff15f26000 	C:\WINDOWS\SYSTEM32\dhcpcsvc6.DLL
0x00007fff15fc0000 - 0x00007fff15fdc000 	C:\WINDOWS\SYSTEM32\dhcpcsvc.DLL
0x00007fff24d80000 - 0x00007fff24e46000 	C:\WINDOWS\SYSTEM32\DNSAPI.dll

VM Arguments:
jvm_args: -XX:MaxMetaspaceSize=256m -XX:+HeapDumpOnOutOfMemoryError -Xms256m -Xmx512m -Dfile.encoding=windows-1252 -Duser.country=US -Duser.language=en -Duser.variant 
java_command: org.gradle.launcher.daemon.bootstrap.GradleDaemon 5.5
java_class_path (initial): C:\Users\hp\.gradle\wrapper\dists\gradle-5.5-all\byeise1led9a3w3p149d02kfj\gradle-5.5\lib\gradle-launcher-5.5.jar
Launcher Type: SUN_STANDARD

Environment Variables:
CLASSPATH=E:\myfirstapp\firstproject\android\\gradle\wrapper\gradle-wrapper.jar
PATH=E:\myfirstapp\firstproject\node_modules\.bin;C:\Program Files\Python37\Scripts\;C:\Program Files\Python37\;C:\Program Files\Java\jdk1.8.0_121\bin;C:\WINDOWS\system32;C:\WINDOWS;C:\WINDOWS\System32\Wbem;C:\WINDOWS\System32\WindowsPowerShell\v1.0\;C:\Program Files\gnuplot\bin;E:\matlab\runtime\win64;E:\matlab\bin;C:\WINDOWS\System32\OpenSSH\;C:\Program Files (x86)\Microsoft SQL Server\Client SDK\ODBC\130\Tools\Binn\;C:\Program Files (x86)\Microsoft SQL Server\140\Tools\Binn\;C:\Program Files (x86)\Microsoft SQL Server\140\DTS\Binn\;C:\Program Files (x86)\Microsoft SQL Server\140\Tools\Binn\ManagementStudio\;C:\Program Files\Microsoft SQL Server\120\Tools\Binn\;C:\Program Files\Microsoft SQL Server\Client SDK\ODBC\110\Tools\Binn\;C:\Program Files (x86)\Microsoft SQL Server\120\Tools\Binn\;C:\Program Files\Microsoft SQL Server\120\DTS\Binn\;C:\Program Files\Microsoft SQL Server\Client SDK\ODBC\130\Tools\Binn\;C:\Program Files\Microsoft SQL Server\140\Tools\Binn\;C:\Program Files\Microsoft SQL Server\140\DTS\Binn\;C:\Program Files\Microsoft SQL Server\130\Tools\Binn\;C:\Users\hp\AppDa;E:\opencv\build\x64\vc15\bin;E:\opencv\build\x64\vc15\bin;E:\opencv\build\bin;C:\Program Files\nodejs\;E:\Android\Sdk\platform-tools;E:\anaconda;E:\anaconda\Library\mingw-w64\bin;E:\anaconda\Library\usr\bin;E:\anaconda\Library\bin;E:\anaconda\Scripts;C:\Users\hp\AppData\Local\Programs\Python\Python37-32\Scripts\;C:\Users\hp\AppData\Local\Programs\Python\Python37-32\;C:\Program Files\Java\jdk1.8.0_121\bin;C:\Users\hp\AppData\Local\Microsoft\WindowsApps;C:\Program Files\JetBrains\PyCharm Edu 2019.2.1\bin;;C:\Users\hp\AppData\Roaming\npm;E:\Android\Sdk\platform-tools;
USERNAME=hp
OS=Windows_NT
PROCESSOR_IDENTIFIER=Intel64 Family 6 Model 142 Stepping 9, GenuineIntel



---------------  S Y S T E M  ---------------

OS: Windows 10.0 , 64 bit Build 17763 (10.0.17763.475)

CPU:total 4 (2 cores per cpu, 2 threads per core) family 6 model 142 stepping 9, cmov, cx8, fxsr, mmx, sse, sse2, sse3, ssse3, sse4.1, sse4.2, popcnt, avx, avx2, aes, clmul, erms, 3dnowpref, lzcnt, ht, tsc, tscinvbit, bmi1, bmi2, adx

Memory: 4k page, physical 4109540k(465820k free), swap 6622168k(5268k free)

vm_info: Java HotSpot(TM) 64-Bit Server VM (25.121-b13) for windows-amd64 JRE (1.8.0_121-b13), built on Dec 12 2016 18:21:36 by "java_re" with MS VC++ 10.0 (VS2010)

time: Tue Mar 31 00:44:53 2020
elapsed time: 31 seconds (0d 0h 0m 31s)

