#
# There is insufficient memory for the Java Runtime Environment to continue.
# Native memory allocation (malloc) failed to allocate 56992 bytes for Chunk::new
# Possible reasons:
#   The system is out of physical RAM or swap space
#   In 32 bit mode, the process size limit was hit
# Possible solutions:
#   Reduce memory load on the system
#   Increase physical memory or swap space
#   Check if swap backing store is full
#   Use 64 bit Java on a 64 bit OS
#   Decrease Java heap size (-Xmx/-Xms)
#   Decrease number of Java threads
#   Decrease Java thread stack sizes (-Xss)
#   Set larger code cache with -XX:ReservedCodeCacheSize=
# This output file may be truncated or incomplete.
#
#  Out of Memory Error (allocation.cpp:390), pid=8840, tid=0x0000000000000a94
#
# JRE version: Java(TM) SE Runtime Environment (8.0_121-b13) (build 1.8.0_121-b13)
# Java VM: Java HotSpot(TM) 64-Bit Server VM (25.121-b13 mixed mode windows-amd64 compressed oops)
# Failed to write core dump. Minidumps are not enabled by default on client versions of Windows
#

---------------  T H R E A D  ---------------

Current thread (0x00000000132d2000):  JavaThread "C2 CompilerThread0" daemon [_thread_in_native, id=2708, stack(0x0000000014920000,0x0000000014a20000)]

Stack: [0x0000000014920000,0x0000000014a20000]
[error occurred during error reporting (printing stack bounds), id 0xc0000005]

Native frames: (J=compiled Java code, j=interpreted, Vv=VM code, C=native code)


Current CompileTask:
C2: 206601 1505       4       java.util.AbstractList::equals (117 bytes)


---------------  P R O C E S S  ---------------

Java Threads: ( => current thread )
  0x00000000154a4000 JavaThread "Forward input" [_thread_blocked, id=12216, stack(0x0000000017530000,0x0000000017630000)]
  0x00000000154a1800 JavaThread "DisconnectableInputStream source reader" daemon [_thread_in_native, id=9872, stack(0x0000000017430000,0x0000000017530000)]
  0x0000000015dba000 JavaThread "pool-1-thread-1" [_thread_blocked, id=4084, stack(0x0000000016d30000,0x0000000016e30000)]
  0x0000000014b41000 JavaThread "Service Thread" daemon [_thread_blocked, id=2784, stack(0x0000000015020000,0x0000000015120000)]
  0x0000000014b28800 JavaThread "C1 CompilerThread2" daemon [_thread_blocked, id=4452, stack(0x0000000014f20000,0x0000000015020000)]
  0x00000000132d5000 JavaThread "C2 CompilerThread1" daemon [_thread_blocked, id=9188, stack(0x0000000014a20000,0x0000000014b20000)]
=>0x00000000132d2000 JavaThread "C2 CompilerThread0" daemon [_thread_in_native, id=2708, stack(0x0000000014920000,0x0000000014a20000)]
  0x00000000132ce000 JavaThread "Attach Listener" daemon [_thread_blocked, id=5068, stack(0x0000000014820000,0x0000000014920000)]
  0x00000000132cd000 JavaThread "Signal Dispatcher" daemon [_thread_blocked, id=11476, stack(0x0000000014720000,0x0000000014820000)]
  0x00000000132ba800 JavaThread "Finalizer" daemon [_thread_blocked, id=11000, stack(0x0000000014520000,0x0000000014620000)]
  0x0000000002f63000 JavaThread "Reference Handler" daemon [_thread_blocked, id=1432, stack(0x0000000014420000,0x0000000014520000)]
  0x0000000002e2e800 JavaThread "main" [_thread_in_native, id=2432, stack(0x0000000002cb0000,0x0000000002db0000)]

Other Threads:
  0x0000000013298000 VMThread [stack: 0x0000000014320000,0x0000000014420000] [id=5748]
  0x0000000014b50800 WatcherThread [stack: 0x0000000015120000,0x0000000015220000] [id=8720]

VM state:not at safepoint (normal execution)

VM Mutex/Monitor currently owned by a thread: None

Heap:
 PSYoungGen      total 18944K, used 11892K [0x00000000feb00000, 0x0000000100000000, 0x0000000100000000)
  eden space 16384K, 57% used [0x00000000feb00000,0x00000000ff424fe8,0x00000000ffb00000)
  from space 2560K, 98% used [0x00000000ffb00000,0x00000000ffd78020,0x00000000ffd80000)
  to   space 2560K, 0% used [0x00000000ffd80000,0x00000000ffd80000,0x0000000100000000)
 ParOldGen       total 44032K, used 2777K [0x00000000fc000000, 0x00000000feb00000, 0x00000000feb00000)
  object space 44032K, 6% used [0x00000000fc000000,0x00000000fc2b65e0,0x00000000feb00000)
 Metaspace       used 11829K, capacity 12142K, committed 12416K, reserved 1060864K
  class space    used 1536K, capacity 1627K, committed 1664K, reserved 1048576K

Card table byte_map: [0x0000000001080000,0x00000000010b0000] byte_map_base: 0x00000000008a0000

Marking Bits: (ParMarkBitMap*) 0x00000000688fb6d0
 Begin Bits: [0x0000000012730000, 0x0000000012830000)
 End Bits:   [0x0000000012830000, 0x0000000012930000)

Polling page: 0x0000000001050000

CodeCache: size=245760Kb used=4793Kb max_used=4826Kb free=240966Kb
 bounds [0x0000000002f70000, 0x0000000003430000, 0x0000000011f70000]
 total_blobs=1790 nmethods=1419 adapters=284
 compilation: enabled

Compilation events (10 events):
Event: 182.620 Thread 0x0000000014b28800 nmethod 1500 0x00000000033dadd0 code [0x00000000033daf60, 0x00000000033db2e8]
Event: 182.620 Thread 0x0000000014b28800 1501       3       com.google.common.base.Predicates$InstanceOfPredicate::<init> (16 bytes)
Event: 182.620 Thread 0x0000000014b28800 nmethod 1501 0x00000000033d2410 code [0x00000000033d2580, 0x00000000033d28a8]
Event: 186.320 Thread 0x0000000014b28800 1502       3       org.gradle.internal.logging.console.BuildLogLevelFilterRenderer::onOutput (53 bytes)
Event: 186.322 Thread 0x0000000014b28800 nmethod 1502 0x00000000033d1950 code [0x00000000033d1b00, 0x00000000033d2258]
Event: 194.220 Thread 0x00000000132d2000 1503       4       java.lang.Integer::getChars (131 bytes)
Event: 194.224 Thread 0x00000000132d2000 nmethod 1503 0x0000000003402290 code [0x00000000034023e0, 0x00000000034025b8]
Event: 202.621 Thread 0x00000000132d5000 1504       4       java.util.AbstractList$Itr::<init> (31 bytes)
Event: 202.624 Thread 0x00000000132d5000 nmethod 1504 0x000000000308f390 code [0x000000000308f4c0, 0x000000000308f558]
Event: 203.419 Thread 0x00000000132d2000 1505       4       java.util.AbstractList::equals (117 bytes)

GC Heap History (6 events):
Event: 1.719 GC heap before
{Heap before GC invocations=1 (full 0):
 PSYoungGen      total 18944K, used 16384K [0x00000000feb00000, 0x0000000100000000, 0x0000000100000000)
  eden space 16384K, 100% used [0x00000000feb00000,0x00000000ffb00000,0x00000000ffb00000)
  from space 2560K, 0% used [0x00000000ffd80000,0x00000000ffd80000,0x0000000100000000)
  to   space 2560K, 0% used [0x00000000ffb00000,0x00000000ffb00000,0x00000000ffd80000)
 ParOldGen       total 44032K, used 0K [0x00000000fc000000, 0x00000000feb00000, 0x00000000feb00000)
  object space 44032K, 0% used [0x00000000fc000000,0x00000000fc000000,0x00000000feb00000)
 Metaspace       used 5756K, capacity 5968K, committed 6272K, reserved 1056768K
  class space    used 732K, capacity 800K, committed 896K, reserved 1048576K
Event: 1.772 GC heap after
Heap after GC invocations=1 (full 0):
 PSYoungGen      total 18944K, used 2550K [0x00000000feb00000, 0x0000000100000000, 0x0000000100000000)
  eden space 16384K, 0% used [0x00000000feb00000,0x00000000feb00000,0x00000000ffb00000)
  from space 2560K, 99% used [0x00000000ffb00000,0x00000000ffd7d8e0,0x00000000ffd80000)
  to   space 2560K, 0% used [0x00000000ffd80000,0x00000000ffd80000,0x0000000100000000)
 ParOldGen       total 44032K, used 142K [0x00000000fc000000, 0x00000000feb00000, 0x00000000feb00000)
  object space 44032K, 0% used [0x00000000fc000000,0x00000000fc023ac8,0x00000000feb00000)
 Metaspace       used 5756K, capacity 5968K, committed 6272K, reserved 1056768K
  class space    used 732K, capacity 800K, committed 896K, reserved 1048576K
}
Event: 7.404 GC heap before
{Heap before GC invocations=2 (full 0):
 PSYoungGen      total 18944K, used 18934K [0x00000000feb00000, 0x0000000100000000, 0x0000000100000000)
  eden space 16384K, 100% used [0x00000000feb00000,0x00000000ffb00000,0x00000000ffb00000)
  from space 2560K, 99% used [0x00000000ffb00000,0x00000000ffd7d8e0,0x00000000ffd80000)
  to   space 2560K, 0% used [0x00000000ffd80000,0x00000000ffd80000,0x0000000100000000)
 ParOldGen       total 44032K, used 142K [0x00000000fc000000, 0x00000000feb00000, 0x00000000feb00000)
  object space 44032K, 0% used [0x00000000fc000000,0x00000000fc023ac8,0x00000000feb00000)
 Metaspace       used 8967K, capacity 9228K, committed 9344K, reserved 1056768K
  class space    used 1202K, capacity 1292K, committed 1408K, reserved 1048576K
Event: 7.434 GC heap after
Heap after GC invocations=2 (full 0):
 PSYoungGen      total 18944K, used 2528K [0x00000000feb00000, 0x0000000100000000, 0x0000000100000000)
  eden space 16384K, 0% used [0x00000000feb00000,0x00000000feb00000,0x00000000ffb00000)
  from space 2560K, 98% used [0x00000000ffd80000,0x00000000ffff8020,0x0000000100000000)
  to   space 2560K, 0% used [0x00000000ffb00000,0x00000000ffb00000,0x00000000ffd80000)
 ParOldGen       total 44032K, used 1301K [0x00000000fc000000, 0x00000000feb00000, 0x00000000feb00000)
  object space 44032K, 2% used [0x00000000fc000000,0x00000000fc145748,0x00000000feb00000)
 Metaspace       used 8967K, capacity 9228K, committed 9344K, reserved 1056768K
  class space    used 1202K, capacity 1292K, committed 1408K, reserved 1048576K
}
Event: 152.119 GC heap before
{Heap before GC invocations=3 (full 0):
 PSYoungGen      total 18944K, used 18912K [0x00000000feb00000, 0x0000000100000000, 0x0000000100000000)
  eden space 16384K, 100% used [0x00000000feb00000,0x00000000ffb00000,0x00000000ffb00000)
  from space 2560K, 98% used [0x00000000ffd80000,0x00000000ffff8020,0x0000000100000000)
  to   space 2560K, 0% used [0x00000000ffb00000,0x00000000ffb00000,0x00000000ffd80000)
 ParOldGen       total 44032K, used 1301K [0x00000000fc000000, 0x00000000feb00000, 0x00000000feb00000)
  object space 44032K, 2% used [0x00000000fc000000,0x00000000fc145748,0x00000000feb00000)
 Metaspace       used 11823K, capacity 12142K, committed 12416K, reserved 1060864K
  class space    used 1536K, capacity 1627K, committed 1664K, reserved 1048576K
Event: 152.169 GC heap after
Heap after GC invocations=3 (full 0):
 PSYoungGen      total 18944K, used 2528K [0x00000000feb00000, 0x0000000100000000, 0x0000000100000000)
  eden space 16384K, 0% used [0x00000000feb00000,0x00000000feb00000,0x00000000ffb00000)
  from space 2560K, 98% used [0x00000000ffb00000,0x00000000ffd78020,0x00000000ffd80000)
  to   space 2560K, 0% used [0x00000000ffd80000,0x00000000ffd80000,0x0000000100000000)
 ParOldGen       total 44032K, used 2777K [0x00000000fc000000, 0x00000000feb00000, 0x00000000feb00000)
  object space 44032K, 6% used [0x00000000fc000000,0x00000000fc2b65e0,0x00000000feb00000)
 Metaspace       used 11823K, capacity 12142K, committed 12416K, reserved 1060864K
  class space    used 1536K, capacity 1627K, committed 1664K, reserved 1048576K
}

Deoptimization events (10 events):
Event: 179.272 Thread 0x0000000002e2e800 Uncommon trap: reason=class_check action=maybe_recompile pc=0x0000000003106bfc method=sun.reflect.DelegatingMethodAccessorImpl.invoke(Ljava/lang/Object;[Ljava/lang/Object;)Ljava/lang/Object; @ 6
Event: 179.272 Thread 0x0000000002e2e800 Uncommon trap: reason=bimorphic action=maybe_recompile pc=0x0000000003192800 method=org.gradle.internal.logging.sink.OutputEventRenderer.onOutput(Lorg/gradle/internal/logging/events/OutputEvent;)V @ 1
Event: 179.272 Thread 0x0000000002e2e800 Uncommon trap: reason=class_check action=maybe_recompile pc=0x00000000033e0860 method=org.gradle.internal.logging.sink.OutputEventTransformer.onOutput(Lorg/gradle/internal/logging/events/OutputEvent;)V @ 225
Event: 179.320 Thread 0x0000000015dba000 Uncommon trap: reason=class_check action=maybe_recompile pc=0x00000000030c0fe4 method=org.gradle.internal.logging.sink.GroupingProgressLogEventGenerator.onOutput(Lorg/gradle/internal/logging/events/OutputEvent;)V @ 27
Event: 179.320 Thread 0x0000000015dba000 Uncommon trap: reason=unstable_if action=reinterpret pc=0x00000000030c0a84 method=org.gradle.internal.logging.sink.GroupingProgressLogEventGenerator$OperationGroup.maybeFlushOutput(J)V @ 26
Event: 180.062 Thread 0x0000000002e2e800 Uncommon trap: reason=bimorphic action=maybe_recompile pc=0x0000000003192800 method=org.gradle.internal.logging.sink.OutputEventRenderer.onOutput(Lorg/gradle/internal/logging/events/OutputEvent;)V @ 1
Event: 180.062 Thread 0x0000000002e2e800 Uncommon trap: reason=class_check action=maybe_recompile pc=0x00000000033e0860 method=org.gradle.internal.logging.sink.OutputEventTransformer.onOutput(Lorg/gradle/internal/logging/events/OutputEvent;)V @ 225
Event: 180.062 Thread 0x0000000002e2e800 Uncommon trap: reason=bimorphic action=maybe_recompile pc=0x0000000003192800 method=org.gradle.internal.logging.sink.OutputEventRenderer.onOutput(Lorg/gradle/internal/logging/events/OutputEvent;)V @ 1
Event: 180.062 Thread 0x0000000002e2e800 Uncommon trap: reason=class_check action=maybe_recompile pc=0x00000000033e0860 method=org.gradle.internal.logging.sink.OutputEventTransformer.onOutput(Lorg/gradle/internal/logging/events/OutputEvent;)V @ 225
Event: 180.157 Thread 0x0000000002e2e800 Uncommon trap: reason=bimorphic action=maybe_recompile pc=0x0000000003167b14 method=org.gradle.internal.logging.sink.OutputEventRenderer.onOutput(Lorg/gradle/internal/logging/events/OutputEvent;)V @ 1

Internal exceptions (10 events):
Event: 6.707 Thread 0x0000000002e2e800 Exception <a 'java/lang/ArrayIndexOutOfBoundsException'> (0x00000000ff6969e0) thrown at [C:\re\workspace\8-2-build-windows-amd64-cygwin\jdk8u121\8372\hotspot\src\share\vm\runtime\sharedRuntime.cpp, line 605]
Event: 6.721 Thread 0x0000000002e2e800 Exception <a 'java/lang/ArrayIndexOutOfBoundsException'> (0x00000000ff69afb8) thrown at [C:\re\workspace\8-2-build-windows-amd64-cygwin\jdk8u121\8372\hotspot\src\share\vm\runtime\sharedRuntime.cpp, line 605]
Event: 6.975 Thread 0x0000000002e2e800 Exception <a 'java/lang/ArrayIndexOutOfBoundsException'> (0x00000000ff713518) thrown at [C:\re\workspace\8-2-build-windows-amd64-cygwin\jdk8u121\8372\hotspot\src\share\vm\runtime\sharedRuntime.cpp, line 605]
Event: 7.018 Thread 0x0000000002e2e800 Exception <a 'java/lang/ArrayIndexOutOfBoundsException'> (0x00000000ff7148e0) thrown at [C:\re\workspace\8-2-build-windows-amd64-cygwin\jdk8u121\8372\hotspot\src\share\vm\runtime\sharedRuntime.cpp, line 605]
Event: 7.019 Thread 0x0000000002e2e800 Exception <a 'java/lang/ArrayIndexOutOfBoundsException'> (0x00000000ff7180f8) thrown at [C:\re\workspace\8-2-build-windows-amd64-cygwin\jdk8u121\8372\hotspot\src\share\vm\runtime\sharedRuntime.cpp, line 605]
Event: 7.019 Thread 0x0000000002e2e800 Exception <a 'java/lang/ArrayIndexOutOfBoundsException'> (0x00000000ff719a38) thrown at [C:\re\workspace\8-2-build-windows-amd64-cygwin\jdk8u121\8372\hotspot\src\share\vm\runtime\sharedRuntime.cpp, line 605]
Event: 7.020 Thread 0x0000000002e2e800 Exception <a 'java/lang/ArrayIndexOutOfBoundsException'> (0x00000000ff71afa8) thrown at [C:\re\workspace\8-2-build-windows-amd64-cygwin\jdk8u121\8372\hotspot\src\share\vm\runtime\sharedRuntime.cpp, line 605]
Event: 7.218 Thread 0x0000000002e2e800 Exception <a 'java/lang/NoSuchFieldError': method resolution failed> (0x00000000ff8f77f8) thrown at [C:\re\workspace\8-2-build-windows-amd64-cygwin\jdk8u121\8372\hotspot\src\share\vm\prims\methodHandles.cpp, line 1146]
Event: 7.221 Thread 0x0000000002e2e800 Exception <a 'java/lang/NoSuchFieldError': method resolution failed> (0x00000000ff9052b8) thrown at [C:\re\workspace\8-2-build-windows-amd64-cygwin\jdk8u121\8372\hotspot\src\share\vm\prims\methodHandles.cpp, line 1146]
Event: 179.272 Thread 0x0000000002e2e800 Implicit null exception at 0x000000000307ee3d to 0x000000000307ef95

Events (10 events):
Event: 180.062 Thread 0x0000000002e2e800 DEOPT UNPACKING pc=0x0000000002fb582a sp=0x0000000002dad930 mode 2
Event: 180.062 Thread 0x0000000002e2e800 Uncommon trap: trap_request=0xffffffc6 fr.pc=0x0000000003192800
Event: 180.062 Thread 0x0000000002e2e800 DEOPT PACKING pc=0x0000000003192800 sp=0x0000000002dada60
Event: 180.062 Thread 0x0000000002e2e800 DEOPT UNPACKING pc=0x0000000002fb582a sp=0x0000000002dad9c8 mode 2
Event: 180.062 Thread 0x0000000002e2e800 Uncommon trap: trap_request=0xffffffde fr.pc=0x00000000033e0860
Event: 180.062 Thread 0x0000000002e2e800 DEOPT PACKING pc=0x00000000033e0860 sp=0x0000000002dad970
Event: 180.062 Thread 0x0000000002e2e800 DEOPT UNPACKING pc=0x0000000002fb582a sp=0x0000000002dad930 mode 2
Event: 180.157 Thread 0x0000000002e2e800 Uncommon trap: trap_request=0xffffffc6 fr.pc=0x0000000003167b14
Event: 180.157 Thread 0x0000000002e2e800 DEOPT PACKING pc=0x0000000003167b14 sp=0x0000000002dada10
Event: 180.157 Thread 0x0000000002e2e800 DEOPT UNPACKING pc=0x0000000002fb582a sp=0x0000000002dad9d0 mode 2


Dynamic libraries:
0x00007ff7682e0000 - 0x00007ff768317000 	C:\Program Files\Java\jdk1.8.0_121\bin\java.exe
0x00007fff297c0000 - 0x00007fff299ad000 	C:\WINDOWS\SYSTEM32\ntdll.dll
0x00007fff26fc0000 - 0x00007fff27073000 	C:\WINDOWS\System32\KERNEL32.DLL
0x00007fff262a0000 - 0x00007fff26533000 	C:\WINDOWS\System32\KERNELBASE.dll
0x00007fff27080000 - 0x00007fff27123000 	C:\WINDOWS\System32\ADVAPI32.dll
0x00007fff26ec0000 - 0x00007fff26f5e000 	C:\WINDOWS\System32\msvcrt.dll
0x00007fff27130000 - 0x00007fff271ce000 	C:\WINDOWS\System32\sechost.dll
0x00007fff27f00000 - 0x00007fff28022000 	C:\WINDOWS\System32\RPCRT4.dll
0x00007fff269e0000 - 0x00007fff26b77000 	C:\WINDOWS\System32\USER32.dll
0x00007fff26080000 - 0x00007fff260a0000 	C:\WINDOWS\System32\win32u.dll
0x00007fff29700000 - 0x00007fff29729000 	C:\WINDOWS\System32\GDI32.dll
0x00007fff26100000 - 0x00007fff26299000 	C:\WINDOWS\System32\gdi32full.dll
0x00007fff268f0000 - 0x00007fff26990000 	C:\WINDOWS\System32\msvcp_win.dll
0x00007fff267d0000 - 0x00007fff268ca000 	C:\WINDOWS\System32\ucrtbase.dll
0x00007fff13b50000 - 0x00007fff13dc9000 	C:\WINDOWS\WinSxS\amd64_microsoft.windows.common-controls_6595b64144ccf1df_6.0.17763.1098_none_de762ed45346ee8a\COMCTL32.dll
0x00007fff27bd0000 - 0x00007fff27efc000 	C:\WINDOWS\System32\combase.dll
0x00007fff25880000 - 0x00007fff258fe000 	C:\WINDOWS\System32\bcryptPrimitives.dll
0x00007fff28030000 - 0x00007fff2805e000 	C:\WINDOWS\System32\IMM32.DLL
0x0000000068980000 - 0x0000000068a52000 	C:\Program Files\Java\jdk1.8.0_121\jre\bin\msvcr100.dll
0x00000000680e0000 - 0x000000006897b000 	C:\Program Files\Java\jdk1.8.0_121\jre\bin\server\jvm.dll
0x00007fff28060000 - 0x00007fff28068000 	C:\WINDOWS\System32\PSAPI.DLL
0x00007fff24330000 - 0x00007fff24339000 	C:\WINDOWS\SYSTEM32\WSOCK32.dll
0x00007fff219b0000 - 0x00007fff219d4000 	C:\WINDOWS\SYSTEM32\WINMM.dll
0x00007fff277f0000 - 0x00007fff2785d000 	C:\WINDOWS\System32\WS2_32.dll
0x00007fff19860000 - 0x00007fff1986a000 	C:\WINDOWS\SYSTEM32\VERSION.dll
0x00007fff21980000 - 0x00007fff219ad000 	C:\WINDOWS\SYSTEM32\WINMMBASE.dll
0x00007fff26990000 - 0x00007fff269da000 	C:\WINDOWS\System32\cfgmgr32.dll
0x00000000680d0000 - 0x00000000680df000 	C:\Program Files\Java\jdk1.8.0_121\jre\bin\verify.dll
0x00000000680a0000 - 0x00000000680c9000 	C:\Program Files\Java\jdk1.8.0_121\jre\bin\java.dll
0x0000000068080000 - 0x0000000068096000 	C:\Program Files\Java\jdk1.8.0_121\jre\bin\zip.dll
0x00007fff28200000 - 0x00007fff296f4000 	C:\WINDOWS\System32\SHELL32.dll
0x00007fff271d0000 - 0x00007fff27278000 	C:\WINDOWS\System32\shcore.dll
0x00007fff25900000 - 0x00007fff2604d000 	C:\WINDOWS\System32\windows.storage.dll
0x00007fff257d0000 - 0x00007fff257f4000 	C:\WINDOWS\System32\profapi.dll
0x00007fff25800000 - 0x00007fff2585d000 	C:\WINDOWS\System32\powrprof.dll
0x00007fff27290000 - 0x00007fff272e2000 	C:\WINDOWS\System32\shlwapi.dll
0x00007fff257b0000 - 0x00007fff257c1000 	C:\WINDOWS\System32\kernel.appcore.dll
0x00007fff268d0000 - 0x00007fff268e7000 	C:\WINDOWS\System32\cryptsp.dll
0x0000000068060000 - 0x000000006807a000 	C:\Program Files\Java\jdk1.8.0_121\jre\bin\net.dll
0x00007fff25020000 - 0x00007fff25087000 	C:\WINDOWS\system32\mswsock.dll
0x0000000068040000 - 0x0000000068051000 	C:\Program Files\Java\jdk1.8.0_121\jre\bin\nio.dll
0x00007fff21840000 - 0x00007fff21866000 	C:\Users\hp\.gradle\native\29\windows-amd64\native-platform.dll
0x00007fff24ba0000 - 0x00007fff24bd3000 	C:\WINDOWS\system32\rsaenh.dll
0x00007fff26050000 - 0x00007fff26076000 	C:\WINDOWS\System32\bcrypt.dll
0x00007fff256b0000 - 0x00007fff256d8000 	C:\WINDOWS\SYSTEM32\USERENV.dll
0x00007fff251f0000 - 0x00007fff251fc000 	C:\WINDOWS\SYSTEM32\CRYPTBASE.dll
0x00007fff24d40000 - 0x00007fff24d7d000 	C:\WINDOWS\SYSTEM32\IPHLPAPI.DLL
0x00007fff26d30000 - 0x00007fff26d38000 	C:\WINDOWS\System32\NSI.dll
0x00007fff15f10000 - 0x00007fff15f26000 	C:\WINDOWS\SYSTEM32\dhcpcsvc6.DLL
0x00007fff15fc0000 - 0x00007fff15fdc000 	C:\WINDOWS\SYSTEM32\dhcpcsvc.DLL
0x00007fff24d80000 - 0x00007fff24e46000 	C:\WINDOWS\SYSTEM32\DNSAPI.dll
0x00007fff21930000 - 0x00007fff2193a000 	C:\Users\hp\.gradle\native\jansi\1.17.1\windows64\jansi-1.17.1-7620774918549005556.dll
0x00007fff218b0000 - 0x00007fff218ba000 	C:\Users\hp\.gradle\native\jansi\1.17.1\windows64\jansi-1.17.1-5429691753513855881.dll
0x0000000068030000 - 0x000000006803d000 	C:\Program Files\Java\jdk1.8.0_121\jre\bin\management.dll

VM Arguments:
jvm_args: -Xmx64m -Xms64m -Dorg.gradle.appname=gradlew 
java_command: org.gradle.wrapper.GradleWrapperMain app:installDebug -PreactNativeDevServerPort=8081
java_class_path (initial): E:\myfirstapp\firstproject\android\\gradle\wrapper\gradle-wrapper.jar
Launcher Type: SUN_STANDARD

Environment Variables:
CLASSPATH=E:\myfirstapp\firstproject\android\\gradle\wrapper\gradle-wrapper.jar
PATH=E:\myfirstapp\firstproject\node_modules\.bin;C:\Program Files\Python37\Scripts\;C:\Program Files\Python37\;C:\Program Files\Java\jdk1.8.0_121\bin;C:\WINDOWS\system32;C:\WINDOWS;C:\WINDOWS\System32\Wbem;C:\WINDOWS\System32\WindowsPowerShell\v1.0\;C:\Program Files\gnuplot\bin;E:\matlab\runtime\win64;E:\matlab\bin;C:\WINDOWS\System32\OpenSSH\;C:\Program Files (x86)\Microsoft SQL Server\Client SDK\ODBC\130\Tools\Binn\;C:\Program Files (x86)\Microsoft SQL Server\140\Tools\Binn\;C:\Program Files (x86)\Microsoft SQL Server\140\DTS\Binn\;C:\Program Files (x86)\Microsoft SQL Server\140\Tools\Binn\ManagementStudio\;C:\Program Files\Microsoft SQL Server\120\Tools\Binn\;C:\Program Files\Microsoft SQL Server\Client SDK\ODBC\110\Tools\Binn\;C:\Program Files (x86)\Microsoft SQL Server\120\Tools\Binn\;C:\Program Files\Microsoft SQL Server\120\DTS\Binn\;C:\Program Files\Microsoft SQL Server\Client SDK\ODBC\130\Tools\Binn\;C:\Program Files\Microsoft SQL Server\140\Tools\Binn\;C:\Program Files\Microsoft SQL Server\140\DTS\Binn\;C:\Program Files\Microsoft SQL Server\130\Tools\Binn\;C:\Users\hp\AppDa;E:\opencv\build\x64\vc15\bin;E:\opencv\build\x64\vc15\bin;E:\opencv\build\bin;C:\Program Files\nodejs\;E:\Android\Sdk\platform-tools;E:\anaconda;E:\anaconda\Library\mingw-w64\bin;E:\anaconda\Library\usr\bin;E:\anaconda\Library\bin;E:\anaconda\Scripts;C:\Users\hp\AppData\Local\Programs\Python\Python37-32\Scripts\;C:\Users\hp\AppData\Local\Programs\Python\Python37-32\;C:\Program Files\Java\jdk1.8.0_121\bin;C:\Users\hp\AppData\Local\Microsoft\WindowsApps;C:\Program Files\JetBrains\PyCharm Edu 2019.2.1\bin;;C:\Users\hp\AppData\Roaming\npm;E:\Android\Sdk\platform-tools;
USERNAME=hp
OS=Windows_NT
PROCESSOR_IDENTIFIER=Intel64 Family 6 Model 142 Stepping 9, GenuineIntel



---------------  S Y S T E M  ---------------

OS: Windows 10.0 , 64 bit Build 17763 (10.0.17763.475)

CPU:total 4 (2 cores per cpu, 2 threads per core) family 6 model 142 stepping 9, cmov, cx8, fxsr, mmx, sse, sse2, sse3, ssse3, sse4.1, sse4.2, popcnt, avx, avx2, aes, clmul, erms, 3dnowpref, lzcnt, ht, tsc, tscinvbit, bmi1, bmi2, adx

Memory: 4k page, physical 4109540k(414700k free), swap 6622168k(52k free)

vm_info: Java HotSpot(TM) 64-Bit Server VM (25.121-b13) for windows-amd64 JRE (1.8.0_121-b13), built on Dec 12 2016 18:21:36 by "java_re" with MS VC++ 10.0 (VS2010)

time: Tue Mar 31 01:15:15 2020
elapsed time: 207 seconds (0d 0h 3m 27s)

