#
# There is insufficient memory for the Java Runtime Environment to continue.
# Native memory allocation (malloc) failed to allocate 65552 bytes for Chunk::new
# Possible reasons:
#   The system is out of physical RAM or swap space
#   In 32 bit mode, the process size limit was hit
# Possible solutions:
#   Reduce memory load on the system
#   Increase physical memory or swap space
#   Check if swap backing store is full
#   Use 64 bit Java on a 64 bit OS
#   Decrease Java heap size (-Xmx/-Xms)
#   Decrease number of Java threads
#   Decrease Java thread stack sizes (-Xss)
#   Set larger code cache with -XX:ReservedCodeCacheSize=
# This output file may be truncated or incomplete.
#
#  Out of Memory Error (allocation.cpp:390), pid=7452, tid=0x0000000000002d10
#
# JRE version: Java(TM) SE Runtime Environment (8.0_121-b13) (build 1.8.0_121-b13)
# Java VM: Java HotSpot(TM) 64-Bit Server VM (25.121-b13 mixed mode windows-amd64 compressed oops)
# Failed to write core dump. Minidumps are not enabled by default on client versions of Windows
#

---------------  T H R E A D  ---------------

Current thread (0x0000000013552800):  JavaThread "C2 CompilerThread0" daemon [_thread_in_native, id=11536, stack(0x0000000014ba0000,0x0000000014ca0000)]

Stack: [0x0000000014ba0000,0x0000000014ca0000]
[error occurred during error reporting (printing stack bounds), id 0xc0000005]

Native frames: (J=compiled Java code, j=interpreted, Vv=VM code, C=native code)


Current CompileTask:
C2: 525097 1490       4       org.gradle.internal.logging.console.MultiLineBuildProgressArea::redraw (203 bytes)


---------------  P R O C E S S  ---------------

Java Threads: ( => current thread )
  0x0000000015815000 JavaThread "Forward input" [_thread_blocked, id=7156, stack(0x00000000179b0000,0x0000000017ab0000)]
  0x0000000015703800 JavaThread "DisconnectableInputStream source reader" daemon [_thread_in_native, id=6068, stack(0x00000000178b0000,0x00000000179b0000)]
  0x0000000015ba0800 JavaThread "pool-1-thread-1" [_thread_blocked, id=1468, stack(0x0000000016fb0000,0x00000000170b0000)]
  0x0000000014ec8800 JavaThread "Service Thread" daemon [_thread_blocked, id=8372, stack(0x00000000152a0000,0x00000000153a0000)]
  0x000000001355b000 JavaThread "C1 CompilerThread2" daemon [_thread_blocked, id=3436, stack(0x0000000014da0000,0x0000000014ea0000)]
  0x0000000013554800 JavaThread "C2 CompilerThread1" daemon [_thread_blocked, id=11020, stack(0x0000000014ca0000,0x0000000014da0000)]
=>0x0000000013552800 JavaThread "C2 CompilerThread0" daemon [_thread_in_native, id=11536, stack(0x0000000014ba0000,0x0000000014ca0000)]
  0x000000001354f000 JavaThread "Attach Listener" daemon [_thread_blocked, id=8776, stack(0x0000000014aa0000,0x0000000014ba0000)]
  0x000000001354d800 JavaThread "Signal Dispatcher" daemon [_thread_blocked, id=9324, stack(0x00000000149a0000,0x0000000014aa0000)]
  0x000000001353a000 JavaThread "Finalizer" daemon [_thread_blocked, id=3028, stack(0x00000000147a0000,0x00000000148a0000)]
  0x00000000031e3800 JavaThread "Reference Handler" daemon [_thread_blocked, id=8492, stack(0x00000000146a0000,0x00000000147a0000)]
  0x00000000030ee800 JavaThread "main" [_thread_in_native, id=8260, stack(0x0000000002f90000,0x0000000003090000)]

Other Threads:
  0x0000000013517800 VMThread [stack: 0x00000000145a0000,0x00000000146a0000] [id=3500]
  0x0000000014f0a000 WatcherThread [stack: 0x00000000153a0000,0x00000000154a0000] [id=120]

VM state:not at safepoint (normal execution)

VM Mutex/Monitor currently owned by a thread: None

Heap:
 PSYoungGen      total 18944K, used 8202K [0x00000000feb00000, 0x0000000100000000, 0x0000000100000000)
  eden space 16384K, 34% used [0x00000000feb00000,0x00000000ff08a7e8,0x00000000ffb00000)
  from space 2560K, 98% used [0x00000000ffb00000,0x00000000ffd78020,0x00000000ffd80000)
  to   space 2560K, 0% used [0x00000000ffd80000,0x00000000ffd80000,0x0000000100000000)
 ParOldGen       total 44032K, used 2796K [0x00000000fc000000, 0x00000000feb00000, 0x00000000feb00000)
  object space 44032K, 6% used [0x00000000fc000000,0x00000000fc2bb060,0x00000000feb00000)
 Metaspace       used 12071K, capacity 12366K, committed 12672K, reserved 1060864K
  class space    used 1557K, capacity 1659K, committed 1664K, reserved 1048576K

Card table byte_map: [0x0000000001650000,0x0000000001680000] byte_map_base: 0x0000000000e70000

Marking Bits: (ParMarkBitMap*) 0x000000006144b6d0
 Begin Bits: [0x00000000129b0000, 0x0000000012ab0000)
 End Bits:   [0x0000000012ab0000, 0x0000000012bb0000)

Polling page: 0x0000000001220000

CodeCache: size=245760Kb used=4578Kb max_used=4597Kb free=241181Kb
 bounds [0x00000000031f0000, 0x0000000003680000, 0x00000000121f0000]
 total_blobs=1778 nmethods=1400 adapters=291
 compilation: enabled

Compilation events (10 events):
Event: 498.894 Thread 0x0000000013554800 nmethod 1485 0x000000000366e490 code [0x000000000366e960, 0x0000000003671f48]
Event: 503.950 Thread 0x0000000013552800 1486       4       org.gradle.internal.logging.console.DefaultAnsiExecutor::positionCursorAt (181 bytes)
Event: 509.850 Thread 0x0000000013552800 nmethod 1486 0x000000000365fd50 code [0x000000000365fee0, 0x00000000036601a8]
Event: 511.450 Thread 0x000000001355b000 1487       3       com.google.common.base.Predicates$InstanceOfPredicate::<init> (6 bytes)
Event: 511.451 Thread 0x000000001355b000 nmethod 1487 0x000000000365f650 code [0x000000000365f7e0, 0x000000000365fb68]
Event: 511.451 Thread 0x000000001355b000 1488       3       com.google.common.base.Predicates$InstanceOfPredicate::<init> (16 bytes)
Event: 511.452 Thread 0x000000001355b000 nmethod 1488 0x000000000365f050 code [0x000000000365f1c0, 0x000000000365f4e8]
Event: 511.452 Thread 0x000000001355b000 1489       3       java.util.ArrayDeque$DeqIterator::<init> (6 bytes)
Event: 511.453 Thread 0x000000001355b000 nmethod 1489 0x00000000036619d0 code [0x0000000003661b40, 0x0000000003661cc8]
Event: 524.850 Thread 0x0000000013552800 1490       4       org.gradle.internal.logging.console.MultiLineBuildProgressArea::redraw (203 bytes)

GC Heap History (6 events):
Event: 29.620 GC heap before
{Heap before GC invocations=1 (full 0):
 PSYoungGen      total 18944K, used 16384K [0x00000000feb00000, 0x0000000100000000, 0x0000000100000000)
  eden space 16384K, 100% used [0x00000000feb00000,0x00000000ffb00000,0x00000000ffb00000)
  from space 2560K, 0% used [0x00000000ffd80000,0x00000000ffd80000,0x0000000100000000)
  to   space 2560K, 0% used [0x00000000ffb00000,0x00000000ffb00000,0x00000000ffd80000)
 ParOldGen       total 44032K, used 0K [0x00000000fc000000, 0x00000000feb00000, 0x00000000feb00000)
  object space 44032K, 0% used [0x00000000fc000000,0x00000000fc000000,0x00000000feb00000)
 Metaspace       used 5762K, capacity 5968K, committed 6272K, reserved 1056768K
  class space    used 732K, capacity 800K, committed 896K, reserved 1048576K
Event: 29.663 GC heap after
Heap after GC invocations=1 (full 0):
 PSYoungGen      total 18944K, used 2550K [0x00000000feb00000, 0x0000000100000000, 0x0000000100000000)
  eden space 16384K, 0% used [0x00000000feb00000,0x00000000feb00000,0x00000000ffb00000)
  from space 2560K, 99% used [0x00000000ffb00000,0x00000000ffd7d8e0,0x00000000ffd80000)
  to   space 2560K, 0% used [0x00000000ffd80000,0x00000000ffd80000,0x0000000100000000)
 ParOldGen       total 44032K, used 142K [0x00000000fc000000, 0x00000000feb00000, 0x00000000feb00000)
  object space 44032K, 0% used [0x00000000fc000000,0x00000000fc023ac8,0x00000000feb00000)
 Metaspace       used 5762K, capacity 5968K, committed 6272K, reserved 1056768K
  class space    used 732K, capacity 800K, committed 896K, reserved 1048576K
}
Event: 57.872 GC heap before
{Heap before GC invocations=2 (full 0):
 PSYoungGen      total 18944K, used 18934K [0x00000000feb00000, 0x0000000100000000, 0x0000000100000000)
  eden space 16384K, 100% used [0x00000000feb00000,0x00000000ffb00000,0x00000000ffb00000)
  from space 2560K, 99% used [0x00000000ffb00000,0x00000000ffd7d8e0,0x00000000ffd80000)
  to   space 2560K, 0% used [0x00000000ffd80000,0x00000000ffd80000,0x0000000100000000)
 ParOldGen       total 44032K, used 142K [0x00000000fc000000, 0x00000000feb00000, 0x00000000feb00000)
  object space 44032K, 0% used [0x00000000fc000000,0x00000000fc023ac8,0x00000000feb00000)
 Metaspace       used 8973K, capacity 9292K, committed 9600K, reserved 1056768K
  class space    used 1207K, capacity 1292K, committed 1408K, reserved 1048576K
Event: 57.913 GC heap after
Heap after GC invocations=2 (full 0):
 PSYoungGen      total 18944K, used 2528K [0x00000000feb00000, 0x0000000100000000, 0x0000000100000000)
  eden space 16384K, 0% used [0x00000000feb00000,0x00000000feb00000,0x00000000ffb00000)
  from space 2560K, 98% used [0x00000000ffd80000,0x00000000ffff8020,0x0000000100000000)
  to   space 2560K, 0% used [0x00000000ffb00000,0x00000000ffb00000,0x00000000ffd80000)
 ParOldGen       total 44032K, used 1295K [0x00000000fc000000, 0x00000000feb00000, 0x00000000feb00000)
  object space 44032K, 2% used [0x00000000fc000000,0x00000000fc143f80,0x00000000feb00000)
 Metaspace       used 8973K, capacity 9292K, committed 9600K, reserved 1056768K
  class space    used 1207K, capacity 1292K, committed 1408K, reserved 1048576K
}
Event: 368.550 GC heap before
{Heap before GC invocations=3 (full 0):
 PSYoungGen      total 18944K, used 18912K [0x00000000feb00000, 0x0000000100000000, 0x0000000100000000)
  eden space 16384K, 100% used [0x00000000feb00000,0x00000000ffb00000,0x00000000ffb00000)
  from space 2560K, 98% used [0x00000000ffd80000,0x00000000ffff8020,0x0000000100000000)
  to   space 2560K, 0% used [0x00000000ffb00000,0x00000000ffb00000,0x00000000ffd80000)
 ParOldGen       total 44032K, used 1295K [0x00000000fc000000, 0x00000000feb00000, 0x00000000feb00000)
  object space 44032K, 2% used [0x00000000fc000000,0x00000000fc143f80,0x00000000feb00000)
 Metaspace       used 11811K, capacity 12072K, committed 12416K, reserved 1060864K
  class space    used 1539K, capacity 1624K, committed 1664K, reserved 1048576K
Event: 368.565 GC heap after
Heap after GC invocations=3 (full 0):
 PSYoungGen      total 18944K, used 2528K [0x00000000feb00000, 0x0000000100000000, 0x0000000100000000)
  eden space 16384K, 0% used [0x00000000feb00000,0x00000000feb00000,0x00000000ffb00000)
  from space 2560K, 98% used [0x00000000ffb00000,0x00000000ffd78020,0x00000000ffd80000)
  to   space 2560K, 0% used [0x00000000ffd80000,0x00000000ffd80000,0x0000000100000000)
 ParOldGen       total 44032K, used 2796K [0x00000000fc000000, 0x00000000feb00000, 0x00000000feb00000)
  object space 44032K, 6% used [0x00000000fc000000,0x00000000fc2bb060,0x00000000feb00000)
 Metaspace       used 11811K, capacity 12072K, committed 12416K, reserved 1060864K
  class space    used 1539K, capacity 1624K, committed 1664K, reserved 1048576K
}

Deoptimization events (10 events):
Event: 440.452 Thread 0x0000000015ba0800 Uncommon trap: reason=unstable_if action=reinterpret pc=0x0000000003595810 method=org.gradle.internal.logging.console.DefaultRedrawableLabel.redraw(Lorg/gradle/internal/logging/console/AnsiContext;)V @ 95
Event: 440.452 Thread 0x0000000015ba0800 Uncommon trap: reason=unstable_if action=reinterpret pc=0x0000000003596a5c method=java.io.PrintStream.write(I)V @ 19
Event: 440.453 Thread 0x0000000015ba0800 Uncommon trap: reason=unstable_if action=reinterpret pc=0x0000000003598668 method=java.io.BufferedOutputStream.write(I)V @ 9
Event: 441.351 Thread 0x0000000015ba0800 Uncommon trap: reason=class_check action=maybe_recompile pc=0x00000000035b50d0 method=java.util.AbstractList.equals(Ljava/lang/Object;)Z @ 94
Event: 441.550 Thread 0x0000000015ba0800 Uncommon trap: reason=class_check action=maybe_recompile pc=0x00000000035b50d0 method=java.util.AbstractList.equals(Ljava/lang/Object;)Z @ 94
Event: 441.650 Thread 0x0000000015ba0800 Uncommon trap: reason=class_check action=maybe_recompile pc=0x00000000035b50d0 method=java.util.AbstractList.equals(Ljava/lang/Object;)Z @ 94
Event: 441.749 Thread 0x0000000015ba0800 Uncommon trap: reason=class_check action=maybe_recompile pc=0x00000000035b50d0 method=java.util.AbstractList.equals(Ljava/lang/Object;)Z @ 94
Event: 467.649 Thread 0x0000000015ba0800 Uncommon trap: reason=bimorphic action=maybe_recompile pc=0x000000000364ba4c method=org.gradle.internal.logging.console.BuildLogLevelFilterRenderer.onOutput(Lorg/gradle/internal/logging/events/OutputEvent;)V @ 8
Event: 467.649 Thread 0x0000000015ba0800 Uncommon trap: reason=unstable_if action=reinterpret pc=0x000000000364d2f0 method=org.gradle.internal.logging.sink.GroupingProgressLogEventGenerator$OperationGroup.maybeFlushOutput(J)V @ 26
Event: 470.851 Thread 0x0000000015ba0800 Uncommon trap: reason=unstable_if action=reinterpret pc=0x000000000346fa94 method=org.gradle.internal.operations.OperationIdentifier.equals(Ljava/lang/Object;)Z @ 2

Internal exceptions (10 events):
Event: 56.186 Thread 0x00000000030ee800 Implicit null exception at 0x000000000338222f to 0x0000000003382299
Event: 56.330 Thread 0x00000000030ee800 Exception <a 'java/lang/ArrayIndexOutOfBoundsException'> (0x00000000ff668030) thrown at [C:\re\workspace\8-2-build-windows-amd64-cygwin\jdk8u121\8372\hotspot\src\share\vm\runtime\sharedRuntime.cpp, line 605]
Event: 56.340 Thread 0x00000000030ee800 Exception <a 'java/lang/ArrayIndexOutOfBoundsException'> (0x00000000ff66c608) thrown at [C:\re\workspace\8-2-build-windows-amd64-cygwin\jdk8u121\8372\hotspot\src\share\vm\runtime\sharedRuntime.cpp, line 605]
Event: 56.537 Thread 0x00000000030ee800 Exception <a 'java/lang/ArrayIndexOutOfBoundsException'> (0x00000000ff6e5a50) thrown at [C:\re\workspace\8-2-build-windows-amd64-cygwin\jdk8u121\8372\hotspot\src\share\vm\runtime\sharedRuntime.cpp, line 605]
Event: 56.537 Thread 0x00000000030ee800 Exception <a 'java/lang/ArrayIndexOutOfBoundsException'> (0x00000000ff6e7940) thrown at [C:\re\workspace\8-2-build-windows-amd64-cygwin\jdk8u121\8372\hotspot\src\share\vm\runtime\sharedRuntime.cpp, line 605]
Event: 56.575 Thread 0x00000000030ee800 Exception <a 'java/lang/ArrayIndexOutOfBoundsException'> (0x00000000ff6e8a10) thrown at [C:\re\workspace\8-2-build-windows-amd64-cygwin\jdk8u121\8372\hotspot\src\share\vm\runtime\sharedRuntime.cpp, line 605]
Event: 56.575 Thread 0x00000000030ee800 Exception <a 'java/lang/ArrayIndexOutOfBoundsException'> (0x00000000ff6eb1b0) thrown at [C:\re\workspace\8-2-build-windows-amd64-cygwin\jdk8u121\8372\hotspot\src\share\vm\runtime\sharedRuntime.cpp, line 605]
Event: 56.576 Thread 0x00000000030ee800 Exception <a 'java/lang/ArrayIndexOutOfBoundsException'> (0x00000000ff6ec7d8) thrown at [C:\re\workspace\8-2-build-windows-amd64-cygwin\jdk8u121\8372\hotspot\src\share\vm\runtime\sharedRuntime.cpp, line 605]
Event: 57.404 Thread 0x00000000030ee800 Exception <a 'java/lang/NoSuchFieldError': method resolution failed> (0x00000000ff8c91c8) thrown at [C:\re\workspace\8-2-build-windows-amd64-cygwin\jdk8u121\8372\hotspot\src\share\vm\prims\methodHandles.cpp, line 1146]
Event: 57.407 Thread 0x00000000030ee800 Exception <a 'java/lang/NoSuchFieldError': method resolution failed> (0x00000000ff8d6c88) thrown at [C:\re\workspace\8-2-build-windows-amd64-cygwin\jdk8u121\8372\hotspot\src\share\vm\prims\methodHandles.cpp, line 1146]

Events (10 events):
Event: 468.701 loading class sun/misc/ObjectInputFilter$Config done
Event: 468.702 loading class sun/misc/ObjectInputFilter
Event: 468.702 loading class sun/misc/ObjectInputFilter done
Event: 468.702 loading class java/io/Bits
Event: 468.702 loading class java/io/Bits done
Event: 468.702 loading class org/gradle/internal/serialize/ExceptionReplacingObjectInputStream$1
Event: 468.702 loading class org/gradle/internal/serialize/ExceptionReplacingObjectInputStream$1 done
Event: 470.851 Thread 0x0000000015ba0800 Uncommon trap: trap_request=0xffffff65 fr.pc=0x000000000346fa94
Event: 470.851 Thread 0x0000000015ba0800 DEOPT PACKING pc=0x000000000346fa94 sp=0x00000000170aeeb0
Event: 470.851 Thread 0x0000000015ba0800 DEOPT UNPACKING pc=0x000000000323582a sp=0x00000000170aee48 mode 2


Dynamic libraries:
0x00007ff7b2140000 - 0x00007ff7b2177000 	C:\Program Files\Java\jdk1.8.0_121\bin\java.exe
0x00007fff0d960000 - 0x00007fff0db4d000 	C:\WINDOWS\SYSTEM32\ntdll.dll
0x00007fff0c940000 - 0x00007fff0c9f3000 	C:\WINDOWS\System32\KERNEL32.DLL
0x00007fff0a3c0000 - 0x00007fff0a653000 	C:\WINDOWS\System32\KERNELBASE.dll
0x00007fff0d880000 - 0x00007fff0d923000 	C:\WINDOWS\System32\ADVAPI32.dll
0x00007fff0d150000 - 0x00007fff0d1ee000 	C:\WINDOWS\System32\msvcrt.dll
0x00007fff0acb0000 - 0x00007fff0ad4e000 	C:\WINDOWS\System32\sechost.dll
0x00007fff0ab80000 - 0x00007fff0aca2000 	C:\WINDOWS\System32\RPCRT4.dll
0x00007fff0af30000 - 0x00007fff0b0c7000 	C:\WINDOWS\System32\USER32.dll
0x00007fff0a210000 - 0x00007fff0a230000 	C:\WINDOWS\System32\win32u.dll
0x00007fff0ae10000 - 0x00007fff0ae39000 	C:\WINDOWS\System32\GDI32.dll
0x00007fff0a890000 - 0x00007fff0aa29000 	C:\WINDOWS\System32\gdi32full.dll
0x00007fff09a20000 - 0x00007fff09ac0000 	C:\WINDOWS\System32\msvcp_win.dll
0x00007fff0aa80000 - 0x00007fff0ab7a000 	C:\WINDOWS\System32\ucrtbase.dll
0x00007ffef3e80000 - 0x00007ffef40f9000 	C:\WINDOWS\WinSxS\amd64_microsoft.windows.common-controls_6595b64144ccf1df_6.0.17763.914_none_05b346b2072102f2\COMCTL32.dll
0x00007fff0ca10000 - 0x00007fff0cd3c000 	C:\WINDOWS\System32\combase.dll
0x00007fff0a340000 - 0x00007fff0a3be000 	C:\WINDOWS\System32\bcryptPrimitives.dll
0x00007fff0ad60000 - 0x00007fff0ad8e000 	C:\WINDOWS\System32\IMM32.DLL
0x0000000062ee0000 - 0x0000000062fb2000 	C:\Program Files\Java\jdk1.8.0_121\jre\bin\msvcr100.dll
0x0000000060c30000 - 0x00000000614cb000 	C:\Program Files\Java\jdk1.8.0_121\jre\bin\server\jvm.dll
0x00007fff0ad50000 - 0x00007fff0ad58000 	C:\WINDOWS\System32\PSAPI.DLL
0x00007fff084d0000 - 0x00007fff084d9000 	C:\WINDOWS\SYSTEM32\WSOCK32.dll
0x00007fff05b50000 - 0x00007fff05b5a000 	C:\WINDOWS\SYSTEM32\VERSION.dll
0x00007fff06fc0000 - 0x00007fff06fe4000 	C:\WINDOWS\SYSTEM32\WINMM.dll
0x00007fff0c7c0000 - 0x00007fff0c82d000 	C:\WINDOWS\System32\WS2_32.dll
0x00007fff06f90000 - 0x00007fff06fbd000 	C:\WINDOWS\SYSTEM32\WINMMBASE.dll
0x00007fff0a660000 - 0x00007fff0a6aa000 	C:\WINDOWS\System32\cfgmgr32.dll
0x0000000062d20000 - 0x0000000062d2f000 	C:\Program Files\Java\jdk1.8.0_121\jre\bin\verify.dll
0x0000000062cf0000 - 0x0000000062d19000 	C:\Program Files\Java\jdk1.8.0_121\jre\bin\java.dll
0x0000000062cd0000 - 0x0000000062ce6000 	C:\Program Files\Java\jdk1.8.0_121\jre\bin\zip.dll
0x00007fff0b260000 - 0x00007fff0c754000 	C:\WINDOWS\System32\SHELL32.dll
0x00007fff0c890000 - 0x00007fff0c938000 	C:\WINDOWS\System32\shcore.dll
0x00007fff09ac0000 - 0x00007fff0a20d000 	C:\WINDOWS\System32\windows.storage.dll
0x00007fff099d0000 - 0x00007fff099f4000 	C:\WINDOWS\System32\profapi.dll
0x00007fff09950000 - 0x00007fff099ad000 	C:\WINDOWS\System32\powrprof.dll
0x00007fff0c830000 - 0x00007fff0c882000 	C:\WINDOWS\System32\shlwapi.dll
0x00007fff099b0000 - 0x00007fff099c1000 	C:\WINDOWS\System32\kernel.appcore.dll
0x00007fff0aa60000 - 0x00007fff0aa77000 	C:\WINDOWS\System32\cryptsp.dll
0x0000000062870000 - 0x000000006288a000 	C:\Program Files\Java\jdk1.8.0_121\jre\bin\net.dll
0x00007fff091c0000 - 0x00007fff09227000 	C:\WINDOWS\system32\mswsock.dll
0x0000000062850000 - 0x0000000062861000 	C:\Program Files\Java\jdk1.8.0_121\jre\bin\nio.dll
0x00007ffeff9e0000 - 0x00007ffeffa06000 	C:\Users\hp\.gradle\native\29\windows-amd64\native-platform.dll
0x00007fff08d40000 - 0x00007fff08d73000 	C:\WINDOWS\system32\rsaenh.dll
0x00007fff0aa30000 - 0x00007fff0aa56000 	C:\WINDOWS\System32\bcrypt.dll
0x00007fff09880000 - 0x00007fff098a8000 	C:\WINDOWS\SYSTEM32\USERENV.dll
0x00007fff09390000 - 0x00007fff0939c000 	C:\WINDOWS\SYSTEM32\CRYPTBASE.dll
0x00007fff08ee0000 - 0x00007fff08f1d000 	C:\WINDOWS\SYSTEM32\IPHLPAPI.DLL
0x00007fff0ca00000 - 0x00007fff0ca08000 	C:\WINDOWS\System32\NSI.dll
0x00007fff020f0000 - 0x00007fff02106000 	C:\WINDOWS\SYSTEM32\dhcpcsvc6.DLL
0x00007fff024e0000 - 0x00007fff024fc000 	C:\WINDOWS\SYSTEM32\dhcpcsvc.DLL
0x00007fff08f20000 - 0x00007fff08fe6000 	C:\WINDOWS\SYSTEM32\DNSAPI.dll
0x00007fff05c00000 - 0x00007fff05c0a000 	C:\Users\hp\.gradle\native\jansi\1.17.1\windows64\jansi-1.17.1-4578272535358973709.dll
0x00007fff05bf0000 - 0x00007fff05bfa000 	C:\Users\hp\.gradle\native\jansi\1.17.1\windows64\jansi-1.17.1-6943578792405329651.dll
0x0000000062840000 - 0x000000006284d000 	C:\Program Files\Java\jdk1.8.0_121\jre\bin\management.dll

VM Arguments:
jvm_args: -Xmx64m -Xms64m -Dorg.gradle.appname=gradlew 
java_command: org.gradle.wrapper.GradleWrapperMain app:installDebug -PreactNativeDevServerPort=8081
java_class_path (initial): E:\myfirstapp\firstproject\android\\gradle\wrapper\gradle-wrapper.jar
Launcher Type: SUN_STANDARD

Environment Variables:
CLASSPATH=E:\myfirstapp\firstproject\android\\gradle\wrapper\gradle-wrapper.jar
PATH=E:\myfirstapp\firstproject\node_modules\.bin;C:\Program Files\Python37\Scripts\;C:\Program Files\Python37\;C:\Program Files\Java\jdk1.8.0_121\bin;C:\WINDOWS\system32;C:\WINDOWS;C:\WINDOWS\System32\Wbem;C:\WINDOWS\System32\WindowsPowerShell\v1.0\;C:\Program Files\gnuplot\bin;E:\matlab\runtime\win64;E:\matlab\bin;C:\WINDOWS\System32\OpenSSH\;C:\Program Files (x86)\Microsoft SQL Server\Client SDK\ODBC\130\Tools\Binn\;C:\Program Files (x86)\Microsoft SQL Server\140\Tools\Binn\;C:\Program Files (x86)\Microsoft SQL Server\140\DTS\Binn\;C:\Program Files (x86)\Microsoft SQL Server\140\Tools\Binn\ManagementStudio\;C:\Program Files\Microsoft SQL Server\120\Tools\Binn\;C:\Program Files\Microsoft SQL Server\Client SDK\ODBC\110\Tools\Binn\;C:\Program Files (x86)\Microsoft SQL Server\120\Tools\Binn\;C:\Program Files\Microsoft SQL Server\120\DTS\Binn\;C:\Program Files\Microsoft SQL Server\Client SDK\ODBC\130\Tools\Binn\;C:\Program Files\Microsoft SQL Server\140\Tools\Binn\;C:\Program Files\Microsoft SQL Server\140\DTS\Binn\;C:\Program Files\Microsoft SQL Server\130\Tools\Binn\;C:\Users\hp\AppDa;E:\opencv\build\x64\vc15\bin;E:\opencv\build\x64\vc15\bin;E:\opencv\build\bin;C:\Program Files\nodejs\;E:\Android\Sdk\platform-tools;E:\anaconda;E:\anaconda\Library\mingw-w64\bin;E:\anaconda\Library\usr\bin;E:\anaconda\Library\bin;E:\anaconda\Scripts;C:\Users\hp\AppData\Local\Programs\Python\Python37-32\Scripts\;C:\Users\hp\AppData\Local\Programs\Python\Python37-32\;C:\Program Files\Java\jdk1.8.0_121\bin;C:\Users\hp\AppData\Local\Microsoft\WindowsApps;C:\Program Files\JetBrains\PyCharm Edu 2019.2.1\bin;;C:\Users\hp\AppData\Roaming\npm;E:\Android\Sdk\platform-tools;
USERNAME=hp
OS=Windows_NT
PROCESSOR_IDENTIFIER=Intel64 Family 6 Model 142 Stepping 9, GenuineIntel



---------------  S Y S T E M  ---------------

OS: Windows 10.0 , 64 bit Build 17763 (10.0.17763.475)

CPU:total 4 (2 cores per cpu, 2 threads per core) family 6 model 142 stepping 9, cmov, cx8, fxsr, mmx, sse, sse2, sse3, ssse3, sse4.1, sse4.2, popcnt, avx, avx2, aes, clmul, erms, 3dnowpref, lzcnt, ht, tsc, tscinvbit, bmi1, bmi2, adx

Memory: 4k page, physical 4109540k(179560k free), swap 7277756k(3020k free)

vm_info: Java HotSpot(TM) 64-Bit Server VM (25.121-b13) for windows-amd64 JRE (1.8.0_121-b13), built on Dec 12 2016 18:21:36 by "java_re" with MS VC++ 10.0 (VS2010)

time: Mon Jan 27 18:04:09 2020
elapsed time: 525 seconds (0d 0h 8m 45s)

