#
# There is insufficient memory for the Java Runtime Environment to continue.
# Native memory allocation (malloc) failed to allocate 147296 bytes for Chunk::new
# Possible reasons:
#   The system is out of physical RAM or swap space
#   In 32 bit mode, the process size limit was hit
# Possible solutions:
#   Reduce memory load on the system
#   Increase physical memory or swap space
#   Check if swap backing store is full
#   Use 64 bit Java on a 64 bit OS
#   Decrease Java heap size (-Xmx/-Xms)
#   Decrease number of Java threads
#   Decrease Java thread stack sizes (-Xss)
#   Set larger code cache with -XX:ReservedCodeCacheSize=
# This output file may be truncated or incomplete.
#
#  Out of Memory Error (allocation.cpp:390), pid=9804, tid=0x00000000000029f8
#
# JRE version: Java(TM) SE Runtime Environment (8.0_121-b13) (build 1.8.0_121-b13)
# Java VM: Java HotSpot(TM) 64-Bit Server VM (25.121-b13 mixed mode windows-amd64 compressed oops)
# Failed to write core dump. Minidumps are not enabled by default on client versions of Windows
#

---------------  T H R E A D  ---------------

Current thread (0x0000000012903000):  JavaThread "C2 CompilerThread1" daemon [_thread_in_native, id=10744, stack(0x0000000014050000,0x0000000014150000)]

Stack: [0x0000000014050000,0x0000000014150000]
[error occurred during error reporting (printing stack bounds), id 0xc0000005]

Native frames: (J=compiled Java code, j=interpreted, Vv=VM code, C=native code)


Current CompileTask:
C2: 418323 1408       4       org.gradle.internal.logging.sink.OutputEventTransformer::onOutput (399 bytes)


---------------  P R O C E S S  ---------------

Java Threads: ( => current thread )
  0x000000001430b000 JavaThread "DisconnectableInputStream source reader" daemon [_thread_in_native, id=10172, stack(0x0000000016760000,0x0000000016860000)]
  0x0000000014285000 JavaThread "Service Thread" daemon [_thread_blocked, id=5336, stack(0x0000000014650000,0x0000000014750000)]
  0x0000000012916000 JavaThread "C1 CompilerThread2" daemon [_thread_blocked, id=2332, stack(0x0000000014150000,0x0000000014250000)]
=>0x0000000012903000 JavaThread "C2 CompilerThread1" daemon [_thread_in_native, id=10744, stack(0x0000000014050000,0x0000000014150000)]
  0x00000000128ff800 JavaThread "C2 CompilerThread0" daemon [_thread_blocked, id=7036, stack(0x0000000013f50000,0x0000000014050000)]
  0x00000000128fb800 JavaThread "Attach Listener" daemon [_thread_blocked, id=4132, stack(0x0000000013e50000,0x0000000013f50000)]
  0x00000000128fb000 JavaThread "Signal Dispatcher" daemon [_thread_blocked, id=3556, stack(0x0000000013d50000,0x0000000013e50000)]
  0x00000000128ea800 JavaThread "Finalizer" daemon [_thread_blocked, id=6676, stack(0x0000000013b50000,0x0000000013c50000)]
  0x0000000002591800 JavaThread "Reference Handler" daemon [_thread_blocked, id=10820, stack(0x0000000013a50000,0x0000000013b50000)]
  0x000000000239e800 JavaThread "main" [_thread_in_native, id=1248, stack(0x00000000023a0000,0x00000000024a0000)]

Other Threads:
  0x00000000128c7000 VMThread [stack: 0x0000000013950000,0x0000000013a50000] [id=6244]
  0x00000000142a0000 WatcherThread [stack: 0x0000000014750000,0x0000000014850000] [id=4108]

VM state:not at safepoint (normal execution)

VM Mutex/Monitor currently owned by a thread: None

Heap:
 PSYoungGen      total 18944K, used 8690K [0x00000000feb00000, 0x0000000100000000, 0x0000000100000000)
  eden space 16384K, 37% used [0x00000000feb00000,0x00000000ff104b50,0x00000000ffb00000)
  from space 2560K, 98% used [0x00000000ffb00000,0x00000000ffd78020,0x00000000ffd80000)
  to   space 2560K, 0% used [0x00000000ffd80000,0x00000000ffd80000,0x0000000100000000)
 ParOldGen       total 44032K, used 1676K [0x00000000fc000000, 0x00000000feb00000, 0x00000000feb00000)
  object space 44032K, 3% used [0x00000000fc000000,0x00000000fc1a33e8,0x00000000feb00000)
 Metaspace       used 10912K, capacity 11192K, committed 11392K, reserved 1058816K
  class space    used 1441K, capacity 1560K, committed 1664K, reserved 1048576K

Card table byte_map: [0x0000000002230000,0x0000000002260000] byte_map_base: 0x0000000001a50000

Marking Bits: (ParMarkBitMap*) 0x0000000070ecb6d0
 Begin Bits: [0x0000000011d60000, 0x0000000011e60000)
 End Bits:   [0x0000000011e60000, 0x0000000011f60000)

Polling page: 0x0000000000570000

CodeCache: size=245760Kb used=4519Kb max_used=4529Kb free=241241Kb
 bounds [0x00000000025a0000, 0x0000000002a20000, 0x00000000115a0000]
 total_blobs=1694 nmethods=1327 adapters=279
 compilation: enabled

Compilation events (10 events):
Event: 417.702 Thread 0x00000000128ff800 1404       4       org.gradle.internal.logging.text.AbstractLineChoppingStyledTextOutput$2::execute (73 bytes)
Event: 417.705 Thread 0x00000000128ff800 nmethod 1404 0x000000000282d910 code [0x000000000282daa0, 0x000000000282dd10]
Event: 417.705 Thread 0x00000000128ff800 1406       4       org.gradle.internal.logging.text.AbstractLineChoppingStyledTextOutput$1::execute (130 bytes)
Event: 417.706 Thread 0x0000000012903000 nmethod 1405 0x0000000002799790 code [0x0000000002799940, 0x0000000002799d50]
Event: 417.710 Thread 0x00000000128ff800 nmethod 1406 0x00000000027c3e10 code [0x00000000027c3fa0, 0x00000000027c4390]
Event: 417.805 Thread 0x0000000012916000 1407       3       java.util.regex.Pattern$Single::isSatisfiedBy (14 bytes)
Event: 417.806 Thread 0x0000000012916000 nmethod 1407 0x00000000027be7d0 code [0x00000000027be920, 0x00000000027bead0]
Event: 417.852 Thread 0x0000000012903000 1408       4       org.gradle.internal.logging.sink.OutputEventTransformer::onOutput (399 bytes)
Event: 417.853 Thread 0x0000000012916000 1409       3       java.lang.System::checkKey (34 bytes)
Event: 417.853 Thread 0x0000000012916000 nmethod 1409 0x00000000027be110 code [0x00000000027be2a0, 0x00000000027be688]

GC Heap History (6 events):
Event: 2.594 GC heap before
{Heap before GC invocations=1 (full 0):
 PSYoungGen      total 18944K, used 16384K [0x00000000feb00000, 0x0000000100000000, 0x0000000100000000)
  eden space 16384K, 100% used [0x00000000feb00000,0x00000000ffb00000,0x00000000ffb00000)
  from space 2560K, 0% used [0x00000000ffd80000,0x00000000ffd80000,0x0000000100000000)
  to   space 2560K, 0% used [0x00000000ffb00000,0x00000000ffb00000,0x00000000ffd80000)
 ParOldGen       total 44032K, used 0K [0x00000000fc000000, 0x00000000feb00000, 0x00000000feb00000)
  object space 44032K, 0% used [0x00000000fc000000,0x00000000fc000000,0x00000000feb00000)
 Metaspace       used 5757K, capacity 5968K, committed 6272K, reserved 1056768K
  class space    used 732K, capacity 800K, committed 896K, reserved 1048576K
Event: 2.604 GC heap after
Heap after GC invocations=1 (full 0):
 PSYoungGen      total 18944K, used 2530K [0x00000000feb00000, 0x0000000100000000, 0x0000000100000000)
  eden space 16384K, 0% used [0x00000000feb00000,0x00000000feb00000,0x00000000ffb00000)
  from space 2560K, 98% used [0x00000000ffb00000,0x00000000ffd78898,0x00000000ffd80000)
  to   space 2560K, 0% used [0x00000000ffd80000,0x00000000ffd80000,0x0000000100000000)
 ParOldGen       total 44032K, used 129K [0x00000000fc000000, 0x00000000feb00000, 0x00000000feb00000)
  object space 44032K, 0% used [0x00000000fc000000,0x00000000fc020500,0x00000000feb00000)
 Metaspace       used 5757K, capacity 5968K, committed 6272K, reserved 1056768K
  class space    used 732K, capacity 800K, committed 896K, reserved 1048576K
}
Event: 3.972 GC heap before
{Heap before GC invocations=2 (full 0):
 PSYoungGen      total 18944K, used 18914K [0x00000000feb00000, 0x0000000100000000, 0x0000000100000000)
  eden space 16384K, 100% used [0x00000000feb00000,0x00000000ffb00000,0x00000000ffb00000)
  from space 2560K, 98% used [0x00000000ffb00000,0x00000000ffd78898,0x00000000ffd80000)
  to   space 2560K, 0% used [0x00000000ffd80000,0x00000000ffd80000,0x0000000100000000)
 ParOldGen       total 44032K, used 129K [0x00000000fc000000, 0x00000000feb00000, 0x00000000feb00000)
  object space 44032K, 0% used [0x00000000fc000000,0x00000000fc020500,0x00000000feb00000)
 Metaspace       used 8966K, capacity 9244K, committed 9600K, reserved 1056768K
  class space    used 1210K, capacity 1292K, committed 1408K, reserved 1048576K
Event: 4.034 GC heap after
Heap after GC invocations=2 (full 0):
 PSYoungGen      total 18944K, used 2528K [0x00000000feb00000, 0x0000000100000000, 0x0000000100000000)
  eden space 16384K, 0% used [0x00000000feb00000,0x00000000feb00000,0x00000000ffb00000)
  from space 2560K, 98% used [0x00000000ffd80000,0x00000000ffff8020,0x0000000100000000)
  to   space 2560K, 0% used [0x00000000ffb00000,0x00000000ffb00000,0x00000000ffd80000)
 ParOldGen       total 44032K, used 1313K [0x00000000fc000000, 0x00000000feb00000, 0x00000000feb00000)
  object space 44032K, 2% used [0x00000000fc000000,0x00000000fc148620,0x00000000feb00000)
 Metaspace       used 8966K, capacity 9244K, committed 9600K, reserved 1056768K
  class space    used 1210K, capacity 1292K, committed 1408K, reserved 1048576K
}
Event: 243.334 GC heap before
{Heap before GC invocations=3 (full 0):
 PSYoungGen      total 18944K, used 18912K [0x00000000feb00000, 0x0000000100000000, 0x0000000100000000)
  eden space 16384K, 100% used [0x00000000feb00000,0x00000000ffb00000,0x00000000ffb00000)
  from space 2560K, 98% used [0x00000000ffd80000,0x00000000ffff8020,0x0000000100000000)
  to   space 2560K, 0% used [0x00000000ffb00000,0x00000000ffb00000,0x00000000ffd80000)
 ParOldGen       total 44032K, used 1313K [0x00000000fc000000, 0x00000000feb00000, 0x00000000feb00000)
  object space 44032K, 2% used [0x00000000fc000000,0x00000000fc148620,0x00000000feb00000)
 Metaspace       used 10807K, capacity 11096K, committed 11264K, reserved 1058816K
  class space    used 1427K, capacity 1528K, committed 1536K, reserved 1048576K
Event: 243.343 GC heap after
Heap after GC invocations=3 (full 0):
 PSYoungGen      total 18944K, used 2528K [0x00000000feb00000, 0x0000000100000000, 0x0000000100000000)
  eden space 16384K, 0% used [0x00000000feb00000,0x00000000feb00000,0x00000000ffb00000)
  from space 2560K, 98% used [0x00000000ffb00000,0x00000000ffd78020,0x00000000ffd80000)
  to   space 2560K, 0% used [0x00000000ffd80000,0x00000000ffd80000,0x0000000100000000)
 ParOldGen       total 44032K, used 1676K [0x00000000fc000000, 0x00000000feb00000, 0x00000000feb00000)
  object space 44032K, 3% used [0x00000000fc000000,0x00000000fc1a33e8,0x00000000feb00000)
 Metaspace       used 10807K, capacity 11096K, committed 11264K, reserved 1058816K
  class space    used 1427K, capacity 1528K, committed 1536K, reserved 1048576K
}

Deoptimization events (10 events):
Event: 243.333 Thread 0x00000000156d2800 Uncommon trap: reason=unstable_if action=reinterpret pc=0x00000000029c0690 method=org.gradle.internal.logging.sink.GroupingProgressLogEventGenerator.onOutput(Lorg/gradle/internal/logging/events/OutputEvent;)V @ 22
Event: 245.033 Thread 0x00000000156d2800 Uncommon trap: reason=unstable_if action=reinterpret pc=0x00000000029a2c54 method=org.gradle.internal.operations.OperationIdentifier.equals(Ljava/lang/Object;)Z @ 2
Event: 417.218 Thread 0x000000000239e800 Uncommon trap: reason=unstable_if action=reinterpret pc=0x00000000026bd8e0 method=java.nio.channels.spi.AbstractInterruptibleChannel.end(Z)V @ 31
Event: 417.218 Thread 0x000000000239e800 Uncommon trap: reason=unstable_if action=reinterpret pc=0x00000000029d96cc method=com.esotericsoftware.kryo.io.Input.require(I)I @ 180
Event: 417.379 Thread 0x000000000239e800 Uncommon trap: reason=class_check action=maybe_recompile pc=0x0000000002a0ae44 method=org.gradle.internal.logging.sink.OutputEventTransformer.onOutput(Lorg/gradle/internal/logging/events/OutputEvent;)V @ 328
Event: 417.643 Thread 0x000000000239e800 Uncommon trap: reason=class_check action=maybe_recompile pc=0x0000000002a0ae44 method=org.gradle.internal.logging.sink.OutputEventTransformer.onOutput(Lorg/gradle/internal/logging/events/OutputEvent;)V @ 328
Event: 417.644 Thread 0x000000000239e800 Uncommon trap: reason=unstable_if action=reinterpret pc=0x00000000029db840 method=java.util.concurrent.locks.ReentrantLock$Sync.tryRelease(I)Z @ 28
Event: 417.699 Thread 0x000000000239e800 Uncommon trap: reason=unstable_if action=reinterpret pc=0x00000000026d5ab8 method=org.gradle.internal.logging.console.ThrottlingOutputEventListener.onOutput(Lorg/gradle/internal/logging/events/OutputEvent;)V @ 36
Event: 417.854 Thread 0x000000000239e800 Uncommon trap: reason=unstable_if action=reinterpret pc=0x00000000027530e4 method=org.gradle.internal.logging.console.MultiLineBuildProgressArea.redraw(Lorg/gradle/internal/logging/console/AnsiContext;)V @ 21
Event: 417.854 Thread 0x000000000239e800 Uncommon trap: reason=unstable_if action=reinterpret pc=0x000000000293a96c method=org.gradle.internal.logging.console.DefaultRedrawableLabel.redraw(Lorg/gradle/internal/logging/console/AnsiContext;)V @ 15

Internal exceptions (10 events):
Event: 3.902 Thread 0x000000000239e800 Exception <a 'java/lang/ArrayIndexOutOfBoundsException'> (0x00000000ff6bc088) thrown at [C:\re\workspace\8-2-build-windows-amd64-cygwin\jdk8u121\8372\hotspot\src\share\vm\runtime\sharedRuntime.cpp, line 605]
Event: 3.902 Thread 0x000000000239e800 Exception <a 'java/lang/ArrayIndexOutOfBoundsException'> (0x00000000ff6bd450) thrown at [C:\re\workspace\8-2-build-windows-amd64-cygwin\jdk8u121\8372\hotspot\src\share\vm\runtime\sharedRuntime.cpp, line 605]
Event: 3.902 Thread 0x000000000239e800 Exception <a 'java/lang/ArrayIndexOutOfBoundsException'> (0x00000000ff6bead0) thrown at [C:\re\workspace\8-2-build-windows-amd64-cygwin\jdk8u121\8372\hotspot\src\share\vm\runtime\sharedRuntime.cpp, line 605]
Event: 3.903 Thread 0x000000000239e800 Exception <a 'java/lang/ArrayIndexOutOfBoundsException'> (0x00000000ff6c22a8) thrown at [C:\re\workspace\8-2-build-windows-amd64-cygwin\jdk8u121\8372\hotspot\src\share\vm\runtime\sharedRuntime.cpp, line 605]
Event: 3.903 Thread 0x000000000239e800 Exception <a 'java/lang/ArrayIndexOutOfBoundsException'> (0x00000000ff6c3c38) thrown at [C:\re\workspace\8-2-build-windows-amd64-cygwin\jdk8u121\8372\hotspot\src\share\vm\runtime\sharedRuntime.cpp, line 605]
Event: 3.941 Thread 0x000000000239e800 Exception <a 'java/lang/NoSuchFieldError': method resolution failed> (0x00000000ff8a12a8) thrown at [C:\re\workspace\8-2-build-windows-amd64-cygwin\jdk8u121\8372\hotspot\src\share\vm\prims\methodHandles.cpp, line 1146]
Event: 3.943 Thread 0x000000000239e800 Exception <a 'java/lang/NoSuchFieldError': method resolution failed> (0x00000000ff8aed38) thrown at [C:\re\workspace\8-2-build-windows-amd64-cygwin\jdk8u121\8372\hotspot\src\share\vm\prims\methodHandles.cpp, line 1146]
Event: 243.288 Thread 0x000000000239e800 Implicit null exception at 0x00000000029b7b7d to 0x00000000029b7cd5
Event: 417.218 Thread 0x000000000239e800 Exception <a 'java/io/IOException'> (0x00000000fee4d230) thrown at [C:\re\workspace\8-2-build-windows-amd64-cygwin\jdk8u121\8372\hotspot\src\share\vm\prims\jni.cpp, line 709]
Event: 417.647 Thread 0x00000000143ef800 Exception <a 'java/io/IOException'> (0x00000000ff037ba8) thrown at [C:\re\workspace\8-2-build-windows-amd64-cygwin\jdk8u121\8372\hotspot\src\share\vm\prims\jni.cpp, line 709]

Events (10 events):
Event: 417.854 Thread 0x000000000239e800 Uncommon trap: trap_request=0xffffff65 fr.pc=0x00000000027530e4
Event: 417.854 Thread 0x000000000239e800 DEOPT PACKING pc=0x00000000027530e4 sp=0x000000000249db00
Event: 417.854 Thread 0x000000000239e800 DEOPT UNPACKING pc=0x00000000025e582a sp=0x000000000249dad0 mode 2
Event: 417.854 Thread 0x000000000239e800 Uncommon trap: trap_request=0xffffff65 fr.pc=0x000000000293a96c
Event: 417.854 Thread 0x000000000239e800 DEOPT PACKING pc=0x000000000293a96c sp=0x000000000249dab0
Event: 417.854 Thread 0x000000000239e800 DEOPT UNPACKING pc=0x00000000025e582a sp=0x000000000249da60 mode 2
Event: 417.855 Thread 0x00000000156d2800 Thread exited: 0x00000000156d2800
Event: 417.855 loading class org/gradle/launcher/bootstrap/ProcessCompleter
Event: 417.855 loading class org/gradle/launcher/bootstrap/ProcessCompleter done
Event: 417.888 loading class java/util/IdentityHashMap$KeySet


Dynamic libraries:
0x00007ff64f0b0000 - 0x00007ff64f0e7000 	C:\Program Files\Java\jdk1.8.0_121\bin\java.exe
0x00007ffdc3bc0000 - 0x00007ffdc3dad000 	C:\WINDOWS\SYSTEM32\ntdll.dll
0x00007ffdc0df0000 - 0x00007ffdc0ea3000 	C:\WINDOWS\System32\KERNEL32.DLL
0x00007ffdc0ae0000 - 0x00007ffdc0d73000 	C:\WINDOWS\System32\KERNELBASE.dll
0x00007ffdc3640000 - 0x00007ffdc36e3000 	C:\WINDOWS\System32\ADVAPI32.dll
0x00007ffdc18e0000 - 0x00007ffdc197e000 	C:\WINDOWS\System32\msvcrt.dll
0x00007ffdc3330000 - 0x00007ffdc33ce000 	C:\WINDOWS\System32\sechost.dll
0x00007ffdc3510000 - 0x00007ffdc3632000 	C:\WINDOWS\System32\RPCRT4.dll
0x00007ffdc12c0000 - 0x00007ffdc1457000 	C:\WINDOWS\System32\USER32.dll
0x00007ffdbfdb0000 - 0x00007ffdbfdd0000 	C:\WINDOWS\System32\win32u.dll
0x00007ffdc3890000 - 0x00007ffdc38b9000 	C:\WINDOWS\System32\GDI32.dll
0x00007ffdc08a0000 - 0x00007ffdc0a39000 	C:\WINDOWS\System32\gdi32full.dll
0x00007ffdc0a40000 - 0x00007ffdc0ae0000 	C:\WINDOWS\System32\msvcp_win.dll
0x00007ffdc05c0000 - 0x00007ffdc06ba000 	C:\WINDOWS\System32\ucrtbase.dll
0x00007ffdb8a10000 - 0x00007ffdb8c89000 	C:\WINDOWS\WinSxS\amd64_microsoft.windows.common-controls_6595b64144ccf1df_6.0.17763.1098_none_de762ed45346ee8a\COMCTL32.dll
0x00007ffdc19f0000 - 0x00007ffdc1d1c000 	C:\WINDOWS\System32\combase.dll
0x00007ffdc0520000 - 0x00007ffdc059e000 	C:\WINDOWS\System32\bcryptPrimitives.dll
0x00007ffdc3750000 - 0x00007ffdc377e000 	C:\WINDOWS\System32\IMM32.DLL
0x0000000070f50000 - 0x0000000071022000 	C:\Program Files\Java\jdk1.8.0_121\jre\bin\msvcr100.dll
0x00000000706b0000 - 0x0000000070f4b000 	C:\Program Files\Java\jdk1.8.0_121\jre\bin\server\jvm.dll
0x00007ffdc0de0000 - 0x00007ffdc0de8000 	C:\WINDOWS\System32\PSAPI.DLL
0x00007ffdbe5f0000 - 0x00007ffdbe5f9000 	C:\WINDOWS\SYSTEM32\WSOCK32.dll
0x00007ffdbb350000 - 0x00007ffdbb35a000 	C:\WINDOWS\SYSTEM32\VERSION.dll
0x00007ffdc34a0000 - 0x00007ffdc350d000 	C:\WINDOWS\System32\WS2_32.dll
0x00007ffdbcc20000 - 0x00007ffdbcc44000 	C:\WINDOWS\SYSTEM32\WINMM.dll
0x00007ffdbcbf0000 - 0x00007ffdbcc1d000 	C:\WINDOWS\SYSTEM32\winmmbase.dll
0x00007ffdbfcb0000 - 0x00007ffdbfcfa000 	C:\WINDOWS\System32\cfgmgr32.dll
0x00000000706a0000 - 0x00000000706af000 	C:\Program Files\Java\jdk1.8.0_121\jre\bin\verify.dll
0x0000000070670000 - 0x0000000070699000 	C:\Program Files\Java\jdk1.8.0_121\jre\bin\java.dll
0x0000000070650000 - 0x0000000070666000 	C:\Program Files\Java\jdk1.8.0_121\jre\bin\zip.dll
0x00007ffdc1e10000 - 0x00007ffdc3304000 	C:\WINDOWS\System32\SHELL32.dll
0x00007ffdc1190000 - 0x00007ffdc1238000 	C:\WINDOWS\System32\shcore.dll
0x00007ffdbfdd0000 - 0x00007ffdc051d000 	C:\WINDOWS\System32\windows.storage.dll
0x00007ffdbfbd0000 - 0x00007ffdbfbf4000 	C:\WINDOWS\System32\profapi.dll
0x00007ffdbfc00000 - 0x00007ffdbfc5d000 	C:\WINDOWS\System32\powrprof.dll
0x00007ffdc3830000 - 0x00007ffdc3882000 	C:\WINDOWS\System32\shlwapi.dll
0x00007ffdbfbb0000 - 0x00007ffdbfbc1000 	C:\WINDOWS\System32\kernel.appcore.dll
0x00007ffdc05a0000 - 0x00007ffdc05b7000 	C:\WINDOWS\System32\cryptsp.dll
0x0000000070630000 - 0x000000007064a000 	C:\Program Files\Java\jdk1.8.0_121\jre\bin\net.dll
0x00007ffdbf420000 - 0x00007ffdbf487000 	C:\WINDOWS\system32\mswsock.dll
0x0000000070610000 - 0x0000000070621000 	C:\Program Files\Java\jdk1.8.0_121\jre\bin\nio.dll
0x00007ffdbc350000 - 0x00007ffdbc376000 	C:\Users\hp\.gradle\native\29\windows-amd64\native-platform.dll
0x00007ffdbefa0000 - 0x00007ffdbefd3000 	C:\WINDOWS\system32\rsaenh.dll
0x00007ffdbfc80000 - 0x00007ffdbfca6000 	C:\WINDOWS\System32\bcrypt.dll
0x00007ffdbfab0000 - 0x00007ffdbfad8000 	C:\WINDOWS\SYSTEM32\USERENV.dll
0x00007ffdbf5f0000 - 0x00007ffdbf5fc000 	C:\WINDOWS\SYSTEM32\CRYPTBASE.dll
0x00007ffdbf140000 - 0x00007ffdbf17d000 	C:\WINDOWS\SYSTEM32\IPHLPAPI.DLL
0x00007ffdc1d20000 - 0x00007ffdc1d28000 	C:\WINDOWS\System32\NSI.dll
0x00007ffdbac20000 - 0x00007ffdbac36000 	C:\WINDOWS\SYSTEM32\dhcpcsvc6.DLL
0x00007ffdbac60000 - 0x00007ffdbac7c000 	C:\WINDOWS\SYSTEM32\dhcpcsvc.DLL
0x00007ffdbf180000 - 0x00007ffdbf246000 	C:\WINDOWS\SYSTEM32\DNSAPI.dll
0x00007ffdbc3b0000 - 0x00007ffdbc3ba000 	C:\Users\hp\.gradle\native\jansi\1.17.1\windows64\jansi-1.17.1-9049232732286120090.dll
0x00007ffdbc380000 - 0x00007ffdbc38a000 	C:\Users\hp\.gradle\native\jansi\1.17.1\windows64\jansi-1.17.1-1701718292581856822.dll
0x0000000070600000 - 0x000000007060d000 	C:\Program Files\Java\jdk1.8.0_121\jre\bin\management.dll

VM Arguments:
jvm_args: -Xmx64m -Xms64m -Dorg.gradle.appname=gradlew 
java_command: org.gradle.wrapper.GradleWrapperMain app:installDebug -PreactNativeDevServerPort=8081
java_class_path (initial): E:\myfirstapp\ClientApp\android\\gradle\wrapper\gradle-wrapper.jar
Launcher Type: SUN_STANDARD

Environment Variables:
CLASSPATH=E:\myfirstapp\ClientApp\android\\gradle\wrapper\gradle-wrapper.jar
PATH=E:\myfirstapp\ClientApp\node_modules\.bin;C:\Program Files\Python37\Scripts\;C:\Program Files\Python37\;C:\Program Files\Java\jdk1.8.0_121\bin;C:\WINDOWS\system32;C:\WINDOWS;C:\WINDOWS\System32\Wbem;C:\WINDOWS\System32\WindowsPowerShell\v1.0\;C:\Program Files\gnuplot\bin;E:\matlab\runtime\win64;E:\matlab\bin;C:\WINDOWS\System32\OpenSSH\;C:\Program Files (x86)\Microsoft SQL Server\Client SDK\ODBC\130\Tools\Binn\;C:\Program Files (x86)\Microsoft SQL Server\140\Tools\Binn\;C:\Program Files (x86)\Microsoft SQL Server\140\DTS\Binn\;C:\Program Files (x86)\Microsoft SQL Server\140\Tools\Binn\ManagementStudio\;C:\Program Files\Microsoft SQL Server\120\Tools\Binn\;C:\Program Files\Microsoft SQL Server\Client SDK\ODBC\110\Tools\Binn\;C:\Program Files (x86)\Microsoft SQL Server\120\Tools\Binn\;C:\Program Files\Microsoft SQL Server\120\DTS\Binn\;C:\Program Files\Microsoft SQL Server\Client SDK\ODBC\130\Tools\Binn\;C:\Program Files\Microsoft SQL Server\140\Tools\Binn\;C:\Program Files\Microsoft SQL Server\140\DTS\Binn\;C:\Program Files\Microsoft SQL Server\130\Tools\Binn\;C:\Users\hp\AppDa;E:\opencv\build\x64\vc15\bin;E:\opencv\build\x64\vc15\bin;E:\opencv\build\bin;C:\Program Files\nodejs\;E:\Android\Sdk\platform-tools;E:\anaconda;E:\anaconda\Library\mingw-w64\bin;E:\anaconda\Library\usr\bin;E:\anaconda\Library\bin;E:\anaconda\Scripts;C:\Users\hp\AppData\Local\Programs\Python\Python37-32\Scripts\;C:\Users\hp\AppData\Local\Programs\Python\Python37-32\;C:\Program Files\Java\jdk1.8.0_121\bin;C:\Users\hp\AppData\Local\Microsoft\WindowsApps;C:\Program Files\JetBrains\PyCharm Edu 2019.2.1\bin;;C:\Users\hp\AppData\Roaming\npm;E:\Android\Sdk\platform-tools;
USERNAME=hp
OS=Windows_NT
PROCESSOR_IDENTIFIER=Intel64 Family 6 Model 142 Stepping 9, GenuineIntel



---------------  S Y S T E M  ---------------

OS: Windows 10.0 , 64 bit Build 17763 (10.0.17763.475)

CPU:total 4 (2 cores per cpu, 2 threads per core) family 6 model 142 stepping 9, cmov, cx8, fxsr, mmx, sse, sse2, sse3, ssse3, sse4.1, sse4.2, popcnt, avx, avx2, aes, clmul, erms, 3dnowpref, lzcnt, ht, tsc, tscinvbit, bmi1, bmi2, adx

Memory: 4k page, physical 4109540k(701916k free), swap 6594208k(420944k free)

vm_info: Java HotSpot(TM) 64-Bit Server VM (25.121-b13) for windows-amd64 JRE (1.8.0_121-b13), built on Dec 12 2016 18:21:36 by "java_re" with MS VC++ 10.0 (VS2010)

time: Wed Mar 18 00:55:08 2020
elapsed time: 418 seconds (0d 0h 6m 58s)

