#
# There is insufficient memory for the Java Runtime Environment to continue.
# Native memory allocation (malloc) failed to allocate 1094896 bytes for Chunk::new
# Possible reasons:
#   The system is out of physical RAM or swap space
#   In 32 bit mode, the process size limit was hit
# Possible solutions:
#   Reduce memory load on the system
#   Increase physical memory or swap space
#   Check if swap backing store is full
#   Use 64 bit Java on a 64 bit OS
#   Decrease Java heap size (-Xmx/-Xms)
#   Decrease number of Java threads
#   Decrease Java thread stack sizes (-Xss)
#   Set larger code cache with -XX:ReservedCodeCacheSize=
# This output file may be truncated or incomplete.
#
#  Out of Memory Error (allocation.cpp:390), pid=13208, tid=0x0000000000003df0
#
# JRE version: Java(TM) SE Runtime Environment (8.0_121-b13) (build 1.8.0_121-b13)
# Java VM: Java HotSpot(TM) 64-Bit Server VM (25.121-b13 mixed mode windows-amd64 compressed oops)
# Failed to write core dump. Minidumps are not enabled by default on client versions of Windows
#

---------------  T H R E A D  ---------------

Current thread (0x00000000146b5000):  JavaThread "C2 CompilerThread1" daemon [_thread_in_native, id=15856, stack(0x0000000015e10000,0x0000000015f10000)]

Stack: [0x0000000015e10000,0x0000000015f10000]
[error occurred during error reporting (printing stack bounds), id 0xc0000005]

Native frames: (J=compiled Java code, j=interpreted, Vv=VM code, C=native code)


Current CompileTask:
C2: 111109 7739       4       org.gradle.internal.operations.DefaultBuildOperationExecutor::execute (111 bytes)


---------------  P R O C E S S  ---------------

Java Threads: ( => current thread )
  0x000000001b35a800 JavaThread "Memory manager" [_thread_blocked, id=12668, stack(0x0000000021520000,0x0000000021620000)]
  0x000000001b35b000 JavaThread "Cache worker for Build Output Cleanup Cache (E:\myfirstapp\ClientApp\android\.gradle\buildOutputCleanup)" [_thread_blocked, id=18212, stack(0x0000000020420000,0x0000000020520000)]
  0x000000001b360800 JavaThread "Build operations Thread 4" [_thread_blocked, id=16376, stack(0x000000001ff20000,0x0000000020020000)]
  0x000000001b35c000 JavaThread "Build operations Thread 3" [_thread_blocked, id=1432, stack(0x000000001fe20000,0x000000001ff20000)]
  0x000000001b361000 JavaThread "Build operations Thread 2" [_thread_blocked, id=14236, stack(0x000000001fd20000,0x000000001fe20000)]
  0x000000001b35e000 JavaThread "Build operations" [_thread_blocked, id=9952, stack(0x000000001fc20000,0x000000001fd20000)]
  0x00000000174c5000 JavaThread "Cache worker for execution history cache (C:\Users\hp\.gradle\caches\5.5\executionHistory)" [_thread_blocked, id=11152, stack(0x000000001e940000,0x000000001ea40000)]
  0x00000000174c4800 JavaThread "Cache worker for cache directory md-rule (C:\Users\hp\.gradle\caches\5.5\md-rule)" [_thread_blocked, id=15592, stack(0x000000001e640000,0x000000001e740000)]
  0x00000000174c3800 JavaThread "Cache worker for cache directory md-supplier (C:\Users\hp\.gradle\caches\5.5\md-supplier)" [_thread_blocked, id=9664, stack(0x000000001e540000,0x000000001e640000)]
  0x00000000174c7800 JavaThread "Cache worker for file hash cache (E:\myfirstapp\ClientApp\android\.gradle\5.5\fileHashes)" [_thread_blocked, id=1640, stack(0x000000001b600000,0x000000001b700000)]
  0x00000000174c6800 JavaThread "Cache worker for journal cache (C:\Users\hp\.gradle\caches\journal-1)" [_thread_blocked, id=16608, stack(0x0000000019260000,0x0000000019360000)]
  0x00000000174c3000 JavaThread "File lock request listener" [_thread_in_native, id=14936, stack(0x0000000019160000,0x0000000019260000)]
  0x00000000174c6000 JavaThread "Cache worker for file hash cache (C:\Users\hp\.gradle\caches\5.5\fileHashes)" [_thread_blocked, id=5556, stack(0x0000000019060000,0x0000000019160000)]
  0x0000000016f20800 JavaThread "Thread-9" [_thread_blocked, id=10276, stack(0x0000000018f60000,0x0000000019060000)]
  0x00000000176cb000 JavaThread "Stdin handler" [_thread_blocked, id=16660, stack(0x0000000018c60000,0x0000000018d60000)]
  0x0000000016fb1800 JavaThread "Asynchronous log dispatcher for DefaultDaemonConnection: socket connection from /127.0.0.1:55343 to /127.0.0.1:55344" [_thread_blocked, id=11652, stack(0x0000000018b60000,0x0000000018c60000)]
  0x0000000016fb0000 JavaThread "Daemon worker" [_thread_in_native, id=7736, stack(0x0000000018a60000,0x0000000018b60000)]
  0x0000000016faf800 JavaThread "Cancel handler" [_thread_blocked, id=16372, stack(0x0000000018960000,0x0000000018a60000)]
  0x0000000016f73800 JavaThread "Handler for socket connection from /127.0.0.1:55343 to /127.0.0.1:55344" [_thread_in_native, id=10896, stack(0x0000000018860000,0x0000000018960000)]
  0x0000000017113000 JavaThread "Daemon" [_thread_blocked, id=11444, stack(0x0000000018760000,0x0000000018860000)]
  0x0000000016dca800 JavaThread "Daemon periodic checks" [_thread_blocked, id=16904, stack(0x0000000018660000,0x0000000018760000)]
  0x000000001765c000 JavaThread "Incoming local TCP Connector on port 55343" [_thread_in_native, id=12092, stack(0x0000000018420000,0x0000000018520000)]
  0x0000000017597800 JavaThread "Daemon health stats" [_thread_blocked, id=728, stack(0x0000000017de0000,0x0000000017ee0000)]
  0x000000001470e800 JavaThread "Service Thread" daemon [_thread_blocked, id=8032, stack(0x0000000016410000,0x0000000016510000)]
  0x00000000146dc000 JavaThread "C1 CompilerThread2" daemon [_thread_blocked, id=8640, stack(0x0000000015f10000,0x0000000016010000)]
=>0x00000000146b5000 JavaThread "C2 CompilerThread1" daemon [_thread_in_native, id=15856, stack(0x0000000015e10000,0x0000000015f10000)]
  0x00000000146b1800 JavaThread "C2 CompilerThread0" daemon [_thread_blocked, id=8728, stack(0x0000000015d10000,0x0000000015e10000)]
  0x00000000146b0000 JavaThread "Attach Listener" daemon [_thread_blocked, id=16796, stack(0x0000000015c10000,0x0000000015d10000)]
  0x00000000146ac000 JavaThread "Signal Dispatcher" daemon [_thread_blocked, id=14516, stack(0x0000000015b10000,0x0000000015c10000)]
  0x000000000323b800 JavaThread "Finalizer" daemon [_thread_blocked, id=8620, stack(0x0000000015910000,0x0000000015a10000)]
  0x0000000014679000 JavaThread "Reference Handler" daemon [_thread_blocked, id=8444, stack(0x0000000015810000,0x0000000015910000)]
  0x000000000333e000 JavaThread "main" [_thread_blocked, id=8256, stack(0x0000000002fb0000,0x00000000030b0000)]

Other Threads:
  0x0000000014677800 VMThread [stack: 0x0000000015710000,0x0000000015810000] [id=18172]
  0x000000001604e000 WatcherThread [stack: 0x0000000016510000,0x0000000016610000] [id=9860]

VM state:not at safepoint (normal execution)

VM Mutex/Monitor currently owned by a thread: None

Heap:
 PSYoungGen      total 93696K, used 61068K [0x00000000f5580000, 0x00000000fdf80000, 0x0000000100000000)
  eden space 75264K, 56% used [0x00000000f5580000,0x00000000f7f26b80,0x00000000f9f00000)
  from space 18432K, 99% used [0x00000000f9f00000,0x00000000fb0fc5c0,0x00000000fb100000)
  to   space 20480K, 0% used [0x00000000fcb80000,0x00000000fcb80000,0x00000000fdf80000)
 ParOldGen       total 175104K, used 32393K [0x00000000e0000000, 0x00000000eab00000, 0x00000000f5580000)
  object space 175104K, 18% used [0x00000000e0000000,0x00000000e1fa2598,0x00000000eab00000)
 Metaspace       used 67070K, capacity 70062K, committed 70144K, reserved 1110016K
  class space    used 9189K, capacity 9982K, committed 9984K, reserved 1048576K

Card table byte_map: [0x0000000012700000,0x0000000012810000] byte_map_base: 0x0000000012000000

Marking Bits: (ParMarkBitMap*) 0x000000006ef4b6d0
 Begin Bits: [0x0000000012c10000, 0x0000000013410000)
 End Bits:   [0x0000000013410000, 0x0000000013c10000)

Polling page: 0x00000000012f0000

CodeCache: size=245760Kb used=24133Kb max_used=24145Kb free=221626Kb
 bounds [0x0000000003340000, 0x0000000004b00000, 0x0000000012340000]
 total_blobs=8065 nmethods=7238 adapters=738
 compilation: enabled

Compilation events (10 events):
Event: 110.452 Thread 0x00000000146dc000 nmethod 7920 0x0000000004aabe90 code [0x0000000004aac040, 0x0000000004aac4b8]
Event: 110.452 Thread 0x00000000146dc000 7912       3       com.android.build.gradle.internal.scope.BuildArtifactsHolder$FinalBuildableArtifact::<init> (27 bytes)
Event: 110.452 Thread 0x00000000146dc000 nmethod 7912 0x0000000004aac690 code [0x0000000004aac820, 0x0000000004aacbb8]
Event: 110.452 Thread 0x00000000146dc000 7921       3       org.gradle.api.internal.artifacts.dsl.LazyPublishArtifact::getDelegate (119 bytes)
Event: 110.454 Thread 0x00000000146dc000 nmethod 7921 0x0000000004aacd50 code [0x0000000004aad060, 0x0000000004aaec68]
Event: 110.454 Thread 0x00000000146dc000 7922       3       org.gradle.api.internal.attributes.ImmutableAttributeContainerWithErrorMessage::<init> (15 bytes)
Event: 110.454 Thread 0x00000000146dc000 nmethod 7922 0x0000000004aafa50 code [0x0000000004aafba0, 0x0000000004aafd70]
Event: 110.454 Thread 0x00000000146dc000 7923       3       org.gradle.api.internal.attributes.ImmutableAttributeContainerWithErrorMessage::asImmutable (10 bytes)
Event: 110.454 Thread 0x00000000146dc000 nmethod 7923 0x0000000004aafe10 code [0x0000000004aaff80, 0x0000000004ab01a8]
Event: 110.454 Thread 0x00000000146dc000 7924       3       org.gradle.api.internal.collections.FilteredCollection$FilteringIterator::next (30 bytes)

GC Heap History (10 events):
Event: 93.476 GC heap before
{Heap before GC invocations=14 (full 2):
 PSYoungGen      total 72704K, used 48468K [0x00000000f5580000, 0x00000000faf00000, 0x0000000100000000)
  eden space 57856K, 58% used [0x00000000f5580000,0x00000000f7656320,0x00000000f8e00000)
  from space 14848K, 99% used [0x00000000f8f00000,0x00000000f9d7f0c0,0x00000000f9d80000)
  to   space 16896K, 0% used [0x00000000f9e80000,0x00000000f9e80000,0x00000000faf00000)
 ParOldGen       total 175104K, used 19207K [0x00000000e0000000, 0x00000000eab00000, 0x00000000f5580000)
  object space 175104K, 10% used [0x00000000e0000000,0x00000000e12c1c78,0x00000000eab00000)
 Metaspace       used 57324K, capacity 58940K, committed 59008K, reserved 1099776K
  class space    used 7887K, capacity 8313K, committed 8320K, reserved 1048576K
Event: 93.510 GC heap after
Heap after GC invocations=14 (full 2):
 PSYoungGen      total 73216K, used 16867K [0x00000000f5580000, 0x00000000fcb00000, 0x0000000100000000)
  eden space 56320K, 0% used [0x00000000f5580000,0x00000000f5580000,0x00000000f8c80000)
  from space 16896K, 99% used [0x00000000f9e80000,0x00000000faef8ef0,0x00000000faf00000)
  to   space 18432K, 0% used [0x00000000f8c80000,0x00000000f8c80000,0x00000000f9e80000)
 ParOldGen       total 175104K, used 19266K [0x00000000e0000000, 0x00000000eab00000, 0x00000000f5580000)
  object space 175104K, 11% used [0x00000000e0000000,0x00000000e12d0800,0x00000000eab00000)
 Metaspace       used 57324K, capacity 58940K, committed 59008K, reserved 1099776K
  class space    used 7887K, capacity 8313K, committed 8320K, reserved 1048576K
}
Event: 93.510 GC heap before
{Heap before GC invocations=15 (full 3):
 PSYoungGen      total 73216K, used 16867K [0x00000000f5580000, 0x00000000fcb00000, 0x0000000100000000)
  eden space 56320K, 0% used [0x00000000f5580000,0x00000000f5580000,0x00000000f8c80000)
  from space 16896K, 99% used [0x00000000f9e80000,0x00000000faef8ef0,0x00000000faf00000)
  to   space 18432K, 0% used [0x00000000f8c80000,0x00000000f8c80000,0x00000000f9e80000)
 ParOldGen       total 175104K, used 19266K [0x00000000e0000000, 0x00000000eab00000, 0x00000000f5580000)
  object space 175104K, 11% used [0x00000000e0000000,0x00000000e12d0800,0x00000000eab00000)
 Metaspace       used 57324K, capacity 58940K, committed 59008K, reserved 1099776K
  class space    used 7887K, capacity 8313K, committed 8320K, reserved 1048576K
Event: 93.780 GC heap after
Heap after GC invocations=15 (full 3):
 PSYoungGen      total 73216K, used 0K [0x00000000f5580000, 0x00000000fcb00000, 0x0000000100000000)
  eden space 56320K, 0% used [0x00000000f5580000,0x00000000f5580000,0x00000000f8c80000)
  from space 16896K, 0% used [0x00000000f9e80000,0x00000000f9e80000,0x00000000faf00000)
  to   space 18432K, 0% used [0x00000000f8c80000,0x00000000f8c80000,0x00000000f9e80000)
 ParOldGen       total 175104K, used 32313K [0x00000000e0000000, 0x00000000eab00000, 0x00000000f5580000)
  object space 175104K, 18% used [0x00000000e0000000,0x00000000e1f8e410,0x00000000eab00000)
 Metaspace       used 57324K, capacity 58940K, committed 59008K, reserved 1099776K
  class space    used 7887K, capacity 8313K, committed 8320K, reserved 1048576K
}
Event: 96.140 GC heap before
{Heap before GC invocations=16 (full 3):
 PSYoungGen      total 73216K, used 56320K [0x00000000f5580000, 0x00000000fcb00000, 0x0000000100000000)
  eden space 56320K, 100% used [0x00000000f5580000,0x00000000f8c80000,0x00000000f8c80000)
  from space 16896K, 0% used [0x00000000f9e80000,0x00000000f9e80000,0x00000000faf00000)
  to   space 18432K, 0% used [0x00000000f8c80000,0x00000000f8c80000,0x00000000f9e80000)
 ParOldGen       total 175104K, used 32313K [0x00000000e0000000, 0x00000000eab00000, 0x00000000f5580000)
  object space 175104K, 18% used [0x00000000e0000000,0x00000000e1f8e410,0x00000000eab00000)
 Metaspace       used 60132K, capacity 62118K, committed 62208K, reserved 1101824K
  class space    used 8349K, capacity 8884K, committed 8960K, reserved 1048576K
Event: 96.149 GC heap after
Heap after GC invocations=16 (full 3):
 PSYoungGen      total 74752K, used 6064K [0x00000000f5580000, 0x00000000fc500000, 0x0000000100000000)
  eden space 56320K, 0% used [0x00000000f5580000,0x00000000f5580000,0x00000000f8c80000)
  from space 18432K, 32% used [0x00000000f8c80000,0x00000000f926c220,0x00000000f9e80000)
  to   space 18944K, 0% used [0x00000000fb280000,0x00000000fb280000,0x00000000fc500000)
 ParOldGen       total 175104K, used 32321K [0x00000000e0000000, 0x00000000eab00000, 0x00000000f5580000)
  object space 175104K, 18% used [0x00000000e0000000,0x00000000e1f90410,0x00000000eab00000)
 Metaspace       used 60132K, capacity 62118K, committed 62208K, reserved 1101824K
  class space    used 8349K, capacity 8884K, committed 8960K, reserved 1048576K
}
Event: 102.837 GC heap before
{Heap before GC invocations=17 (full 3):
 PSYoungGen      total 74752K, used 62384K [0x00000000f5580000, 0x00000000fc500000, 0x0000000100000000)
  eden space 56320K, 100% used [0x00000000f5580000,0x00000000f8c80000,0x00000000f8c80000)
  from space 18432K, 32% used [0x00000000f8c80000,0x00000000f926c220,0x00000000f9e80000)
  to   space 18944K, 0% used [0x00000000fb280000,0x00000000fb280000,0x00000000fc500000)
 ParOldGen       total 175104K, used 32321K [0x00000000e0000000, 0x00000000eab00000, 0x00000000f5580000)
  object space 175104K, 18% used [0x00000000e0000000,0x00000000e1f90410,0x00000000eab00000)
 Metaspace       used 64109K, capacity 66338K, committed 66560K, reserved 1105920K
  class space    used 8768K, capacity 9346K, committed 9472K, reserved 1048576K
Event: 102.856 GC heap after
Heap after GC invocations=17 (full 3):
 PSYoungGen      total 92160K, used 11762K [0x00000000f5580000, 0x00000000fc300000, 0x0000000100000000)
  eden space 75264K, 0% used [0x00000000f5580000,0x00000000f5580000,0x00000000f9f00000)
  from space 16896K, 69% used [0x00000000fb280000,0x00000000fbdfcbd8,0x00000000fc300000)
  to   space 18432K, 0% used [0x00000000f9f00000,0x00000000f9f00000,0x00000000fb100000)
 ParOldGen       total 175104K, used 32329K [0x00000000e0000000, 0x00000000eab00000, 0x00000000f5580000)
  object space 175104K, 18% used [0x00000000e0000000,0x00000000e1f92410,0x00000000eab00000)
 Metaspace       used 64109K, capacity 66338K, committed 66560K, reserved 1105920K
  class space    used 8768K, capacity 9346K, committed 9472K, reserved 1048576K
}
Event: 108.384 GC heap before
{Heap before GC invocations=18 (full 3):
 PSYoungGen      total 92160K, used 87026K [0x00000000f5580000, 0x00000000fc300000, 0x0000000100000000)
  eden space 75264K, 100% used [0x00000000f5580000,0x00000000f9f00000,0x00000000f9f00000)
  from space 16896K, 69% used [0x00000000fb280000,0x00000000fbdfcbd8,0x00000000fc300000)
  to   space 18432K, 0% used [0x00000000f9f00000,0x00000000f9f00000,0x00000000fb100000)
 ParOldGen       total 175104K, used 32329K [0x00000000e0000000, 0x00000000eab00000, 0x00000000f5580000)
  object space 175104K, 18% used [0x00000000e0000000,0x00000000e1f92410,0x00000000eab00000)
 Metaspace       used 66045K, capacity 68672K, committed 68992K, reserved 1107968K
  class space    used 9041K, capacity 9738K, committed 9856K, reserved 1048576K
Event: 108.423 GC heap after
Heap after GC invocations=18 (full 3):
 PSYoungGen      total 93696K, used 18417K [0x00000000f5580000, 0x00000000fdf80000, 0x0000000100000000)
  eden space 75264K, 0% used [0x00000000f5580000,0x00000000f5580000,0x00000000f9f00000)
  from space 18432K, 99% used [0x00000000f9f00000,0x00000000fb0fc5c0,0x00000000fb100000)
  to   space 20480K, 0% used [0x00000000fcb80000,0x00000000fcb80000,0x00000000fdf80000)
 ParOldGen       total 175104K, used 32393K [0x00000000e0000000, 0x00000000eab00000, 0x00000000f5580000)
  object space 175104K, 18% used [0x00000000e0000000,0x00000000e1fa2598,0x00000000eab00000)
 Metaspace       used 66045K, capacity 68672K, committed 68992K, reserved 1107968K
  class space    used 9041K, capacity 9738K, committed 9856K, reserved 1048576K
}

Deoptimization events (10 events):
Event: 98.084 Thread 0x0000000016fb0000 Uncommon trap: reason=unstable_if action=reinterpret pc=0x0000000004158e74 method=java.io.WinNTFileSystem.prefixLength(Ljava/lang/String;)I @ 42
Event: 98.485 Thread 0x0000000016fb0000 Uncommon trap: reason=unstable_if action=reinterpret pc=0x0000000003fbc620 method=java.lang.ClassValue.match(Ljava/lang/ClassValue$Entry;)Z @ 12
Event: 99.296 Thread 0x0000000016fb0000 Uncommon trap: reason=unstable_if action=reinterpret pc=0x0000000003b12eb8 method=java.lang.ClassValue.match(Ljava/lang/ClassValue$Entry;)Z @ 12
Event: 99.297 Thread 0x0000000016fb0000 Uncommon trap: reason=unstable_if action=reinterpret pc=0x0000000003aeb71c method=java.lang.ClassValue.match(Ljava/lang/ClassValue$Entry;)Z @ 12
Event: 99.343 Thread 0x0000000016fb0000 Uncommon trap: reason=unstable_if action=reinterpret pc=0x0000000003c835f8 method=java.util.TreeMap.put(Ljava/lang/Object;Ljava/lang/Object;)Ljava/lang/Object; @ 163
Event: 107.283 Thread 0x0000000016fb0000 Uncommon trap: reason=unstable_if action=reinterpret pc=0x0000000003e7b690 method=java.lang.ClassValue.match(Ljava/lang/ClassValue$Entry;)Z @ 12
Event: 108.298 Thread 0x0000000016fb0000 Uncommon trap: reason=unstable_if action=reinterpret pc=0x0000000003c60970 method=org.codehaus.groovy.runtime.metaclass.MetaMethodIndex.copyNonPrivateNonNewMetaMethods(Lorg/codehaus/groovy/runtime/metaclass/MetaMethodIndex$Entry;Lorg/codehaus/groovy/runti
Event: 109.121 Thread 0x0000000016fb0000 Uncommon trap: reason=predicate action=maybe_recompile pc=0x0000000004959ef0 method=java.util.ComparableTimSort.binarySort([Ljava/lang/Object;III)V @ 37
Event: 110.205 Thread 0x0000000016fb0000 Uncommon trap: reason=unstable_if action=reinterpret pc=0x00000000046e8968 method=com.esotericsoftware.kryo.io.Input.readString()Ljava/lang/String; @ 28
Event: 110.373 Thread 0x0000000016fb0000 Uncommon trap: reason=predicate action=maybe_recompile pc=0x00000000042274fc method=java.util.TreeMap.put(Ljava/lang/Object;Ljava/lang/Object;)Ljava/lang/Object; @ 132

Internal exceptions (10 events):
Event: 109.393 Thread 0x0000000016fb0000 Exception <a 'sun/nio/fs/WindowsException'> (0x00000000f62a8b88) thrown at [C:\re\workspace\8-2-build-windows-amd64-cygwin\jdk8u121\8372\hotspot\src\share\vm\prims\jni.cpp, line 709]
Event: 109.490 Thread 0x0000000016fb0000 Exception <a 'java/lang/ClassNotFoundException': build_4pcq003v7jdwonaz8iywotb6w$_run_closure1BeanInfo> (0x00000000f63a3220) thrown at [C:\re\workspace\8-2-build-windows-amd64-cygwin\jdk8u121\8372\hotspot\src\share\vm\classfile\systemDictionary.cpp, line 
Event: 109.492 Thread 0x0000000016fb0000 Exception <a 'java/lang/ClassNotFoundException': build_4pcq003v7jdwonaz8iywotb6w$_run_closure1Customizer> (0x00000000f63bc498) thrown at [C:\re\workspace\8-2-build-windows-amd64-cygwin\jdk8u121\8372\hotspot\src\share\vm\classfile\systemDictionary.cpp, lin
Event: 109.629 Thread 0x0000000016fb0000 Exception <a 'java/lang/ClassNotFoundException': build_4pcq003v7jdwonaz8iywotb6w$_run_closure4BeanInfo> (0x00000000f66c8bf8) thrown at [C:\re\workspace\8-2-build-windows-amd64-cygwin\jdk8u121\8372\hotspot\src\share\vm\classfile\systemDictionary.cpp, line 
Event: 109.629 Thread 0x0000000016fb0000 Exception <a 'java/lang/ClassNotFoundException': build_4pcq003v7jdwonaz8iywotb6w$_run_closure4Customizer> (0x00000000f66d7888) thrown at [C:\re\workspace\8-2-build-windows-amd64-cygwin\jdk8u121\8372\hotspot\src\share\vm\classfile\systemDictionary.cpp, lin
Event: 109.995 Thread 0x0000000016fb0000 Exception <a 'java/lang/ClassNotFoundException': build_9rkyivarzovn7mk5ds9sej0olBeanInfo> (0x00000000f687c540) thrown at [C:\re\workspace\8-2-build-windows-amd64-cygwin\jdk8u121\8372\hotspot\src\share\vm\classfile\systemDictionary.cpp, line 210]
Event: 109.996 Thread 0x0000000016fb0000 Exception <a 'java/lang/ClassNotFoundException': build_9rkyivarzovn7mk5ds9sej0olCustomizer> (0x00000000f6888950) thrown at [C:\re\workspace\8-2-build-windows-amd64-cygwin\jdk8u121\8372\hotspot\src\share\vm\classfile\systemDictionary.cpp, line 210]
Event: 110.004 Thread 0x0000000016fb0000 Exception <a 'sun/nio/fs/WindowsException'> (0x00000000f68a0e48) thrown at [C:\re\workspace\8-2-build-windows-amd64-cygwin\jdk8u121\8372\hotspot\src\share\vm\prims\jni.cpp, line 709]
Event: 110.088 Thread 0x0000000016fb0000 Exception <a 'java/lang/ClassNotFoundException': org/gradle/util/GradleVersionBeanInfo> (0x00000000f69dc098) thrown at [C:\re\workspace\8-2-build-windows-amd64-cygwin\jdk8u121\8372\hotspot\src\share\vm\classfile\systemDictionary.cpp, line 210]
Event: 110.091 Thread 0x0000000016fb0000 Exception <a 'java/lang/ClassNotFoundException': org/gradle/util/GradleVersionCustomizer> (0x00000000f6a07930) thrown at [C:\re\workspace\8-2-build-windows-amd64-cygwin\jdk8u121\8372\hotspot\src\share\vm\classfile\systemDictionary.cpp, line 210]

Events (10 events):
Event: 110.427 loading class org/gradle/api/internal/file/copy/ZipCompressor
Event: 110.427 loading class org/gradle/api/internal/file/copy/ZipCompressor done
Event: 110.427 loading class org/gradle/api/tasks/bundling/ZipEntryCompression
Event: 110.427 loading class org/gradle/api/tasks/bundling/ZipEntryCompression done
Event: 110.430 loading class org/gradle/api/plugins/BasePlugin$1$2
Event: 110.430 loading class org/gradle/api/plugins/BasePlugin$1$2 done
Event: 110.431 loading class com/android/build/gradle/tasks/BundleAar$CreationAction$prependToCopyPath$1
Event: 110.431 loading class com/android/build/gradle/tasks/BundleAar$CreationAction$prependToCopyPath$1 done
Event: 110.432 loading class com/android/build/gradle/tasks/BundleAar$CreationAction$prependToCopyPath$1$1
Event: 110.432 loading class com/android/build/gradle/tasks/BundleAar$CreationAction$prependToCopyPath$1$1 done


Dynamic libraries:
0x00007ff6c62f0000 - 0x00007ff6c6327000 	C:\Program Files\Java\jdk1.8.0_121\bin\java.exe
0x00007ffc5e490000 - 0x00007ffc5e67d000 	C:\WINDOWS\SYSTEM32\ntdll.dll
0x00007ffc5e2c0000 - 0x00007ffc5e373000 	C:\WINDOWS\System32\KERNEL32.DLL
0x00007ffc5a600000 - 0x00007ffc5a893000 	C:\WINDOWS\System32\KERNELBASE.dll
0x00007ffc5db70000 - 0x00007ffc5dc13000 	C:\WINDOWS\System32\ADVAPI32.dll
0x00007ffc5b880000 - 0x00007ffc5b91e000 	C:\WINDOWS\System32\msvcrt.dll
0x00007ffc5b6b0000 - 0x00007ffc5b74e000 	C:\WINDOWS\System32\sechost.dll
0x00007ffc5b750000 - 0x00007ffc5b872000 	C:\WINDOWS\System32\RPCRT4.dll
0x00007ffc5bd10000 - 0x00007ffc5bea7000 	C:\WINDOWS\System32\USER32.dll
0x00007ffc5aa60000 - 0x00007ffc5aa80000 	C:\WINDOWS\System32\win32u.dll
0x00007ffc5dc20000 - 0x00007ffc5dc49000 	C:\WINDOWS\System32\GDI32.dll
0x00007ffc5a8c0000 - 0x00007ffc5aa59000 	C:\WINDOWS\System32\gdi32full.dll
0x00007ffc5b5e0000 - 0x00007ffc5b680000 	C:\WINDOWS\System32\msvcp_win.dll
0x00007ffc5aa80000 - 0x00007ffc5ab7a000 	C:\WINDOWS\System32\ucrtbase.dll
0x00007ffc4b1d0000 - 0x00007ffc4b449000 	C:\WINDOWS\WinSxS\amd64_microsoft.windows.common-controls_6595b64144ccf1df_6.0.17763.1098_none_de762ed45346ee8a\COMCTL32.dll
0x00007ffc5b920000 - 0x00007ffc5bc4c000 	C:\WINDOWS\System32\combase.dll
0x00007ffc5ac30000 - 0x00007ffc5acae000 	C:\WINDOWS\System32\bcryptPrimitives.dll
0x00007ffc5d9b0000 - 0x00007ffc5d9de000 	C:\WINDOWS\System32\IMM32.DLL
0x000000006efd0000 - 0x000000006f0a2000 	C:\Program Files\Java\jdk1.8.0_121\jre\bin\msvcr100.dll
0x000000006e730000 - 0x000000006efcb000 	C:\Program Files\Java\jdk1.8.0_121\jre\bin\server\jvm.dll
0x00007ffc5d9e0000 - 0x00007ffc5d9e8000 	C:\WINDOWS\System32\PSAPI.DLL
0x00007ffc59050000 - 0x00007ffc59059000 	C:\WINDOWS\SYSTEM32\WSOCK32.dll
0x00007ffc57f90000 - 0x00007ffc57fb4000 	C:\WINDOWS\SYSTEM32\WINMM.dll
0x00007ffc552f0000 - 0x00007ffc552fa000 	C:\WINDOWS\SYSTEM32\VERSION.dll
0x00007ffc5e0c0000 - 0x00007ffc5e12d000 	C:\WINDOWS\System32\WS2_32.dll
0x00007ffc57f10000 - 0x00007ffc57f3d000 	C:\WINDOWS\SYSTEM32\winmmbase.dll
0x00007ffc5a5b0000 - 0x00007ffc5a5fa000 	C:\WINDOWS\System32\cfgmgr32.dll
0x0000000070ad0000 - 0x0000000070adf000 	C:\Program Files\Java\jdk1.8.0_121\jre\bin\verify.dll
0x0000000070aa0000 - 0x0000000070ac9000 	C:\Program Files\Java\jdk1.8.0_121\jre\bin\java.dll
0x0000000070a80000 - 0x0000000070a96000 	C:\Program Files\Java\jdk1.8.0_121\jre\bin\zip.dll
0x00007ffc5c4b0000 - 0x00007ffc5d9a4000 	C:\WINDOWS\System32\SHELL32.dll
0x00007ffc5bc50000 - 0x00007ffc5bcf8000 	C:\WINDOWS\System32\shcore.dll
0x00007ffc5ae90000 - 0x00007ffc5b5dd000 	C:\WINDOWS\System32\windows.storage.dll
0x00007ffc5a4a0000 - 0x00007ffc5a4c4000 	C:\WINDOWS\System32\profapi.dll
0x00007ffc5a4f0000 - 0x00007ffc5a54d000 	C:\WINDOWS\System32\powrprof.dll
0x00007ffc5dc50000 - 0x00007ffc5dca2000 	C:\WINDOWS\System32\shlwapi.dll
0x00007ffc5a4d0000 - 0x00007ffc5a4e1000 	C:\WINDOWS\System32\kernel.appcore.dll
0x00007ffc5a8a0000 - 0x00007ffc5a8b7000 	C:\WINDOWS\System32\cryptsp.dll
0x00000000707f0000 - 0x000000007080a000 	C:\Program Files\Java\jdk1.8.0_121\jre\bin\net.dll
0x00007ffc59c90000 - 0x00007ffc59cf7000 	C:\WINDOWS\system32\mswsock.dll
0x00000000707d0000 - 0x00000000707e1000 	C:\Program Files\Java\jdk1.8.0_121\jre\bin\nio.dll
0x00007ffc42620000 - 0x00007ffc42646000 	C:\Users\hp\.gradle\native\29\windows-amd64\native-platform.dll
0x00000000707c0000 - 0x00000000707cd000 	C:\Program Files\Java\jdk1.8.0_121\jre\bin\management.dll
0x00007ffc59810000 - 0x00007ffc59843000 	C:\WINDOWS\system32\rsaenh.dll
0x00007ffc5b680000 - 0x00007ffc5b6a6000 	C:\WINDOWS\System32\bcrypt.dll
0x00007ffc5a380000 - 0x00007ffc5a3a8000 	C:\WINDOWS\SYSTEM32\USERENV.dll
0x00007ffc59e60000 - 0x00007ffc59e6c000 	C:\WINDOWS\SYSTEM32\CRYPTBASE.dll
0x00007ffc599b0000 - 0x00007ffc599ed000 	C:\WINDOWS\SYSTEM32\IPHLPAPI.DLL
0x00007ffc5d9f0000 - 0x00007ffc5d9f8000 	C:\WINDOWS\System32\NSI.dll
0x00007ffc50b50000 - 0x00007ffc50b66000 	C:\WINDOWS\SYSTEM32\dhcpcsvc6.DLL
0x00007ffc512a0000 - 0x00007ffc512bc000 	C:\WINDOWS\SYSTEM32\dhcpcsvc.DLL
0x00007ffc599f0000 - 0x00007ffc59ab6000 	C:\WINDOWS\SYSTEM32\DNSAPI.dll

VM Arguments:
jvm_args: -XX:MaxMetaspaceSize=256m -XX:+HeapDumpOnOutOfMemoryError -Xms256m -Xmx512m -Dfile.encoding=windows-1252 -Duser.country=US -Duser.language=en -Duser.variant 
java_command: org.gradle.launcher.daemon.bootstrap.GradleDaemon 5.5
java_class_path (initial): C:\Users\hp\.gradle\wrapper\dists\gradle-5.5-all\byeise1led9a3w3p149d02kfj\gradle-5.5\lib\gradle-launcher-5.5.jar
Launcher Type: SUN_STANDARD

Environment Variables:
CLASSPATH=E:\myfirstapp\ClientApp\android\\gradle\wrapper\gradle-wrapper.jar
PATH=E:\myfirstapp\ClientApp\node_modules\.bin;C:\Program Files\Python37\Scripts\;C:\Program Files\Python37\;C:\Program Files\Java\jdk1.8.0_121\bin;C:\WINDOWS\system32;C:\WINDOWS;C:\WINDOWS\System32\Wbem;C:\WINDOWS\System32\WindowsPowerShell\v1.0\;C:\Program Files\gnuplot\bin;E:\matlab\runtime\win64;E:\matlab\bin;C:\WINDOWS\System32\OpenSSH\;C:\Program Files (x86)\Microsoft SQL Server\Client SDK\ODBC\130\Tools\Binn\;C:\Program Files (x86)\Microsoft SQL Server\140\Tools\Binn\;C:\Program Files (x86)\Microsoft SQL Server\140\DTS\Binn\;C:\Program Files (x86)\Microsoft SQL Server\140\Tools\Binn\ManagementStudio\;C:\Program Files\Microsoft SQL Server\120\Tools\Binn\;C:\Program Files\Microsoft SQL Server\Client SDK\ODBC\110\Tools\Binn\;C:\Program Files (x86)\Microsoft SQL Server\120\Tools\Binn\;C:\Program Files\Microsoft SQL Server\120\DTS\Binn\;C:\Program Files\Microsoft SQL Server\Client SDK\ODBC\130\Tools\Binn\;C:\Program Files\Microsoft SQL Server\140\Tools\Binn\;C:\Program Files\Microsoft SQL Server\140\DTS\Binn\;C:\Program Files\Microsoft SQL Server\130\Tools\Binn\;C:\Users\hp\AppDa;E:\opencv\build\x64\vc15\bin;E:\opencv\build\x64\vc15\bin;E:\opencv\build\bin;C:\Program Files\nodejs\;E:\Android\Sdk\platform-tools;E:\anaconda;E:\anaconda\Library\mingw-w64\bin;E:\anaconda\Library\usr\bin;E:\anaconda\Library\bin;E:\anaconda\Scripts;C:\Users\hp\AppData\Local\Programs\Python\Python37-32\Scripts\;C:\Users\hp\AppData\Local\Programs\Python\Python37-32\;C:\Program Files\Java\jdk1.8.0_121\bin;C:\Users\hp\AppData\Local\Microsoft\WindowsApps;C:\Program Files\JetBrains\PyCharm Edu 2019.2.1\bin;;C:\Users\hp\AppData\Roaming\npm;E:\Android\Sdk\platform-tools;
USERNAME=hp
OS=Windows_NT
PROCESSOR_IDENTIFIER=Intel64 Family 6 Model 142 Stepping 9, GenuineIntel



---------------  S Y S T E M  ---------------

OS: Windows 10.0 , 64 bit Build 17763 (10.0.17763.475)

CPU:total 4 (2 cores per cpu, 2 threads per core) family 6 model 142 stepping 9, cmov, cx8, fxsr, mmx, sse, sse2, sse3, ssse3, sse4.1, sse4.2, popcnt, avx, avx2, aes, clmul, erms, 3dnowpref, lzcnt, ht, tsc, tscinvbit, bmi1, bmi2, adx

Memory: 4k page, physical 4109540k(378544k free), swap 7485756k(3552k free)

vm_info: Java HotSpot(TM) 64-Bit Server VM (25.121-b13) for windows-amd64 JRE (1.8.0_121-b13), built on Dec 12 2016 18:21:36 by "java_re" with MS VC++ 10.0 (VS2010)

time: Mon Mar 23 19:49:38 2020
elapsed time: 111 seconds (0d 0h 1m 51s)

