#
# There is insufficient memory for the Java Runtime Environment to continue.
# Native memory allocation (malloc) failed to allocate 345456 bytes for Chunk::new
# Possible reasons:
#   The system is out of physical RAM or swap space
#   In 32 bit mode, the process size limit was hit
# Possible solutions:
#   Reduce memory load on the system
#   Increase physical memory or swap space
#   Check if swap backing store is full
#   Use 64 bit Java on a 64 bit OS
#   Decrease Java heap size (-Xmx/-Xms)
#   Decrease number of Java threads
#   Decrease Java thread stack sizes (-Xss)
#   Set larger code cache with -XX:ReservedCodeCacheSize=
# This output file may be truncated or incomplete.
#
#  Out of Memory Error (allocation.cpp:390), pid=10744, tid=0x0000000000001b10
#
# JRE version: Java(TM) SE Runtime Environment (8.0_121-b13) (build 1.8.0_121-b13)
# Java VM: Java HotSpot(TM) 64-Bit Server VM (25.121-b13 mixed mode windows-amd64 compressed oops)
# Failed to write core dump. Minidumps are not enabled by default on client versions of Windows
#

---------------  T H R E A D  ---------------

Current thread (0x0000000013991800):  JavaThread "C2 CompilerThread0" daemon [_thread_in_native, id=6928, stack(0x0000000014fe0000,0x00000000150e0000)]

Stack: [0x0000000014fe0000,0x00000000150e0000]
[error occurred during error reporting (printing stack bounds), id 0xc0000005]

Native frames: (J=compiled Java code, j=interpreted, Vv=VM code, C=native code)


Current CompileTask:
C2:  28345 1894   !   4       java.net.URLClassLoader$1::run (63 bytes)


---------------  P R O C E S S  ---------------

Java Threads: ( => current thread )
  0x0000000015f89800 JavaThread "Cache worker for file hash cache (E:\myfirstapp\ClientApp\android\.gradle\5.5\fileHashes)" [_thread_blocked, id=14452, stack(0x000000001a8d0000,0x000000001a9d0000)]
  0x0000000015f88800 JavaThread "Cache worker for journal cache (C:\Users\hp\.gradle\caches\journal-1)" [_thread_blocked, id=14524, stack(0x0000000018530000,0x0000000018630000)]
  0x0000000015f88000 JavaThread "File lock request listener" [_thread_in_native, id=4028, stack(0x0000000018430000,0x0000000018530000)]
  0x0000000015f8a000 JavaThread "Cache worker for file hash cache (C:\Users\hp\.gradle\caches\5.5\fileHashes)" [_thread_blocked, id=1640, stack(0x0000000018330000,0x0000000018430000)]
  0x0000000016862000 JavaThread "Thread-9" [_thread_blocked, id=16864, stack(0x0000000018230000,0x0000000018330000)]
  0x0000000016854000 JavaThread "Stdin handler" [_thread_blocked, id=14404, stack(0x0000000018130000,0x0000000018230000)]
  0x0000000016853000 JavaThread "Asynchronous log dispatcher for DefaultDaemonConnection: socket connection from /127.0.0.1:55455 to /127.0.0.1:55456" [_thread_blocked, id=10848, stack(0x0000000017e30000,0x0000000017f30000)]
  0x0000000015419800 JavaThread "Daemon worker" [_thread_in_native, id=4424, stack(0x0000000017d30000,0x0000000017e30000)]
  0x00000000167d2800 JavaThread "Cancel handler" [_thread_blocked, id=7780, stack(0x0000000017c30000,0x0000000017d30000)]
  0x00000000166d8000 JavaThread "Handler for socket connection from /127.0.0.1:55455 to /127.0.0.1:55456" [_thread_in_native, id=1632, stack(0x0000000017b30000,0x0000000017c30000)]
  0x00000000167cc000 JavaThread "Daemon" [_thread_blocked, id=324, stack(0x0000000017a30000,0x0000000017b30000)]
  0x0000000016839800 JavaThread "Daemon periodic checks" [_thread_blocked, id=7180, stack(0x0000000017930000,0x0000000017a30000)]
  0x00000000167a8800 JavaThread "Incoming local TCP Connector on port 55455" [_thread_in_native, id=14044, stack(0x00000000176f0000,0x00000000177f0000)]
  0x0000000015dda000 JavaThread "Daemon health stats" [_thread_blocked, id=7080, stack(0x00000000170b0000,0x00000000171b0000)]
  0x0000000015318800 JavaThread "Service Thread" daemon [_thread_blocked, id=9376, stack(0x00000000156e0000,0x00000000157e0000)]
  0x000000001399d800 JavaThread "C1 CompilerThread2" daemon [_thread_blocked, id=14196, stack(0x00000000151e0000,0x00000000152e0000)]
  0x0000000013995000 JavaThread "C2 CompilerThread1" daemon [_thread_in_native, id=8620, stack(0x00000000150e0000,0x00000000151e0000)]
=>0x0000000013991800 JavaThread "C2 CompilerThread0" daemon [_thread_in_native, id=6928, stack(0x0000000014fe0000,0x00000000150e0000)]
  0x0000000013990000 JavaThread "Attach Listener" daemon [_thread_blocked, id=12604, stack(0x0000000014ee0000,0x0000000014fe0000)]
  0x000000001398c000 JavaThread "Signal Dispatcher" daemon [_thread_blocked, id=16476, stack(0x0000000014de0000,0x0000000014ee0000)]
  0x000000000252b800 JavaThread "Finalizer" daemon [_thread_blocked, id=10472, stack(0x0000000014be0000,0x0000000014ce0000)]
  0x0000000013959000 JavaThread "Reference Handler" daemon [_thread_blocked, id=7688, stack(0x0000000014ae0000,0x0000000014be0000)]
  0x000000000261e000 JavaThread "main" [_thread_blocked, id=7740, stack(0x00000000022e0000,0x00000000023e0000)]

Other Threads:
  0x0000000013957800 VMThread [stack: 0x00000000149e0000,0x0000000014ae0000] [id=9752]
  0x0000000015339000 WatcherThread [stack: 0x00000000157e0000,0x00000000158e0000] [id=16400]

VM state:not at safepoint (normal execution)

VM Mutex/Monitor currently owned by a thread: None

Heap:
 PSYoungGen      total 76288K, used 32220K [0x00000000f5580000, 0x00000000faa80000, 0x0000000100000000)
  eden space 65536K, 49% used [0x00000000f5580000,0x00000000f74f72c8,0x00000000f9580000)
  from space 10752K, 0% used [0x00000000f9580000,0x00000000f9580000,0x00000000fa000000)
  to   space 10752K, 0% used [0x00000000fa000000,0x00000000fa000000,0x00000000faa80000)
 ParOldGen       total 175104K, used 11176K [0x00000000e0000000, 0x00000000eab00000, 0x00000000f5580000)
  object space 175104K, 6% used [0x00000000e0000000,0x00000000e0aea0b8,0x00000000eab00000)
 Metaspace       used 25880K, capacity 26248K, committed 26496K, reserved 1073152K
  class space    used 3485K, capacity 3620K, committed 3712K, reserved 1048576K

Card table byte_map: [0x00000000119e0000,0x0000000011af0000] byte_map_base: 0x00000000112e0000

Marking Bits: (ParMarkBitMap*) 0x000000006ef4b6d0
 Begin Bits: [0x0000000011ef0000, 0x00000000126f0000)
 End Bits:   [0x00000000126f0000, 0x0000000012ef0000)

Polling page: 0x0000000000660000

CodeCache: size=245760Kb used=7070Kb max_used=7070Kb free=238689Kb
 bounds [0x0000000002620000, 0x0000000002d10000, 0x0000000011620000]
 total_blobs=2446 nmethods=1782 adapters=576
 compilation: enabled

Compilation events (10 events):
Event: 27.649 Thread 0x000000001399d800 1925       3       groovyjarjarasm.asm.SymbolTable::get (13 bytes)
Event: 27.650 Thread 0x000000001399d800 nmethod 1925 0x0000000002d09750 code [0x0000000002d098a0, 0x0000000002d09a30]
Event: 27.652 Thread 0x000000001399d800 1926       3       java.lang.Class::privateGetDeclaredConstructors (85 bytes)
Event: 27.652 Thread 0x000000001399d800 nmethod 1926 0x0000000002d09b10 code [0x0000000002d09ce0, 0x0000000002d0a3d8]
Event: 27.654 Thread 0x000000001399d800 1927       3       java.lang.Class::forName (15 bytes)
Event: 27.655 Thread 0x000000001399d800 nmethod 1927 0x0000000002d0a690 code [0x0000000002d0a820, 0x0000000002d0aaf8]
Event: 27.655 Thread 0x000000001399d800 1928  s!   3       java.beans.PropertyDescriptor::getPropertyType (33 bytes)
Event: 27.656 Thread 0x000000001399d800 nmethod 1928 0x0000000002d0ac10 code [0x0000000002d0ae00, 0x0000000002d0b868]
Event: 27.656 Thread 0x000000001399d800 1929       3       org.codehaus.groovy.util.ComplexKeyHashMap$1::hasNext (13 bytes)
Event: 27.656 Thread 0x000000001399d800 nmethod 1929 0x0000000002d0bcd0 code [0x0000000002d0be20, 0x0000000002d0bfd0]

GC Heap History (8 events):
Event: 11.090 GC heap before
{Heap before GC invocations=1 (full 0):
 PSYoungGen      total 76288K, used 65536K [0x00000000f5580000, 0x00000000faa80000, 0x0000000100000000)
  eden space 65536K, 100% used [0x00000000f5580000,0x00000000f9580000,0x00000000f9580000)
  from space 10752K, 0% used [0x00000000fa000000,0x00000000fa000000,0x00000000faa80000)
  to   space 10752K, 0% used [0x00000000f9580000,0x00000000f9580000,0x00000000fa000000)
 ParOldGen       total 175104K, used 0K [0x00000000e0000000, 0x00000000eab00000, 0x00000000f5580000)
  object space 175104K, 0% used [0x00000000e0000000,0x00000000e0000000,0x00000000eab00000)
 Metaspace       used 7384K, capacity 7656K, committed 7808K, reserved 1056768K
  class space    used 976K, capacity 1044K, committed 1152K, reserved 1048576K
Event: 11.103 GC heap after
Heap after GC invocations=1 (full 0):
 PSYoungGen      total 76288K, used 6140K [0x00000000f5580000, 0x00000000faa80000, 0x0000000100000000)
  eden space 65536K, 0% used [0x00000000f5580000,0x00000000f5580000,0x00000000f9580000)
  from space 10752K, 57% used [0x00000000f9580000,0x00000000f9b7f118,0x00000000fa000000)
  to   space 10752K, 0% used [0x00000000fa000000,0x00000000fa000000,0x00000000faa80000)
 ParOldGen       total 175104K, used 16K [0x00000000e0000000, 0x00000000eab00000, 0x00000000f5580000)
  object space 175104K, 0% used [0x00000000e0000000,0x00000000e0004000,0x00000000eab00000)
 Metaspace       used 7384K, capacity 7656K, committed 7808K, reserved 1056768K
  class space    used 976K, capacity 1044K, committed 1152K, reserved 1048576K
}
Event: 17.828 GC heap before
{Heap before GC invocations=2 (full 0):
 PSYoungGen      total 76288K, used 71676K [0x00000000f5580000, 0x00000000faa80000, 0x0000000100000000)
  eden space 65536K, 100% used [0x00000000f5580000,0x00000000f9580000,0x00000000f9580000)
  from space 10752K, 57% used [0x00000000f9580000,0x00000000f9b7f118,0x00000000fa000000)
  to   space 10752K, 0% used [0x00000000fa000000,0x00000000fa000000,0x00000000faa80000)
 ParOldGen       total 175104K, used 16K [0x00000000e0000000, 0x00000000eab00000, 0x00000000f5580000)
  object space 175104K, 0% used [0x00000000e0000000,0x00000000e0004000,0x00000000eab00000)
 Metaspace       used 14662K, capacity 15016K, committed 15360K, reserved 1062912K
  class space    used 2132K, capacity 2266K, committed 2304K, reserved 1048576K
Event: 17.853 GC heap after
Heap after GC invocations=2 (full 0):
 PSYoungGen      total 76288K, used 9362K [0x00000000f5580000, 0x00000000faa80000, 0x0000000100000000)
  eden space 65536K, 0% used [0x00000000f5580000,0x00000000f5580000,0x00000000f9580000)
  from space 10752K, 87% used [0x00000000fa000000,0x00000000fa924bd8,0x00000000faa80000)
  to   space 10752K, 0% used [0x00000000f9580000,0x00000000f9580000,0x00000000fa000000)
 ParOldGen       total 175104K, used 24K [0x00000000e0000000, 0x00000000eab00000, 0x00000000f5580000)
  object space 175104K, 0% used [0x00000000e0000000,0x00000000e0006000,0x00000000eab00000)
 Metaspace       used 14662K, capacity 15016K, committed 15360K, reserved 1062912K
  class space    used 2132K, capacity 2266K, committed 2304K, reserved 1048576K
}
Event: 24.331 GC heap before
{Heap before GC invocations=3 (full 0):
 PSYoungGen      total 76288K, used 66644K [0x00000000f5580000, 0x00000000faa80000, 0x0000000100000000)
  eden space 65536K, 87% used [0x00000000f5580000,0x00000000f8d70598,0x00000000f9580000)
  from space 10752K, 87% used [0x00000000fa000000,0x00000000fa924bd8,0x00000000faa80000)
  to   space 10752K, 0% used [0x00000000f9580000,0x00000000f9580000,0x00000000fa000000)
 ParOldGen       total 175104K, used 24K [0x00000000e0000000, 0x00000000eab00000, 0x00000000f5580000)
  object space 175104K, 0% used [0x00000000e0000000,0x00000000e0006000,0x00000000eab00000)
 Metaspace       used 20842K, capacity 21136K, committed 21248K, reserved 1067008K
  class space    used 2949K, capacity 3068K, committed 3072K, reserved 1048576K
Event: 24.344 GC heap after
Heap after GC invocations=3 (full 0):
 PSYoungGen      total 76288K, used 10737K [0x00000000f5580000, 0x00000000faa80000, 0x0000000100000000)
  eden space 65536K, 0% used [0x00000000f5580000,0x00000000f5580000,0x00000000f9580000)
  from space 10752K, 99% used [0x00000000f9580000,0x00000000f9ffc580,0x00000000fa000000)
  to   space 10752K, 0% used [0x00000000fa000000,0x00000000fa000000,0x00000000faa80000)
 ParOldGen       total 175104K, used 830K [0x00000000e0000000, 0x00000000eab00000, 0x00000000f5580000)
  object space 175104K, 0% used [0x00000000e0000000,0x00000000e00cf8b8,0x00000000eab00000)
 Metaspace       used 20842K, capacity 21136K, committed 21248K, reserved 1067008K
  class space    used 2949K, capacity 3068K, committed 3072K, reserved 1048576K
}
Event: 24.344 GC heap before
{Heap before GC invocations=4 (full 1):
 PSYoungGen      total 76288K, used 10737K [0x00000000f5580000, 0x00000000faa80000, 0x0000000100000000)
  eden space 65536K, 0% used [0x00000000f5580000,0x00000000f5580000,0x00000000f9580000)
  from space 10752K, 99% used [0x00000000f9580000,0x00000000f9ffc580,0x00000000fa000000)
  to   space 10752K, 0% used [0x00000000fa000000,0x00000000fa000000,0x00000000faa80000)
 ParOldGen       total 175104K, used 830K [0x00000000e0000000, 0x00000000eab00000, 0x00000000f5580000)
  object space 175104K, 0% used [0x00000000e0000000,0x00000000e00cf8b8,0x00000000eab00000)
 Metaspace       used 20842K, capacity 21136K, committed 21248K, reserved 1067008K
  class space    used 2949K, capacity 3068K, committed 3072K, reserved 1048576K
Event: 24.437 GC heap after
Heap after GC invocations=4 (full 1):
 PSYoungGen      total 76288K, used 0K [0x00000000f5580000, 0x00000000faa80000, 0x0000000100000000)
  eden space 65536K, 0% used [0x00000000f5580000,0x00000000f5580000,0x00000000f9580000)
  from space 10752K, 0% used [0x00000000f9580000,0x00000000f9580000,0x00000000fa000000)
  to   space 10752K, 0% used [0x00000000fa000000,0x00000000fa000000,0x00000000faa80000)
 ParOldGen       total 175104K, used 11176K [0x00000000e0000000, 0x00000000eab00000, 0x00000000f5580000)
  object space 175104K, 6% used [0x00000000e0000000,0x00000000e0aea0b8,0x00000000eab00000)
 Metaspace       used 20842K, capacity 21136K, committed 21248K, reserved 1067008K
  class space    used 2949K, capacity 3068K, committed 3072K, reserved 1048576K
}

Deoptimization events (10 events):
Event: 21.248 Thread 0x0000000015419800 Uncommon trap: reason=unstable_if action=reinterpret pc=0x000000000278a688 method=java.net.URI.match(CJJ)Z @ 19
Event: 21.248 Thread 0x0000000015419800 Uncommon trap: reason=unstable_if action=reinterpret pc=0x0000000002851fc0 method=java.net.URI.match(CJJ)Z @ 19
Event: 22.562 Thread 0x0000000015419800 Uncommon trap: reason=unstable_if action=reinterpret pc=0x00000000028db4f0 method=java.io.File.getName()Ljava/lang/String; @ 16
Event: 23.927 Thread 0x0000000015419800 Uncommon trap: reason=unstable_if action=reinterpret pc=0x0000000002a74f20 method=sun.misc.URLClassPath$JarLoader.getResource(Ljava/lang/String;ZLjava/util/Set;)Lsun/misc/Resource; @ 17
Event: 26.750 Thread 0x0000000015419800 Uncommon trap: reason=class_check action=maybe_recompile pc=0x0000000002b3e64c method=sun.misc.URLClassPath.getLoader(I)Lsun/misc/URLClassPath$Loader; @ 94
Event: 26.750 Thread 0x0000000015419800 Uncommon trap: reason=class_check action=maybe_recompile pc=0x0000000002a9cdec method=sun.misc.URLClassPath.getResource(Ljava/lang/String;Z)Lsun/misc/Resource; @ 62
Event: 26.750 Thread 0x0000000015419800 Uncommon trap: reason=unstable_if action=reinterpret pc=0x0000000002b68da8 method=java.lang.String.regionMatches(ZILjava/lang/String;II)Z @ 41
Event: 26.778 Thread 0x0000000015419800 Uncommon trap: reason=unstable_if action=reinterpret pc=0x000000000282c2f4 method=java.lang.ClassLoader.getClassLoadingLock(Ljava/lang/String;)Ljava/lang/Object; @ 6
Event: 26.819 Thread 0x0000000015419800 Uncommon trap: reason=class_check action=maybe_recompile pc=0x0000000002b3e868 method=sun.misc.URLClassPath.getLoader(I)Lsun/misc/URLClassPath$Loader; @ 239
Event: 26.889 Thread 0x0000000015419800 Uncommon trap: reason=class_check action=maybe_recompile pc=0x0000000002b3e868 method=sun.misc.URLClassPath.getLoader(I)Lsun/misc/URLClassPath$Loader; @ 239

Internal exceptions (10 events):
Event: 27.036 Thread 0x0000000015419800 Exception <a 'java/lang/ClassNotFoundException': org/gradle/initialization/DefaultSettings_DecoratedBeanInfo> (0x00000000f6aef7a8) thrown at [C:\re\workspace\8-2-build-windows-amd64-cygwin\jdk8u121\8372\hotspot\src\share\vm\classfile\systemDictionary.cpp,
Event: 27.037 Thread 0x0000000015419800 Exception <a 'java/lang/ClassNotFoundException': org/gradle/initialization/DefaultSettingsBeanInfo> (0x00000000f6b17b60) thrown at [C:\re\workspace\8-2-build-windows-amd64-cygwin\jdk8u121\8372\hotspot\src\share\vm\classfile\systemDictionary.cpp, line 210]
Event: 27.038 Thread 0x0000000015419800 Exception <a 'java/lang/ClassNotFoundException': org/gradle/api/internal/project/AbstractPluginAwareBeanInfo> (0x00000000f6b45c20) thrown at [C:\re\workspace\8-2-build-windows-amd64-cygwin\jdk8u121\8372\hotspot\src\share\vm\classfile\systemDictionary.cpp,
Event: 27.039 Thread 0x0000000015419800 Exception <a 'java/lang/ClassNotFoundException': org/gradle/api/internal/project/AbstractPluginAwareCustomizer> (0x00000000f6b74990) thrown at [C:\re\workspace\8-2-build-windows-amd64-cygwin\jdk8u121\8372\hotspot\src\share\vm\classfile\systemDictionary.cp
Event: 27.050 Thread 0x0000000015419800 Exception <a 'java/lang/ClassNotFoundException': org/gradle/initialization/DefaultSettingsCustomizer> (0x00000000f6ba6600) thrown at [C:\re\workspace\8-2-build-windows-amd64-cygwin\jdk8u121\8372\hotspot\src\share\vm\classfile\systemDictionary.cpp, line 21
Event: 27.077 Thread 0x0000000015419800 Exception <a 'java/lang/ClassNotFoundException': org/gradle/initialization/DefaultSettings_DecoratedCustomizer> (0x00000000f6c0db78) thrown at [C:\re\workspace\8-2-build-windows-amd64-cygwin\jdk8u121\8372\hotspot\src\share\vm\classfile\systemDictionary.cp
Event: 27.140 Thread 0x0000000015419800 Exception <a 'java/lang/ClassNotFoundException': org/gradle/initialization/DefaultProjectDescriptorBeanInfo> (0x00000000f6ce5230) thrown at [C:\re\workspace\8-2-build-windows-amd64-cygwin\jdk8u121\8372\hotspot\src\share\vm\classfile\systemDictionary.cpp, 
Event: 27.141 Thread 0x0000000015419800 Exception <a 'java/lang/ClassNotFoundException': org/gradle/initialization/DefaultProjectDescriptorCustomizer> (0x00000000f6d11ee0) thrown at [C:\re\workspace\8-2-build-windows-amd64-cygwin\jdk8u121\8372\hotspot\src\share\vm\classfile\systemDictionary.cpp
Event: 27.653 Thread 0x0000000015419800 Exception <a 'java/lang/ClassNotFoundException': org/gradle/api/internal/plugins/DefaultObjectConfigurationActionBeanInfo> (0x00000000f744de50) thrown at [C:\re\workspace\8-2-build-windows-amd64-cygwin\jdk8u121\8372\hotspot\src\share\vm\classfile\systemDi
Event: 27.654 Thread 0x0000000015419800 Exception <a 'java/lang/ClassNotFoundException': org/gradle/api/internal/plugins/DefaultObjectConfigurationActionCustomizer> (0x00000000f7481478) thrown at [C:\re\workspace\8-2-build-windows-amd64-cygwin\jdk8u121\8372\hotspot\src\share\vm\classfile\system

Events (10 events):
Event: 27.653 loading class org/gradle/api/internal/plugins/DefaultObjectConfigurationActionBeanInfo done
Event: 27.653 loading class org/gradle/api/internal/plugins/DefaultObjectConfigurationActionCustomizer
Event: 27.653 loading class org/gradle/api/internal/plugins/DefaultObjectConfigurationActionCustomizer done
Event: 27.654 loading class org/gradle/api/internal/plugins/DefaultObjectConfigurationActionCustomizer
Event: 27.654 loading class org/gradle/api/internal/plugins/DefaultObjectConfigurationActionCustomizer done
Event: 27.654 loading class org/gradle/api/internal/plugins/DefaultObjectConfigurationActionCustomizer
Event: 27.654 loading class org/gradle/api/internal/plugins/DefaultObjectConfigurationActionCustomizer done
Event: 27.654 loading class org/gradle/api/internal/plugins/DefaultObjectConfigurationActionCustomizer
Event: 27.654 loading class org/gradle/api/internal/plugins/DefaultObjectConfigurationActionCustomizer done
Event: 27.656 loading class sun/reflect/UnsafeObjectFieldAccessorImpl


Dynamic libraries:
0x00007ff791a70000 - 0x00007ff791aa7000 	C:\Program Files\Java\jdk1.8.0_121\bin\java.exe
0x00007ffc5e490000 - 0x00007ffc5e67d000 	C:\WINDOWS\SYSTEM32\ntdll.dll
0x00007ffc5e2c0000 - 0x00007ffc5e373000 	C:\WINDOWS\System32\KERNEL32.DLL
0x00007ffc5a600000 - 0x00007ffc5a893000 	C:\WINDOWS\System32\KERNELBASE.dll
0x00007ffc5db70000 - 0x00007ffc5dc13000 	C:\WINDOWS\System32\ADVAPI32.dll
0x00007ffc5b880000 - 0x00007ffc5b91e000 	C:\WINDOWS\System32\msvcrt.dll
0x00007ffc5b6b0000 - 0x00007ffc5b74e000 	C:\WINDOWS\System32\sechost.dll
0x00007ffc5b750000 - 0x00007ffc5b872000 	C:\WINDOWS\System32\RPCRT4.dll
0x00007ffc5bd10000 - 0x00007ffc5bea7000 	C:\WINDOWS\System32\USER32.dll
0x00007ffc5aa60000 - 0x00007ffc5aa80000 	C:\WINDOWS\System32\win32u.dll
0x00007ffc5dc20000 - 0x00007ffc5dc49000 	C:\WINDOWS\System32\GDI32.dll
0x00007ffc5a8c0000 - 0x00007ffc5aa59000 	C:\WINDOWS\System32\gdi32full.dll
0x00007ffc5b5e0000 - 0x00007ffc5b680000 	C:\WINDOWS\System32\msvcp_win.dll
0x00007ffc5aa80000 - 0x00007ffc5ab7a000 	C:\WINDOWS\System32\ucrtbase.dll
0x00007ffc4b1d0000 - 0x00007ffc4b449000 	C:\WINDOWS\WinSxS\amd64_microsoft.windows.common-controls_6595b64144ccf1df_6.0.17763.1098_none_de762ed45346ee8a\COMCTL32.dll
0x00007ffc5b920000 - 0x00007ffc5bc4c000 	C:\WINDOWS\System32\combase.dll
0x00007ffc5ac30000 - 0x00007ffc5acae000 	C:\WINDOWS\System32\bcryptPrimitives.dll
0x00007ffc5d9b0000 - 0x00007ffc5d9de000 	C:\WINDOWS\System32\IMM32.DLL
0x000000006efd0000 - 0x000000006f0a2000 	C:\Program Files\Java\jdk1.8.0_121\jre\bin\msvcr100.dll
0x000000006e730000 - 0x000000006efcb000 	C:\Program Files\Java\jdk1.8.0_121\jre\bin\server\jvm.dll
0x00007ffc5d9e0000 - 0x00007ffc5d9e8000 	C:\WINDOWS\System32\PSAPI.DLL
0x00007ffc57f90000 - 0x00007ffc57fb4000 	C:\WINDOWS\SYSTEM32\WINMM.dll
0x00007ffc552f0000 - 0x00007ffc552fa000 	C:\WINDOWS\SYSTEM32\VERSION.dll
0x00007ffc59050000 - 0x00007ffc59059000 	C:\WINDOWS\SYSTEM32\WSOCK32.dll
0x00007ffc57f10000 - 0x00007ffc57f3d000 	C:\WINDOWS\SYSTEM32\WINMMBASE.dll
0x00007ffc5e0c0000 - 0x00007ffc5e12d000 	C:\WINDOWS\System32\WS2_32.dll
0x00007ffc5a5b0000 - 0x00007ffc5a5fa000 	C:\WINDOWS\System32\cfgmgr32.dll
0x0000000070ad0000 - 0x0000000070adf000 	C:\Program Files\Java\jdk1.8.0_121\jre\bin\verify.dll
0x0000000070aa0000 - 0x0000000070ac9000 	C:\Program Files\Java\jdk1.8.0_121\jre\bin\java.dll
0x0000000070a80000 - 0x0000000070a96000 	C:\Program Files\Java\jdk1.8.0_121\jre\bin\zip.dll
0x00007ffc5c4b0000 - 0x00007ffc5d9a4000 	C:\WINDOWS\System32\SHELL32.dll
0x00007ffc5bc50000 - 0x00007ffc5bcf8000 	C:\WINDOWS\System32\shcore.dll
0x00007ffc5ae90000 - 0x00007ffc5b5dd000 	C:\WINDOWS\System32\windows.storage.dll
0x00007ffc5a4a0000 - 0x00007ffc5a4c4000 	C:\WINDOWS\System32\profapi.dll
0x00007ffc5a4f0000 - 0x00007ffc5a54d000 	C:\WINDOWS\System32\powrprof.dll
0x00007ffc5dc50000 - 0x00007ffc5dca2000 	C:\WINDOWS\System32\shlwapi.dll
0x00007ffc5a4d0000 - 0x00007ffc5a4e1000 	C:\WINDOWS\System32\kernel.appcore.dll
0x00007ffc5a8a0000 - 0x00007ffc5a8b7000 	C:\WINDOWS\System32\cryptsp.dll
0x00000000707f0000 - 0x000000007080a000 	C:\Program Files\Java\jdk1.8.0_121\jre\bin\net.dll
0x00007ffc59c90000 - 0x00007ffc59cf7000 	C:\WINDOWS\system32\mswsock.dll
0x00000000707d0000 - 0x00000000707e1000 	C:\Program Files\Java\jdk1.8.0_121\jre\bin\nio.dll
0x00007ffc34c10000 - 0x00007ffc34c36000 	C:\Users\hp\.gradle\native\29\windows-amd64\native-platform.dll
0x00000000707c0000 - 0x00000000707cd000 	C:\Program Files\Java\jdk1.8.0_121\jre\bin\management.dll
0x00007ffc59810000 - 0x00007ffc59843000 	C:\WINDOWS\system32\rsaenh.dll
0x00007ffc5b680000 - 0x00007ffc5b6a6000 	C:\WINDOWS\System32\bcrypt.dll
0x00007ffc5a380000 - 0x00007ffc5a3a8000 	C:\WINDOWS\SYSTEM32\USERENV.dll
0x00007ffc59e60000 - 0x00007ffc59e6c000 	C:\WINDOWS\SYSTEM32\CRYPTBASE.dll
0x00007ffc599b0000 - 0x00007ffc599ed000 	C:\WINDOWS\SYSTEM32\IPHLPAPI.DLL
0x00007ffc5d9f0000 - 0x00007ffc5d9f8000 	C:\WINDOWS\System32\NSI.dll
0x00007ffc50b50000 - 0x00007ffc50b66000 	C:\WINDOWS\SYSTEM32\dhcpcsvc6.DLL
0x00007ffc512a0000 - 0x00007ffc512bc000 	C:\WINDOWS\SYSTEM32\dhcpcsvc.DLL
0x00007ffc599f0000 - 0x00007ffc59ab6000 	C:\WINDOWS\SYSTEM32\DNSAPI.dll

VM Arguments:
jvm_args: -XX:MaxMetaspaceSize=256m -XX:+HeapDumpOnOutOfMemoryError -Xms256m -Xmx512m -Dfile.encoding=windows-1252 -Duser.country=US -Duser.language=en -Duser.variant 
java_command: org.gradle.launcher.daemon.bootstrap.GradleDaemon 5.5
java_class_path (initial): C:\Users\hp\.gradle\wrapper\dists\gradle-5.5-all\byeise1led9a3w3p149d02kfj\gradle-5.5\lib\gradle-launcher-5.5.jar
Launcher Type: SUN_STANDARD

Environment Variables:
CLASSPATH=E:\myfirstapp\ClientApp\android\\gradle\wrapper\gradle-wrapper.jar
PATH=E:\myfirstapp\ClientApp\node_modules\.bin;C:\Program Files\Python37\Scripts\;C:\Program Files\Python37\;C:\Program Files\Java\jdk1.8.0_121\bin;C:\WINDOWS\system32;C:\WINDOWS;C:\WINDOWS\System32\Wbem;C:\WINDOWS\System32\WindowsPowerShell\v1.0\;C:\Program Files\gnuplot\bin;E:\matlab\runtime\win64;E:\matlab\bin;C:\WINDOWS\System32\OpenSSH\;C:\Program Files (x86)\Microsoft SQL Server\Client SDK\ODBC\130\Tools\Binn\;C:\Program Files (x86)\Microsoft SQL Server\140\Tools\Binn\;C:\Program Files (x86)\Microsoft SQL Server\140\DTS\Binn\;C:\Program Files (x86)\Microsoft SQL Server\140\Tools\Binn\ManagementStudio\;C:\Program Files\Microsoft SQL Server\120\Tools\Binn\;C:\Program Files\Microsoft SQL Server\Client SDK\ODBC\110\Tools\Binn\;C:\Program Files (x86)\Microsoft SQL Server\120\Tools\Binn\;C:\Program Files\Microsoft SQL Server\120\DTS\Binn\;C:\Program Files\Microsoft SQL Server\Client SDK\ODBC\130\Tools\Binn\;C:\Program Files\Microsoft SQL Server\140\Tools\Binn\;C:\Program Files\Microsoft SQL Server\140\DTS\Binn\;C:\Program Files\Microsoft SQL Server\130\Tools\Binn\;C:\Users\hp\AppDa;E:\opencv\build\x64\vc15\bin;E:\opencv\build\x64\vc15\bin;E:\opencv\build\bin;C:\Program Files\nodejs\;E:\Android\Sdk\platform-tools;E:\anaconda;E:\anaconda\Library\mingw-w64\bin;E:\anaconda\Library\usr\bin;E:\anaconda\Library\bin;E:\anaconda\Scripts;C:\Users\hp\AppData\Local\Programs\Python\Python37-32\Scripts\;C:\Users\hp\AppData\Local\Programs\Python\Python37-32\;C:\Program Files\Java\jdk1.8.0_121\bin;C:\Users\hp\AppData\Local\Microsoft\WindowsApps;C:\Program Files\JetBrains\PyCharm Edu 2019.2.1\bin;;C:\Users\hp\AppData\Roaming\npm;E:\Android\Sdk\platform-tools;
USERNAME=hp
OS=Windows_NT
PROCESSOR_IDENTIFIER=Intel64 Family 6 Model 142 Stepping 9, GenuineIntel



---------------  S Y S T E M  ---------------

OS: Windows 10.0 , 64 bit Build 17763 (10.0.17763.475)

CPU:total 4 (2 cores per cpu, 2 threads per core) family 6 model 142 stepping 9, cmov, cx8, fxsr, mmx, sse, sse2, sse3, ssse3, sse4.1, sse4.2, popcnt, avx, avx2, aes, clmul, erms, 3dnowpref, lzcnt, ht, tsc, tscinvbit, bmi1, bmi2, adx

Memory: 4k page, physical 4109540k(347968k free), swap 7485756k(4492k free)

vm_info: Java HotSpot(TM) 64-Bit Server VM (25.121-b13) for windows-amd64 JRE (1.8.0_121-b13), built on Dec 12 2016 18:21:36 by "java_re" with MS VC++ 10.0 (VS2010)

time: Mon Mar 23 20:46:53 2020
elapsed time: 28 seconds (0d 0h 0m 28s)

