#
# There is insufficient memory for the Java Runtime Environment to continue.
# Native memory allocation (malloc) failed to allocate 1861008 bytes for Chunk::new
# Possible reasons:
#   The system is out of physical RAM or swap space
#   In 32 bit mode, the process size limit was hit
# Possible solutions:
#   Reduce memory load on the system
#   Increase physical memory or swap space
#   Check if swap backing store is full
#   Use 64 bit Java on a 64 bit OS
#   Decrease Java heap size (-Xmx/-Xms)
#   Decrease number of Java threads
#   Decrease Java thread stack sizes (-Xss)
#   Set larger code cache with -XX:ReservedCodeCacheSize=
# This output file may be truncated or incomplete.
#
#  Out of Memory Error (allocation.cpp:390), pid=8248, tid=0x0000000000000d80
#
# JRE version: Java(TM) SE Runtime Environment (8.0_121-b13) (build 1.8.0_121-b13)
# Java VM: Java HotSpot(TM) 64-Bit Server VM (25.121-b13 mixed mode windows-amd64 compressed oops)
# Failed to write core dump. Minidumps are not enabled by default on client versions of Windows
#

---------------  T H R E A D  ---------------

Current thread (0x00000000144e5000):  JavaThread "C2 CompilerThread1" daemon [_thread_in_native, id=3456, stack(0x0000000015c40000,0x0000000015d40000)]

Stack: [0x0000000015c40000,0x0000000015d40000]
[error occurred during error reporting (printing stack bounds), id 0xc0000005]

Native frames: (J=compiled Java code, j=interpreted, Vv=VM code, C=native code)


Current CompileTask:
C2:3138087 31067       4       org.objectweb.asm.ClassReader::readCode (3575 bytes)


---------------  P R O C E S S  ---------------

Java Threads: ( => current thread )
  0x000000001a1c6800 JavaThread "ForkJoinPool.commonPool-worker-0" daemon [_thread_blocked, id=7720, stack(0x0000000037460000,0x0000000037560000)]
  0x000000001a1c3800 JavaThread "ForkJoinPool.commonPool-worker-1" daemon [_thread_blocked, id=1656, stack(0x0000000037360000,0x0000000037460000)]
  0x000000001a1c5000 JavaThread "ForkJoinPool.commonPool-worker-2" daemon [_thread_blocked, id=5028, stack(0x0000000037060000,0x0000000037160000)]
  0x000000001a1c5800 JavaThread "stdout" daemon [_thread_in_native, id=7832, stack(0x0000000036f60000,0x0000000037060000)]
  0x000000001a1c4000 JavaThread "stderr" daemon [_thread_in_native, id=4600, stack(0x0000000036e60000,0x0000000036f60000)]
  0x000000001a1c2000 JavaThread "stdout" daemon [_thread_in_native, id=3436, stack(0x0000000036d60000,0x0000000036e60000)]
  0x000000001e36c800 JavaThread "stderr" daemon [_thread_in_native, id=5544, stack(0x0000000036c60000,0x0000000036d60000)]
  0x000000001e371800 JavaThread "stdout" daemon [_thread_in_native, id=3444, stack(0x0000000036b60000,0x0000000036c60000)]
  0x000000001e371000 JavaThread "stderr" daemon [_thread_in_native, id=5816, stack(0x0000000036a60000,0x0000000036b60000)]
  0x000000001e370000 JavaThread "pool-11-thread-1" [_thread_blocked, id=4700, stack(0x0000000036960000,0x0000000036a60000)]
  0x000000001e364000 JavaThread "Cache worker for Java compile cache (E:\myfirstapp\ClientApp\android\.gradle\5.5\javaCompile)" [_thread_blocked, id=11168, stack(0x0000000036360000,0x0000000036460000)]
  0x000000001e36b000 JavaThread "Cache worker for execution history cache (E:\myfirstapp\ClientApp\android\.gradle\5.5\executionHistory)" [_thread_blocked, id=7572, stack(0x0000000036260000,0x0000000036360000)]
  0x000000001e368800 JavaThread "Execution worker for ':' Thread 3" [_thread_blocked, id=3984, stack(0x0000000035f60000,0x0000000036060000)]
  0x000000001e366800 JavaThread "Execution worker for ':' Thread 2" [_thread_in_native, id=10152, stack(0x0000000035e60000,0x0000000035f60000)]
  0x000000001e363800 JavaThread "Execution worker for ':'" [_thread_blocked, id=6020, stack(0x0000000035d60000,0x0000000035e60000)]
  0x000000001e369800 JavaThread "Cache worker for file content cache (E:\myfirstapp\ClientApp\android\.gradle\5.5\fileContent)" [_thread_blocked, id=5004, stack(0x0000000035c60000,0x0000000035d60000)]
  0x000000001e365800 JavaThread "Cache worker for Build Output Cleanup Cache (E:\myfirstapp\ClientApp\android\.gradle\buildOutputCleanup)" [_thread_blocked, id=9428, stack(0x0000000035860000,0x0000000035960000)]
  0x000000001e368000 JavaThread "Build operations Thread 4" [_thread_blocked, id=9004, stack(0x0000000035760000,0x0000000035860000)]
  0x000000001cd35000 JavaThread "Build operations Thread 3" [_thread_blocked, id=10200, stack(0x0000000035660000,0x0000000035760000)]
  0x000000001cd34800 JavaThread "Build operations Thread 2" [_thread_blocked, id=3552, stack(0x0000000035560000,0x0000000035660000)]
  0x000000001cd30800 JavaThread "Build operations" [_thread_blocked, id=9792, stack(0x0000000035460000,0x0000000035560000)]
  0x000000001cd32000 JavaThread "Cache worker for cache directory md-rule (C:\Users\hp\.gradle\caches\5.5\md-rule)" [_thread_blocked, id=8304, stack(0x0000000035360000,0x0000000035460000)]
  0x000000001cd31800 JavaThread "Cache worker for cache directory md-supplier (C:\Users\hp\.gradle\caches\5.5\md-supplier)" [_thread_blocked, id=2012, stack(0x0000000035260000,0x0000000035360000)]
  0x000000001cd29000 JavaThread "Cache worker for file hash cache (E:\myfirstapp\ClientApp\android\.gradle\5.5\fileHashes)" [_thread_blocked, id=3332, stack(0x0000000035160000,0x0000000035260000)]
  0x000000001cd2e800 JavaThread "Thread-79" [_thread_blocked, id=10304, stack(0x0000000035060000,0x0000000035160000)]
  0x000000001cd30000 JavaThread "Stdin handler" [_thread_blocked, id=244, stack(0x0000000034f60000,0x0000000035060000)]
  0x000000001cd2d000 JavaThread "Asynchronous log dispatcher for DefaultDaemonConnection: socket connection from /127.0.0.1:51142 to /127.0.0.1:51510" [_thread_blocked, id=8648, stack(0x0000000034e60000,0x0000000034f60000)]
  0x000000001cd2a800 JavaThread "Daemon worker Thread 4" [_thread_blocked, id=9896, stack(0x0000000034d60000,0x0000000034e60000)]
  0x000000001cd28000 JavaThread "Cancel handler" [_thread_blocked, id=5684, stack(0x0000000034c60000,0x0000000034d60000)]
  0x000000001cd29800 JavaThread "Handler for socket connection from /127.0.0.1:51142 to /127.0.0.1:51510" [_thread_in_native, id=6992, stack(0x0000000034b60000,0x0000000034c60000)]
  0x000000001cd2d800 JavaThread "Daemon Thread 4" [_thread_blocked, id=10780, stack(0x0000000034a60000,0x0000000034b60000)]
  0x000000001cd2c000 JavaThread "Device List Monitor" [_thread_in_native, id=7504, stack(0x000000002e960000,0x000000002ea60000)]
  0x000000001cd2b000 JavaThread "Monitor" [_thread_in_native, id=4988, stack(0x000000002e560000,0x000000002e660000)]
  0x000000001cd2f000 JavaThread "Cache worker for Java compile cache (C:\Users\hp\.gradle\caches\5.5\javaCompile)" [_thread_blocked, id=4500, stack(0x0000000024050000,0x0000000024150000)]
  0x000000001a1c1000 JavaThread "Cache worker for file content cache (C:\Users\hp\.gradle\caches\5.5\fileContent)" [_thread_blocked, id=1944, stack(0x0000000021c40000,0x0000000021d40000)]
  0x000000001a1c2800 JavaThread "Memory manager" [_thread_blocked, id=4676, stack(0x0000000021b40000,0x0000000021c40000)]
  0x000000001745f800 JavaThread "Cache worker for execution history cache (C:\Users\hp\.gradle\caches\5.5\executionHistory)" [_thread_blocked, id=9696, stack(0x000000001e7c0000,0x000000001e8c0000)]
  0x0000000017460800 JavaThread "Cache worker for journal cache (C:\Users\hp\.gradle\caches\journal-1)" [_thread_blocked, id=4280, stack(0x0000000019090000,0x0000000019190000)]
  0x0000000017461000 JavaThread "File lock request listener" [_thread_in_native, id=10264, stack(0x0000000018f90000,0x0000000019090000)]
  0x0000000017463800 JavaThread "Cache worker for file hash cache (C:\Users\hp\.gradle\caches\5.5\fileHashes)" [_thread_blocked, id=2604, stack(0x0000000018e90000,0x0000000018f90000)]
  0x0000000017114800 JavaThread "Daemon periodic checks" [_thread_blocked, id=8792, stack(0x0000000018490000,0x0000000018590000)]
  0x00000000167b6000 JavaThread "Incoming local TCP Connector on port 51142" [_thread_in_native, id=1116, stack(0x0000000018250000,0x0000000018350000)]
  0x0000000017398800 JavaThread "Daemon health stats" [_thread_blocked, id=9400, stack(0x0000000017c10000,0x0000000017d10000)]
  0x0000000015e72800 JavaThread "Service Thread" daemon [_thread_blocked, id=9764, stack(0x0000000016240000,0x0000000016340000)]
  0x00000000144ec000 JavaThread "C1 CompilerThread2" daemon [_thread_blocked, id=8584, stack(0x0000000015d40000,0x0000000015e40000)]
=>0x00000000144e5000 JavaThread "C2 CompilerThread1" daemon [_thread_in_native, id=3456, stack(0x0000000015c40000,0x0000000015d40000)]
  0x00000000144e1800 JavaThread "C2 CompilerThread0" daemon [_thread_blocked, id=9576, stack(0x0000000015b40000,0x0000000015c40000)]
  0x00000000144df800 JavaThread "Attach Listener" daemon [_thread_blocked, id=8708, stack(0x0000000015a40000,0x0000000015b40000)]
  0x00000000144dc000 JavaThread "Signal Dispatcher" daemon [_thread_blocked, id=6900, stack(0x0000000015940000,0x0000000015a40000)]
  0x000000000316b800 JavaThread "Finalizer" daemon [_thread_blocked, id=1060, stack(0x0000000015740000,0x0000000015840000)]
  0x0000000003160800 JavaThread "Reference Handler" daemon [_thread_blocked, id=1048, stack(0x0000000015640000,0x0000000015740000)]
  0x000000000306e000 JavaThread "main" [_thread_blocked, id=5376, stack(0x0000000002f20000,0x0000000003020000)]

Other Threads:
  0x00000000144a8800 VMThread [stack: 0x0000000015540000,0x0000000015640000] [id=992]
  0x0000000015e7e000 WatcherThread [stack: 0x0000000016340000,0x0000000016440000] [id=1004]

VM state:at safepoint (normal execution)

VM Mutex/Monitor currently owned by a thread:  ([mutex/lock_event])
[0x000000000306d490] Safepoint_lock - owner thread: 0x00000000144a8800
[0x000000000306d110] Threads_lock - owner thread: 0x00000000144a8800

Heap:
 PSYoungGen      total 144896K, used 87191K [0x00000000f5580000, 0x0000000100000000, 0x0000000100000000)
  eden space 117760K, 56% used [0x00000000f5580000,0x00000000f970c8d8,0x00000000fc880000)
  from space 27136K, 73% used [0x00000000fc880000,0x00000000fdc193f0,0x00000000fe300000)
  to   space 29184K, 0% used [0x00000000fe380000,0x00000000fe380000,0x0000000100000000)
 ParOldGen       total 349696K, used 171356K [0x00000000e0000000, 0x00000000f5580000, 0x00000000f5580000)
  object space 349696K, 49% used [0x00000000e0000000,0x00000000ea757208,0x00000000f5580000)
 Metaspace       used 107751K, capacity 113632K, committed 113880K, reserved 1148928K
  class space    used 13487K, capacity 14748K, committed 14808K, reserved 1048576K

Card table byte_map: [0x0000000012530000,0x0000000012640000] byte_map_base: 0x0000000011e30000

Marking Bits: (ParMarkBitMap*) 0x0000000070ecb6d0
 Begin Bits: [0x0000000012a40000, 0x0000000013240000)
 End Bits:   [0x0000000013240000, 0x0000000013a40000)

Polling page: 0x0000000000df0000

CodeCache: size=245760Kb used=82922Kb max_used=82980Kb free=162838Kb
 bounds [0x0000000003170000, 0x0000000008330000, 0x0000000012170000]
 total_blobs=23967 nmethods=23040 adapters=835
 compilation: enabled

Compilation events (10 events):
Event: 3137.022 Thread 0x00000000144ec000 31069   !   3       com.android.builder.desugaring.DesugaringClassAnalyzer::analyzeJar (338 bytes)
Event: 3137.025 Thread 0x00000000144ec000 nmethod 31069 0x0000000005535110 code [0x0000000005535660, 0x0000000005538658]
Event: 3137.029 Thread 0x00000000144ec000 31070       3       com.android.builder.desugaring.TypePaths::add (43 bytes)
Event: 3137.030 Thread 0x00000000144ec000 nmethod 31070 0x000000000713a510 code [0x000000000713a7a0, 0x000000000713b7a8]
Event: 3137.030 Thread 0x00000000144ec000 31071       3       com.android.builder.desugaring.DesugaringData::getInternalName (13 bytes)
Event: 3137.030 Thread 0x00000000144ec000 nmethod 31071 0x00000000076c1650 code [0x00000000076c17e0, 0x00000000076c1b68]
Event: 3137.030 Thread 0x00000000144ec000 31072       3       com.android.builder.desugaring.TypeDependencies::add (46 bytes)
Event: 3137.031 Thread 0x00000000144ec000 nmethod 31072 0x0000000005828b50 code [0x0000000005828d40, 0x0000000005829608]
Event: 3137.033 Thread 0x00000000144e1800 31073       4       com.android.builder.desugaring.DesugaringData::getInternalName (13 bytes)
Event: 3137.034 Thread 0x00000000144e1800 nmethod 31073 0x000000000583aa90 code [0x000000000583abc0, 0x000000000583ac38]

GC Heap History (10 events):
Event: 2989.492 GC heap before
{Heap before GC invocations=110 (full 5):
 PSYoungGen      total 141312K, used 120496K [0x00000000f5580000, 0x00000000ffc00000, 0x0000000100000000)
  eden space 113152K, 100% used [0x00000000f5580000,0x00000000fc400000,0x00000000fc400000)
  from space 28160K, 26% used [0x00000000fe080000,0x00000000fe7ac030,0x00000000ffc00000)
  to   space 28672K, 0% used [0x00000000fc400000,0x00000000fc400000,0x00000000fe000000)
 ParOldGen       total 349696K, used 163755K [0x00000000e0000000, 0x00000000f5580000, 0x00000000f5580000)
  object space 349696K, 46% used [0x00000000e0000000,0x00000000e9fead80,0x00000000f5580000)
 Metaspace       used 107561K, capacity 113398K, committed 113624K, reserved 1148928K
  class space    used 13479K, capacity 14741K, committed 14808K, reserved 1048576K
Event: 2992.968 GC heap after
Heap after GC invocations=110 (full 5):
 PSYoungGen      total 141824K, used 15887K [0x00000000f5580000, 0x0000000100000000, 0x0000000100000000)
  eden space 113152K, 0% used [0x00000000f5580000,0x00000000f5580000,0x00000000fc400000)
  from space 28672K, 55% used [0x00000000fc400000,0x00000000fd383d88,0x00000000fe000000)
  to   space 29184K, 0% used [0x00000000fe380000,0x00000000fe380000,0x0000000100000000)
 ParOldGen       total 349696K, used 164938K [0x00000000e0000000, 0x00000000f5580000, 0x00000000f5580000)
  object space 349696K, 47% used [0x00000000e0000000,0x00000000ea112ab8,0x00000000f5580000)
 Metaspace       used 107561K, capacity 113398K, committed 113624K, reserved 1148928K
  class space    used 13479K, capacity 14741K, committed 14808K, reserved 1048576K
}
Event: 3043.023 GC heap before
{Heap before GC invocations=111 (full 5):
 PSYoungGen      total 141824K, used 129039K [0x00000000f5580000, 0x0000000100000000, 0x0000000100000000)
  eden space 113152K, 100% used [0x00000000f5580000,0x00000000fc400000,0x00000000fc400000)
  from space 28672K, 55% used [0x00000000fc400000,0x00000000fd383d88,0x00000000fe000000)
  to   space 29184K, 0% used [0x00000000fe380000,0x00000000fe380000,0x0000000100000000)
 ParOldGen       total 349696K, used 164938K [0x00000000e0000000, 0x00000000f5580000, 0x00000000f5580000)
  object space 349696K, 47% used [0x00000000e0000000,0x00000000ea112ab8,0x00000000f5580000)
 Metaspace       used 107606K, capacity 113462K, committed 113624K, reserved 1148928K
  class space    used 13479K, capacity 14741K, committed 14808K, reserved 1048576K
Event: 3043.465 GC heap after
Heap after GC invocations=111 (full 5):
 PSYoungGen      total 145408K, used 1632K [0x00000000f5580000, 0x00000000fff80000, 0x0000000100000000)
  eden space 116736K, 0% used [0x00000000f5580000,0x00000000f5580000,0x00000000fc780000)
  from space 28672K, 5% used [0x00000000fe380000,0x00000000fe518040,0x00000000fff80000)
  to   space 28672K, 0% used [0x00000000fc780000,0x00000000fc780000,0x00000000fe380000)
 ParOldGen       total 349696K, used 166545K [0x00000000e0000000, 0x00000000f5580000, 0x00000000f5580000)
  object space 349696K, 47% used [0x00000000e0000000,0x00000000ea2a47e0,0x00000000f5580000)
 Metaspace       used 107606K, capacity 113462K, committed 113624K, reserved 1148928K
  class space    used 13479K, capacity 14741K, committed 14808K, reserved 1048576K
}
Event: 3110.605 GC heap before
{Heap before GC invocations=112 (full 5):
 PSYoungGen      total 145408K, used 117647K [0x00000000f5580000, 0x00000000fff80000, 0x0000000100000000)
  eden space 116736K, 99% used [0x00000000f5580000,0x00000000fc6cbf98,0x00000000fc780000)
  from space 28672K, 5% used [0x00000000fe380000,0x00000000fe518040,0x00000000fff80000)
  to   space 28672K, 0% used [0x00000000fc780000,0x00000000fc780000,0x00000000fe380000)
 ParOldGen       total 349696K, used 166545K [0x00000000e0000000, 0x00000000f5580000, 0x00000000f5580000)
  object space 349696K, 47% used [0x00000000e0000000,0x00000000ea2a47e0,0x00000000f5580000)
 Metaspace       used 107634K, capacity 113462K, committed 113624K, reserved 1148928K
  class space    used 13479K, capacity 14741K, committed 14808K, reserved 1048576K
Event: 3110.833 GC heap after
Heap after GC invocations=112 (full 5):
 PSYoungGen      total 145408K, used 13999K [0x00000000f5580000, 0x00000000fff00000, 0x0000000100000000)
  eden space 116736K, 0% used [0x00000000f5580000,0x00000000f5580000,0x00000000fc780000)
  from space 28672K, 48% used [0x00000000fc780000,0x00000000fd52bd80,0x00000000fe380000)
  to   space 28160K, 0% used [0x00000000fe380000,0x00000000fe380000,0x00000000fff00000)
 ParOldGen       total 349696K, used 167232K [0x00000000e0000000, 0x00000000f5580000, 0x00000000f5580000)
  object space 349696K, 47% used [0x00000000e0000000,0x00000000ea350370,0x00000000f5580000)
 Metaspace       used 107634K, capacity 113462K, committed 113624K, reserved 1148928K
  class space    used 13479K, capacity 14741K, committed 14808K, reserved 1048576K
}
Event: 3134.171 GC heap before
{Heap before GC invocations=113 (full 5):
 PSYoungGen      total 145408K, used 130735K [0x00000000f5580000, 0x00000000fff00000, 0x0000000100000000)
  eden space 116736K, 100% used [0x00000000f5580000,0x00000000fc780000,0x00000000fc780000)
  from space 28672K, 48% used [0x00000000fc780000,0x00000000fd52bd80,0x00000000fe380000)
  to   space 28160K, 0% used [0x00000000fe380000,0x00000000fe380000,0x00000000fff00000)
 ParOldGen       total 349696K, used 167232K [0x00000000e0000000, 0x00000000f5580000, 0x00000000f5580000)
  object space 349696K, 47% used [0x00000000e0000000,0x00000000ea350370,0x00000000f5580000)
 Metaspace       used 107744K, capacity 113632K, committed 113880K, reserved 1148928K
  class space    used 13487K, capacity 14748K, committed 14808K, reserved 1048576K
Event: 3134.305 GC heap after
Heap after GC invocations=113 (full 5):
 PSYoungGen      total 144384K, used 6984K [0x00000000f5580000, 0x00000000ffd80000, 0x0000000100000000)
  eden space 117760K, 0% used [0x00000000f5580000,0x00000000f5580000,0x00000000fc880000)
  from space 26624K, 26% used [0x00000000fe380000,0x00000000fea52220,0x00000000ffd80000)
  to   space 27136K, 0% used [0x00000000fc880000,0x00000000fc880000,0x00000000fe300000)
 ParOldGen       total 349696K, used 167604K [0x00000000e0000000, 0x00000000f5580000, 0x00000000f5580000)
  object space 349696K, 47% used [0x00000000e0000000,0x00000000ea3ad3a8,0x00000000f5580000)
 Metaspace       used 107744K, capacity 113632K, committed 113880K, reserved 1148928K
  class space    used 13487K, capacity 14748K, committed 14808K, reserved 1048576K
}
Event: 3135.779 GC heap before
{Heap before GC invocations=114 (full 5):
 PSYoungGen      total 144384K, used 124744K [0x00000000f5580000, 0x00000000ffd80000, 0x0000000100000000)
  eden space 117760K, 100% used [0x00000000f5580000,0x00000000fc880000,0x00000000fc880000)
  from space 26624K, 26% used [0x00000000fe380000,0x00000000fea52220,0x00000000ffd80000)
  to   space 27136K, 0% used [0x00000000fc880000,0x00000000fc880000,0x00000000fe300000)
 ParOldGen       total 349696K, used 167604K [0x00000000e0000000, 0x00000000f5580000, 0x00000000f5580000)
  object space 349696K, 47% used [0x00000000e0000000,0x00000000ea3ad3a8,0x00000000f5580000)
 Metaspace       used 107748K, capacity 113632K, committed 113880K, reserved 1148928K
  class space    used 13487K, capacity 14748K, committed 14808K, reserved 1048576K
Event: 3136.905 GC heap after
Heap after GC invocations=114 (full 5):
 PSYoungGen      total 144896K, used 20068K [0x00000000f5580000, 0x0000000100000000, 0x0000000100000000)
  eden space 117760K, 0% used [0x00000000f5580000,0x00000000f5580000,0x00000000fc880000)
  from space 27136K, 73% used [0x00000000fc880000,0x00000000fdc193f0,0x00000000fe300000)
  to   space 29184K, 0% used [0x00000000fe380000,0x00000000fe380000,0x0000000100000000)
 ParOldGen       total 349696K, used 171356K [0x00000000e0000000, 0x00000000f5580000, 0x00000000f5580000)
  object space 349696K, 49% used [0x00000000e0000000,0x00000000ea757208,0x00000000f5580000)
 Metaspace       used 107748K, capacity 113632K, committed 113880K, reserved 1148928K
  class space    used 13487K, capacity 14748K, committed 14808K, reserved 1048576K
}

Deoptimization events (10 events):
Event: 3042.384 Thread 0x000000001e366800 Uncommon trap: reason=class_check action=maybe_recompile pc=0x0000000008284100 method=com.sun.org.apache.xerces.internal.dom.NamedNodeMapImpl.getNamedItem(Ljava/lang/String;)Lorg/w3c/dom/Node; @ 28
Event: 3085.879 Thread 0x000000001e366800 Uncommon trap: reason=class_check action=maybe_recompile pc=0x00000000070e4798 method=com.google.common.collect.AbstractListMultimap.get(Ljava/lang/Object;)Ljava/util/List; @ 5
Event: 3085.879 Thread 0x000000001e366800 Uncommon trap: reason=class_check action=maybe_recompile pc=0x00000000070e4798 method=com.google.common.collect.AbstractListMultimap.get(Ljava/lang/Object;)Ljava/util/List; @ 5
Event: 3085.879 Thread 0x000000001e366800 Uncommon trap: reason=class_check action=maybe_recompile pc=0x00000000070e4798 method=com.google.common.collect.AbstractListMultimap.get(Ljava/lang/Object;)Ljava/util/List; @ 5
Event: 3085.879 Thread 0x000000001e366800 Uncommon trap: reason=class_check action=maybe_recompile pc=0x00000000070e4798 method=com.google.common.collect.AbstractListMultimap.get(Ljava/lang/Object;)Ljava/util/List; @ 5
Event: 3103.115 Thread 0x000000001e366800 Uncommon trap: reason=unstable_if action=reinterpret pc=0x0000000007efffe8 method=com.sun.tools.javac.parser.JavaTokenizer$BasicComment.scanDocComment()V @ 295
Event: 3103.115 Thread 0x000000001e366800 Uncommon trap: reason=unstable_if action=reinterpret pc=0x0000000007eefde0 method=com.sun.tools.javac.parser.Tokens$Token.deprecatedFlag()Z @ 36
Event: 3103.115 Thread 0x000000001e366800 Uncommon trap: reason=unstable_if action=reinterpret pc=0x00000000040c5e88 method=com.sun.tools.javac.parser.Tokens$Token.deprecatedFlag()Z @ 36
Event: 3135.017 Thread 0x000000001a1c5000 Uncommon trap: reason=class_check action=maybe_recompile pc=0x000000000530600c method=org.objectweb.asm.ClassReader.readCode(Lorg/objectweb/asm/MethodVisitor;Lorg/objectweb/asm/Context;I)V @ 2120
Event: 3135.045 Thread 0x000000001a1c5000 Uncommon trap: reason=class_check action=maybe_recompile pc=0x000000000530600c method=org.objectweb.asm.ClassReader.readCode(Lorg/objectweb/asm/MethodVisitor;Lorg/objectweb/asm/Context;I)V @ 2120

Internal exceptions (10 events):
Event: 3122.058 Thread 0x000000001e366800 Exception <a 'sun/nio/fs/WindowsException'> (0x00000000fb7bee18) thrown at [C:\re\workspace\8-2-build-windows-amd64-cygwin\jdk8u121\8372\hotspot\src\share\vm\prims\jni.cpp, line 709]
Event: 3122.328 Thread 0x000000001e366800 Exception <a 'sun/nio/fs/WindowsException'> (0x00000000fb814680) thrown at [C:\re\workspace\8-2-build-windows-amd64-cygwin\jdk8u121\8372\hotspot\src\share\vm\prims\jni.cpp, line 709]
Event: 3122.329 Thread 0x000000001e366800 Exception <a 'sun/nio/fs/WindowsException'> (0x00000000fb818330) thrown at [C:\re\workspace\8-2-build-windows-amd64-cygwin\jdk8u121\8372\hotspot\src\share\vm\prims\jni.cpp, line 709]
Event: 3125.222 Thread 0x000000001e366800 Exception <a 'sun/nio/fs/WindowsException'> (0x00000000fba54778) thrown at [C:\re\workspace\8-2-build-windows-amd64-cygwin\jdk8u121\8372\hotspot\src\share\vm\prims\jni.cpp, line 709]
Event: 3125.222 Thread 0x000000001e366800 Exception <a 'sun/nio/fs/WindowsException'> (0x00000000fba584c8) thrown at [C:\re\workspace\8-2-build-windows-amd64-cygwin\jdk8u121\8372\hotspot\src\share\vm\prims\jni.cpp, line 709]
Event: 3125.725 Thread 0x000000001e366800 Exception <a 'sun/nio/fs/WindowsException'> (0x00000000fbaeb018) thrown at [C:\re\workspace\8-2-build-windows-amd64-cygwin\jdk8u121\8372\hotspot\src\share\vm\prims\jni.cpp, line 709]
Event: 3125.725 Thread 0x000000001e366800 Exception <a 'sun/nio/fs/WindowsException'> (0x00000000fbaeeca8) thrown at [C:\re\workspace\8-2-build-windows-amd64-cygwin\jdk8u121\8372\hotspot\src\share\vm\prims\jni.cpp, line 709]
Event: 3129.028 Thread 0x000000001e366800 Exception <a 'sun/nio/fs/WindowsException'> (0x00000000fbbd77b8) thrown at [C:\re\workspace\8-2-build-windows-amd64-cygwin\jdk8u121\8372\hotspot\src\share\vm\prims\jni.cpp, line 709]
Event: 3129.028 Thread 0x000000001e366800 Exception <a 'sun/nio/fs/WindowsException'> (0x00000000fbbdb880) thrown at [C:\re\workspace\8-2-build-windows-amd64-cygwin\jdk8u121\8372\hotspot\src\share\vm\prims\jni.cpp, line 709]
Event: 3135.651 Thread 0x000000001a1c3800 Exception <a 'sun/nio/fs/WindowsException'> (0x00000000fc379170) thrown at [C:\re\workspace\8-2-build-windows-amd64-cygwin\jdk8u121\8372\hotspot\src\share\vm\prims\jni.cpp, line 709]

Events (10 events):
Event: 3135.017 Thread 0x000000001a1c5000 Uncommon trap: trap_request=0xffffffde fr.pc=0x000000000530600c
Event: 3135.018 Thread 0x000000001a1c5000 DEOPT PACKING pc=0x000000000530600c sp=0x000000003715e6c0
Event: 3135.044 Thread 0x000000001a1c5000 DEOPT UNPACKING pc=0x00000000031b582a sp=0x000000003715e650 mode 2
Event: 3135.045 Thread 0x000000001a1c5000 Uncommon trap: trap_request=0xffffffde fr.pc=0x000000000530600c
Event: 3135.045 Thread 0x000000001a1c5000 DEOPT PACKING pc=0x000000000530600c sp=0x000000003715e6c0
Event: 3135.045 Thread 0x000000001a1c5000 DEOPT UNPACKING pc=0x00000000031b582a sp=0x000000003715e650 mode 2
Event: 3135.675 Executing VM operation: ParallelGCFailedAllocation
Event: 3136.905 Executing VM operation: ParallelGCFailedAllocation done
Event: 3136.914 Thread 0x0000000003160800 DEOPT PACKING pc=0x00000000066d6c85 sp=0x000000001573f010
Event: 3136.914 Thread 0x0000000003160800 DEOPT UNPACKING pc=0x00000000031b787f sp=0x000000001573ed60 mode 0


Dynamic libraries:
0x00007ff64f0b0000 - 0x00007ff64f0e7000 	C:\Program Files\Java\jdk1.8.0_121\bin\java.exe
0x00007ffdc3bc0000 - 0x00007ffdc3dad000 	C:\WINDOWS\SYSTEM32\ntdll.dll
0x00007ffdc0df0000 - 0x00007ffdc0ea3000 	C:\WINDOWS\System32\KERNEL32.DLL
0x00007ffdc0ae0000 - 0x00007ffdc0d73000 	C:\WINDOWS\System32\KERNELBASE.dll
0x00007ffdc3640000 - 0x00007ffdc36e3000 	C:\WINDOWS\System32\ADVAPI32.dll
0x00007ffdc18e0000 - 0x00007ffdc197e000 	C:\WINDOWS\System32\msvcrt.dll
0x00007ffdc3330000 - 0x00007ffdc33ce000 	C:\WINDOWS\System32\sechost.dll
0x00007ffdc3510000 - 0x00007ffdc3632000 	C:\WINDOWS\System32\RPCRT4.dll
0x00007ffdc12c0000 - 0x00007ffdc1457000 	C:\WINDOWS\System32\USER32.dll
0x00007ffdbfdb0000 - 0x00007ffdbfdd0000 	C:\WINDOWS\System32\win32u.dll
0x00007ffdc3890000 - 0x00007ffdc38b9000 	C:\WINDOWS\System32\GDI32.dll
0x00007ffdc08a0000 - 0x00007ffdc0a39000 	C:\WINDOWS\System32\gdi32full.dll
0x00007ffdc0a40000 - 0x00007ffdc0ae0000 	C:\WINDOWS\System32\msvcp_win.dll
0x00007ffdc05c0000 - 0x00007ffdc06ba000 	C:\WINDOWS\System32\ucrtbase.dll
0x00007ffdb8a10000 - 0x00007ffdb8c89000 	C:\WINDOWS\WinSxS\amd64_microsoft.windows.common-controls_6595b64144ccf1df_6.0.17763.1098_none_de762ed45346ee8a\COMCTL32.dll
0x00007ffdc19f0000 - 0x00007ffdc1d1c000 	C:\WINDOWS\System32\combase.dll
0x00007ffdc0520000 - 0x00007ffdc059e000 	C:\WINDOWS\System32\bcryptPrimitives.dll
0x00007ffdc3750000 - 0x00007ffdc377e000 	C:\WINDOWS\System32\IMM32.DLL
0x0000000070f50000 - 0x0000000071022000 	C:\Program Files\Java\jdk1.8.0_121\jre\bin\msvcr100.dll
0x00000000706b0000 - 0x0000000070f4b000 	C:\Program Files\Java\jdk1.8.0_121\jre\bin\server\jvm.dll
0x00007ffdc0de0000 - 0x00007ffdc0de8000 	C:\WINDOWS\System32\PSAPI.DLL
0x00007ffdbcc20000 - 0x00007ffdbcc44000 	C:\WINDOWS\SYSTEM32\WINMM.dll
0x00007ffdbe5f0000 - 0x00007ffdbe5f9000 	C:\WINDOWS\SYSTEM32\WSOCK32.dll
0x00007ffdbb350000 - 0x00007ffdbb35a000 	C:\WINDOWS\SYSTEM32\VERSION.dll
0x00007ffdc34a0000 - 0x00007ffdc350d000 	C:\WINDOWS\System32\WS2_32.dll
0x00007ffdbcbf0000 - 0x00007ffdbcc1d000 	C:\WINDOWS\SYSTEM32\WINMMBASE.dll
0x00007ffdbfcb0000 - 0x00007ffdbfcfa000 	C:\WINDOWS\System32\cfgmgr32.dll
0x00000000706a0000 - 0x00000000706af000 	C:\Program Files\Java\jdk1.8.0_121\jre\bin\verify.dll
0x0000000070670000 - 0x0000000070699000 	C:\Program Files\Java\jdk1.8.0_121\jre\bin\java.dll
0x0000000070650000 - 0x0000000070666000 	C:\Program Files\Java\jdk1.8.0_121\jre\bin\zip.dll
0x00007ffdc1e10000 - 0x00007ffdc3304000 	C:\WINDOWS\System32\SHELL32.dll
0x00007ffdc1190000 - 0x00007ffdc1238000 	C:\WINDOWS\System32\shcore.dll
0x00007ffdbfdd0000 - 0x00007ffdc051d000 	C:\WINDOWS\System32\windows.storage.dll
0x00007ffdbfbd0000 - 0x00007ffdbfbf4000 	C:\WINDOWS\System32\profapi.dll
0x00007ffdbfc00000 - 0x00007ffdbfc5d000 	C:\WINDOWS\System32\powrprof.dll
0x00007ffdc3830000 - 0x00007ffdc3882000 	C:\WINDOWS\System32\shlwapi.dll
0x00007ffdbfbb0000 - 0x00007ffdbfbc1000 	C:\WINDOWS\System32\kernel.appcore.dll
0x00007ffdc05a0000 - 0x00007ffdc05b7000 	C:\WINDOWS\System32\cryptsp.dll
0x0000000070630000 - 0x000000007064a000 	C:\Program Files\Java\jdk1.8.0_121\jre\bin\net.dll
0x00007ffdbf420000 - 0x00007ffdbf487000 	C:\WINDOWS\system32\mswsock.dll
0x0000000070610000 - 0x0000000070621000 	C:\Program Files\Java\jdk1.8.0_121\jre\bin\nio.dll
0x00007ffdbc350000 - 0x00007ffdbc376000 	C:\Users\hp\.gradle\native\29\windows-amd64\native-platform.dll
0x0000000070600000 - 0x000000007060d000 	C:\Program Files\Java\jdk1.8.0_121\jre\bin\management.dll
0x00007ffdbefa0000 - 0x00007ffdbefd3000 	C:\WINDOWS\system32\rsaenh.dll
0x00007ffdbfc80000 - 0x00007ffdbfca6000 	C:\WINDOWS\System32\bcrypt.dll
0x00007ffdbfab0000 - 0x00007ffdbfad8000 	C:\WINDOWS\SYSTEM32\USERENV.dll
0x00007ffdbf5f0000 - 0x00007ffdbf5fc000 	C:\WINDOWS\SYSTEM32\CRYPTBASE.dll
0x00007ffdbf140000 - 0x00007ffdbf17d000 	C:\WINDOWS\SYSTEM32\IPHLPAPI.DLL
0x00007ffdc1d20000 - 0x00007ffdc1d28000 	C:\WINDOWS\System32\NSI.dll
0x00007ffdbac20000 - 0x00007ffdbac36000 	C:\WINDOWS\SYSTEM32\dhcpcsvc6.DLL
0x00007ffdbac60000 - 0x00007ffdbac7c000 	C:\WINDOWS\SYSTEM32\dhcpcsvc.DLL
0x00007ffdbf180000 - 0x00007ffdbf246000 	C:\WINDOWS\SYSTEM32\DNSAPI.dll
0x00000000705d0000 - 0x00000000705f4000 	C:\Program Files\Java\jdk1.8.0_121\jre\bin\sunec.dll
0x00007ffdb7830000 - 0x00007ffdb783a000 	C:\Windows\System32\rasadhlp.dll
0x00007ffdb9e90000 - 0x00007ffdb9f09000 	C:\WINDOWS\System32\fwpuclnt.dll
0x00000000705c0000 - 0x00000000705cb000 	C:\Program Files\Java\jdk1.8.0_121\jre\bin\sunmscapi.dll
0x00007ffdc06c0000 - 0x00007ffdc089c000 	C:\WINDOWS\System32\CRYPT32.dll
0x00007ffdbfc60000 - 0x00007ffdbfc72000 	C:\WINDOWS\System32\MSASN1.dll

VM Arguments:
jvm_args: -XX:MaxMetaspaceSize=256m -XX:+HeapDumpOnOutOfMemoryError -Xms256m -Xmx512m -Dfile.encoding=windows-1252 -Duser.country=US -Duser.language=en -Duser.variant 
java_command: org.gradle.launcher.daemon.bootstrap.GradleDaemon 5.5
java_class_path (initial): C:\Users\hp\.gradle\wrapper\dists\gradle-5.5-all\byeise1led9a3w3p149d02kfj\gradle-5.5\lib\gradle-launcher-5.5.jar
Launcher Type: SUN_STANDARD

Environment Variables:
CLASSPATH=E:\myfirstapp\ClientApp\android\\gradle\wrapper\gradle-wrapper.jar
PATH=E:\myfirstapp\ClientApp\node_modules\.bin;C:\Program Files\Python37\Scripts\;C:\Program Files\Python37\;C:\Program Files\Java\jdk1.8.0_121\bin;C:\WINDOWS\system32;C:\WINDOWS;C:\WINDOWS\System32\Wbem;C:\WINDOWS\System32\WindowsPowerShell\v1.0\;C:\Program Files\gnuplot\bin;E:\matlab\runtime\win64;E:\matlab\bin;C:\WINDOWS\System32\OpenSSH\;C:\Program Files (x86)\Microsoft SQL Server\Client SDK\ODBC\130\Tools\Binn\;C:\Program Files (x86)\Microsoft SQL Server\140\Tools\Binn\;C:\Program Files (x86)\Microsoft SQL Server\140\DTS\Binn\;C:\Program Files (x86)\Microsoft SQL Server\140\Tools\Binn\ManagementStudio\;C:\Program Files\Microsoft SQL Server\120\Tools\Binn\;C:\Program Files\Microsoft SQL Server\Client SDK\ODBC\110\Tools\Binn\;C:\Program Files (x86)\Microsoft SQL Server\120\Tools\Binn\;C:\Program Files\Microsoft SQL Server\120\DTS\Binn\;C:\Program Files\Microsoft SQL Server\Client SDK\ODBC\130\Tools\Binn\;C:\Program Files\Microsoft SQL Server\140\Tools\Binn\;C:\Program Files\Microsoft SQL Server\140\DTS\Binn\;C:\Program Files\Microsoft SQL Server\130\Tools\Binn\;C:\Users\hp\AppDa;E:\opencv\build\x64\vc15\bin;E:\opencv\build\x64\vc15\bin;E:\opencv\build\bin;C:\Program Files\nodejs\;E:\Android\Sdk\platform-tools;E:\anaconda;E:\anaconda\Library\mingw-w64\bin;E:\anaconda\Library\usr\bin;E:\anaconda\Library\bin;E:\anaconda\Scripts;C:\Users\hp\AppData\Local\Programs\Python\Python37-32\Scripts\;C:\Users\hp\AppData\Local\Programs\Python\Python37-32\;C:\Program Files\Java\jdk1.8.0_121\bin;C:\Users\hp\AppData\Local\Microsoft\WindowsApps;C:\Program Files\JetBrains\PyCharm Edu 2019.2.1\bin;;C:\Users\hp\AppData\Roaming\npm;E:\Android\Sdk\platform-tools;
USERNAME=hp
OS=Windows_NT
PROCESSOR_IDENTIFIER=Intel64 Family 6 Model 142 Stepping 9, GenuineIntel



---------------  S Y S T E M  ---------------

OS: Windows 10.0 , 64 bit Build 17763 (10.0.17763.475)

CPU:total 4 (2 cores per cpu, 2 threads per core) family 6 model 142 stepping 9, cmov, cx8, fxsr, mmx, sse, sse2, sse3, ssse3, sse4.1, sse4.2, popcnt, avx, avx2, aes, clmul, erms, 3dnowpref, lzcnt, ht, tsc, tscinvbit, bmi1, bmi2, adx

Memory: 4k page, physical 4109540k(459364k free), swap 6594208k(9560k free)

vm_info: Java HotSpot(TM) 64-Bit Server VM (25.121-b13) for windows-amd64 JRE (1.8.0_121-b13), built on Dec 12 2016 18:21:36 by "java_re" with MS VC++ 10.0 (VS2010)

time: Wed Mar 18 00:55:00 2020
elapsed time: 3138 seconds (0d 0h 52m 18s)

